5.3847 	DEBUG 	Fullscreen settings ignored as running in pilot mode.
5.3858 	INFO 	Loaded monitor calibration from ['2025_01_27 21:32']
5.6276 	EXP 	Created window1 = Window(allowGUI=False, allowStencil=False, autoLog=True, backendConf=UNKNOWN, backgroundFit=<method-wrapper '__getattribute__' of attributeSetter object at 0x000001F9025ACA30>, backgroundImage=<method-wrapper '__getattribute__' of attributeSetter object at 0x000001F9025ACA90>, bitsMode=UNKNOWN, blendMode='avg', bpc=(8, 8, 8), color=array([0, 0, 0]), colorSpace='rgb', depthBits=8, fullscr=False, gamma=None, gammaErrorPolicy='raise', infoMsg=UNKNOWN, lms=UNKNOWN, monitor=<psychopy.monitors.calibTools.Monitor object at 0x000001F90266BF10>, multiSample=False, name='window1', numSamples=2, pos=[560.0, 300.0], screen=0, size=array([800, 600]), stencilBits=0, stereo=False, title='PsychoPy', units='height', useFBO=True, useRetina=False, viewOri=0.0, viewPos=None, viewScale=None, waitBlanking=True, winType='pyglet')
5.6276 	EXP 	window1: backgroundImage = ''
5.6276 	EXP 	window1: backgroundFit = 'none'
5.6353 	DEBUG 	TextBox2 loaded 1 chars with 0 blanks and 1 valid
5.6360 	DEBUG 	TextBox2 loaded 1 chars with 0 blanks and 1 valid
5.6367 	DEBUG 	TextBox2 loaded 1 chars with 0 blanks and 1 valid
5.6376 	DEBUG 	TextBox2 loaded 1 chars with 0 blanks and 1 valid
5.6384 	DEBUG 	TextBox2 loaded 1 chars with 0 blanks and 1 valid
5.6389 	DEBUG 	TextBox2 loaded 1 chars with 0 blanks and 1 valid
5.6398 	DEBUG 	TextBox2 loaded 1 chars with 0 blanks and 1 valid
5.6412 	DEBUG 	TextBox2 loaded 1 chars with 0 blanks and 1 valid
5.6417 	DEBUG 	TextBox2 loaded 1 chars with 0 blanks and 1 valid
5.6422 	DEBUG 	TextBox2 loaded 1 chars with 0 blanks and 1 valid
5.6433 	DEBUG 	TextBox2 loaded 1 chars with 0 blanks and 1 valid
5.6444 	DEBUG 	TextBox2 loaded 1 chars with 0 blanks and 1 valid
5.6454 	DEBUG 	TextBox2 loaded 1 chars with 0 blanks and 1 valid
5.6466 	DEBUG 	TextBox2 loaded 1 chars with 0 blanks and 1 valid
5.6475 	DEBUG 	TextBox2 loaded 1 chars with 0 blanks and 1 valid
5.6486 	DEBUG 	TextBox2 loaded 1 chars with 0 blanks and 1 valid
5.6497 	DEBUG 	TextBox2 loaded 1 chars with 0 blanks and 1 valid
5.6502 	DEBUG 	TextBox2 loaded 1 chars with 0 blanks and 1 valid
5.6507 	DEBUG 	TextBox2 loaded 1 chars with 0 blanks and 1 valid
5.6516 	DEBUG 	TextBox2 loaded 1 chars with 0 blanks and 1 valid
5.6520 	DEBUG 	TextBox2 loaded 1 chars with 0 blanks and 1 valid
5.6524 	DEBUG 	Uploading Texture Font fontname to graphics card
5.6582 	DEBUG 	Upload of Texture Font fontname complete
5.6648 	DEBUG 	TextBox2 loaded 1 chars with 0 blanks and 1 valid
5.6664 	DEBUG 	TextBox2 loaded 1 chars with 0 blanks and 1 valid
5.6678 	DEBUG 	TextBox2 loaded 1 chars with 0 blanks and 1 valid
5.6682 	DEBUG 	Uploading Texture Font fontname to graphics card
5.6734 	DEBUG 	Upload of Texture Font fontname complete
5.6752 	EXP 	window1: Attempting to measure frame rate of screen (0) ...
5.6753 	EXP 	window1: recordFrameIntervals = False
5.8507 	EXP 	window1: recordFrameIntervals = True
6.0370 	EXP 	Screen (0) actual frame rate measured at 58.98Hz
6.0370 	EXP 	window1: recordFrameIntervals = False
6.0428 	DEBUG 	TextBox2 loaded 1 chars with 0 blanks and 1 valid
6.0433 	DEBUG 	TextBox2 loaded 1 chars with 0 blanks and 1 valid
6.0442 	DEBUG 	TextBox2 loaded 1 chars with 0 blanks and 1 valid
6.0452 	DEBUG 	TextBox2 loaded 1 chars with 0 blanks and 1 valid
6.0462 	DEBUG 	TextBox2 loaded 1 chars with 0 blanks and 1 valid
6.0471 	DEBUG 	TextBox2 loaded 1 chars with 0 blanks and 1 valid
6.0476 	DEBUG 	TextBox2 loaded 1 chars with 0 blanks and 1 valid
6.0484 	DEBUG 	TextBox2 loaded 1 chars with 0 blanks and 1 valid
6.0494 	DEBUG 	TextBox2 loaded 1 chars with 0 blanks and 1 valid
6.0503 	DEBUG 	TextBox2 loaded 1 chars with 0 blanks and 1 valid
6.0506 	DEBUG 	Uploading Texture Font fontname to graphics card
6.0510 	DEBUG 	Upload of Texture Font fontname complete
6.0623 	WARNING 	launchHubServer: If using the iohub mouse or eyetracker devices, fullScr should be True.
8.8600 	INFO 	keyboard.Keyboard is using iohub backend.
8.8601 	INFO 	keyboard.Keyboard is using iohub backend.
8.8601 	EXP 	experiment: status = STARTED
8.9916 	EXP 	Created learningInstructions = TextStim(__class__=<class 'psychopy.visual.text.TextStim'>, alignHoriz=method-wrapper(...), alignText='center', alignVert=method-wrapper(...), anchorHoriz='center', anchorVert='center', antialias=True, autoDraw=False, autoLog=True, bold=False, color=array([1., 1., 1.]), colorSpace='rgb', contrast=1.0, depth=0.0, draggable=False, flipHoriz=False, flipVert=False, font='Arial', fontFiles=[], height=0.05, italic=False, languageStyle='LTR', name='learningInstructions', opacity=1, ori=0.0, pos=array([0., 0.]), rgb=UNKNOWN, text=str(...), units='height', win=Window(...), wrapWidth=1)
0.0743 	DEBUG 	Saving data for experiment ExperimentHandler
0.0754 	INFO 	saved data to C:\Users\flani\Experiment\data/002857_experiment_2025-01-28_20h35.38.919.psydat
0.0765 	INFO 	saved data to 'C:\\Users\\flani\\Experiment\\data/002857_experiment_2025-01-28_20h35.38.919.csv'
