5.8694 	INFO 	Loaded monitor calibration from ['2025_01_27 21:32']
5.8762 	WARNING 	User requested fullscreen with size [1024  768], but screen is actually [1920, 1200]. Using actual size
6.2012 	EXP 	Created window1 = Window(allowGUI=False, allowStencil=False, autoLog=True, backendConf=UNKNOWN, backgroundFit=<method-wrapper '__getattribute__' of attributeSetter object at 0x000001832D48F910>, backgroundImage=<method-wrapper '__getattribute__' of attributeSetter object at 0x000001832D48F970>, bitsMode=UNKNOWN, blendMode='avg', bpc=(8, 8, 8), color=array([0, 0, 0]), colorSpace='rgb', depthBits=8, fullscr=True, gamma=None, gammaErrorPolicy='raise', infoMsg=UNKNOWN, lms=UNKNOWN, monitor=<psychopy.monitors.calibTools.Monitor object at 0x000001832D551A20>, multiSample=False, name='window1', numSamples=2, pos=[0.0, 0.0], screen=0, size=array([1920, 1200]), stencilBits=0, stereo=False, title='PsychoPy', units='height', useFBO=True, useRetina=False, viewOri=0.0, viewPos=None, viewScale=None, waitBlanking=True, winType='pyglet')
6.2013 	EXP 	window1: backgroundImage = ''
6.2013 	EXP 	window1: backgroundFit = 'none'
6.2525 	EXP 	window1: Attempting to measure frame rate of screen (0) ...
6.2526 	EXP 	window1: recordFrameIntervals = False
6.4187 	EXP 	window1: recordFrameIntervals = True
6.6028 	EXP 	Screen (0) actual frame rate measured at 59.91Hz
6.6029 	EXP 	window1: recordFrameIntervals = False
9.5175 	INFO 	keyboard.Keyboard is using iohub backend.
9.5176 	INFO 	keyboard.Keyboard is using iohub backend.
9.5176 	INFO 	keyboard.Keyboard is using iohub backend.
9.7021 	INFO 	keyboard.Keyboard is using iohub backend.
9.7022 	INFO 	keyboard.Keyboard is using iohub backend.
9.7022 	EXP 	experiment: status = STARTED
9.8072 	EXP 	Created learningInstructions = TextStim(__class__=<class 'psychopy.visual.text.TextStim'>, alignHoriz=method-wrapper(...), alignText='center', alignVert=method-wrapper(...), anchorHoriz='center', anchorVert='center', antialias=True, autoDraw=False, autoLog=True, bold=False, color=array([1., 1., 1.]), colorSpace='rgb', contrast=1.0, depth=0.0, draggable=False, flipHoriz=False, flipVert=False, font='Arial', fontFiles=[], height=0.05, italic=False, languageStyle='LTR', name='learningInstructions', opacity=1, ori=0.0, pos=array([0., 0.]), rgb=UNKNOWN, text=str(...), units='height', win=Window(...), wrapWidth=1)
9.9236 	EXP 	Created image = ImageStim(__class__=<class 'psychopy.visual.image.ImageStim'>, anchor=('center', 'center'), autoLog=True, color=array([1., 1., 1.]), colorSpace='rgb', contrast=1.0, depth=-1.0, draggable=False, flipHoriz=False, flipVert=False, image='test_stimuli/dog_img.jpg', interpolate=True, mask=None, maskParams=None, name='image', opacity=1, ori=0.0, pos=array([0.  , 0.25]), size=array([0.25, 0.25]), texRes=128.0, units='height', win=Window(...))
9.9262 	EXP 	Created text_left = TextStim(__class__=<class 'psychopy.visual.text.TextStim'>, alignHoriz=method-wrapper(...), alignText='center', alignVert=method-wrapper(...), anchorHoriz='center', anchorVert='center', antialias=True, autoDraw=False, autoLog=True, bold=False, color=array([1., 1., 1.]), colorSpace='rgb', contrast=1.0, depth=-2.0, draggable=False, flipHoriz=False, flipVert=False, font='Arial', fontFiles=[], height=0.05, italic=False, languageStyle='LTR', name='text_left', opacity=1, ori=0.0, pos=array([-0.25,  0.  ]), rgb=UNKNOWN, text="'dog'", units='height', win=Window(...), wrapWidth=1)
9.9301 	EXP 	Created text_right = TextStim(__class__=<class 'psychopy.visual.text.TextStim'>, alignHoriz=method-wrapper(...), alignText='center', alignVert=method-wrapper(...), anchorHoriz='center', anchorVert='center', antialias=True, autoDraw=False, autoLog=True, bold=False, color=array([1., 1., 1.]), colorSpace='rgb', contrast=1.0, depth=-3.0, draggable=False, flipHoriz=False, flipVert=False, font='Arial', fontFiles=[], height=0.05, italic=False, languageStyle='LTR', name='text_right', opacity=1, ori=0.0, pos=array([0.25, 0.  ]), rgb=UNKNOWN, text="'cat'", units='height', win=Window(...), wrapWidth=1)
10.2306 	EXP 	Sound correct set volume 1.000
10.2444 	EXP 	Created text = TextStim(__class__=<class 'psychopy.visual.text.TextStim'>, alignHoriz=method-wrapper(...), alignText='center', alignVert=method-wrapper(...), anchorHoriz='center', anchorVert='center', antialias=True, autoDraw=False, autoLog=True, bold=False, color=array([1., 1., 1.]), colorSpace='rgb', contrast=1.0, depth=0.0, draggable=False, flipHoriz=False, flipVert=False, font='Arial', fontFiles=[], height=0.05, italic=False, languageStyle='LTR', name='text', opacity=1, ori=0.0, pos=array([0., 0.]), rgb=UNKNOWN, text=str(...), units='height', win=Window(...), wrapWidth=1)
10.4787 	EXP 	Created test_image = ImageStim(__class__=<class 'psychopy.visual.image.ImageStim'>, anchor=('center', 'center'), autoLog=True, color=array([1., 1., 1.]), colorSpace='rgb', contrast=1.0, depth=-1.0, draggable=False, flipHoriz=False, flipVert=False, image='test_stimuli/cat_img.jpg', interpolate=True, mask=None, maskParams=None, name='test_image', opacity=1, ori=0.0, pos=array([0.  , 0.25]), size=array([0.25, 0.25]), texRes=128.0, units='height', win=Window(...))
10.4810 	EXP 	Created left_text = TextStim(__class__=<class 'psychopy.visual.text.TextStim'>, alignHoriz=method-wrapper(...), alignText='center', alignVert=method-wrapper(...), anchorHoriz='center', anchorVert='center', antialias=True, autoDraw=False, autoLog=True, bold=False, color=array([1., 1., 1.]), colorSpace='rgb', contrast=1.0, depth=-2.0, draggable=False, flipHoriz=False, flipVert=False, font='Arial', fontFiles=[], height=0.05, italic=False, languageStyle='LTR', name='left_text', opacity=1, ori=0.0, pos=array([-0.25,  0.  ]), rgb=UNKNOWN, text="'dog'", units='height', win=Window(...), wrapWidth=1)
10.4829 	EXP 	Created right_text = TextStim(__class__=<class 'psychopy.visual.text.TextStim'>, alignHoriz=method-wrapper(...), alignText='center', alignVert=method-wrapper(...), anchorHoriz='center', anchorVert='center', antialias=True, autoDraw=False, autoLog=True, bold=False, color=array([1., 1., 1.]), colorSpace='rgb', contrast=1.0, depth=-3.0, draggable=False, flipHoriz=False, flipVert=False, font='Arial', fontFiles=[], height=0.05, italic=False, languageStyle='LTR', name='right_text', opacity=1, ori=0.0, pos=array([0.25, 0.  ]), rgb=UNKNOWN, text="'cat'", units='height', win=Window(...), wrapWidth=1)
10.4887 	EXP 	Created thanks = TextStim(__class__=<class 'psychopy.visual.text.TextStim'>, alignHoriz=method-wrapper(...), alignText='center', alignVert=method-wrapper(...), anchorHoriz='center', anchorVert='center', antialias=True, autoDraw=False, autoLog=True, bold=False, color=array([1., 1., 1.]), colorSpace='rgb', contrast=1.0, depth=0.0, draggable=False, flipHoriz=False, flipVert=False, font='Arial', fontFiles=[], height=0.05, italic=False, languageStyle='LTR', name='thanks', opacity=1, ori=0.0, pos=array([0., 0.]), rgb=UNKNOWN, text='Thank you for participating!\n\nAdd Survey', units='height', win=Window(...), wrapWidth=1)
0.0018 	EXP 	movie: autoLog = True
0.0018 	EXP 	test_movie: autoLog = True
0.0052 	INFO 	Keyboard events cleared
0.0049 	EXP 	learningInstructions: autoDraw = True
0.8610 	DATA 	Keypress: s
0.8624 	EXP 	learningInstructions: autoDraw = False
0.8624 	EXP 	movie: autoDraw = True
0.8624 	EXP 	text_left: autoDraw = True
0.8624 	EXP 	text_right: autoDraw = True
5.9820 	INFO 	Keyboard events cleared
5.9814 	EXP 	movie: autoDraw = False
5.9814 	EXP 	image: autoDraw = True
6.7013 	DATA 	Keypress: z
6.7046 	INFO 	Keyboard events cleared
6.7041 	EXP 	movie: autoDraw = False
6.7041 	EXP 	image: autoDraw = False
6.7041 	EXP 	text_left: autoDraw = False
6.7041 	EXP 	text_right: autoDraw = False
6.7041 	EXP 	text: autoDraw = True
8.3507 	DATA 	Keypress: escape
8.4820 	EXP 	experiment: status = STOPPED
8.4964 	EXP 	text: autoDraw = False
8.4967 	EXP 	experiment: status = STOPPED
8.5011 	INFO 	saved data to 'C:\\Users\\flani\\Experiment\\data/032942_experiment_2025-01-29_03h56.15.355.csv'
8.5021 	INFO 	saved data to C:\Users\flani\Experiment\data/032942_experiment_2025-01-29_03h56.15.355.psydat
