5.8499 	DEBUG 	Fullscreen settings ignored as running in pilot mode.
5.8513 	INFO 	Loaded monitor calibration from ['2025_01_27 21:32']
6.1451 	EXP 	Created window1 = Window(allowGUI=False, allowStencil=False, autoLog=True, backendConf=UNKNOWN, backgroundFit=<method-wrapper '__getattribute__' of attributeSetter object at 0x000001B4DFE33EE0>, backgroundImage=<method-wrapper '__getattribute__' of attributeSetter object at 0x000001B4DFE33E80>, bitsMode=UNKNOWN, blendMode='avg', bpc=(8, 8, 8), color=array([0, 0, 0]), colorSpace='rgb', depthBits=8, fullscr=False, gamma=None, gammaErrorPolicy='raise', infoMsg=UNKNOWN, lms=UNKNOWN, monitor=<psychopy.monitors.calibTools.Monitor object at 0x000001B4EADCD120>, multiSample=False, name='window1', numSamples=2, pos=[560.0, 300.0], screen=0, size=array([800, 600]), stencilBits=0, stereo=False, title='PsychoPy', units='height', useFBO=True, useRetina=False, viewOri=0.0, viewPos=None, viewScale=None, waitBlanking=True, winType='pyglet')
6.1451 	EXP 	window1: backgroundImage = ''
6.1451 	EXP 	window1: backgroundFit = 'none'
6.1523 	DEBUG 	TextBox2 loaded 1 chars with 0 blanks and 1 valid
6.1531 	DEBUG 	TextBox2 loaded 1 chars with 0 blanks and 1 valid
6.1539 	DEBUG 	TextBox2 loaded 1 chars with 0 blanks and 1 valid
6.1549 	DEBUG 	TextBox2 loaded 1 chars with 0 blanks and 1 valid
6.1558 	DEBUG 	TextBox2 loaded 1 chars with 0 blanks and 1 valid
6.1563 	DEBUG 	TextBox2 loaded 1 chars with 0 blanks and 1 valid
6.1570 	DEBUG 	TextBox2 loaded 1 chars with 0 blanks and 1 valid
6.1578 	DEBUG 	TextBox2 loaded 1 chars with 0 blanks and 1 valid
6.1581 	DEBUG 	TextBox2 loaded 1 chars with 0 blanks and 1 valid
6.1584 	DEBUG 	TextBox2 loaded 1 chars with 0 blanks and 1 valid
6.1591 	DEBUG 	TextBox2 loaded 1 chars with 0 blanks and 1 valid
6.1598 	DEBUG 	TextBox2 loaded 1 chars with 0 blanks and 1 valid
6.1604 	DEBUG 	TextBox2 loaded 1 chars with 0 blanks and 1 valid
6.1611 	DEBUG 	TextBox2 loaded 1 chars with 0 blanks and 1 valid
6.1617 	DEBUG 	TextBox2 loaded 1 chars with 0 blanks and 1 valid
6.1624 	DEBUG 	TextBox2 loaded 1 chars with 0 blanks and 1 valid
6.1631 	DEBUG 	TextBox2 loaded 1 chars with 0 blanks and 1 valid
6.1635 	DEBUG 	TextBox2 loaded 1 chars with 0 blanks and 1 valid
6.1639 	DEBUG 	TextBox2 loaded 1 chars with 0 blanks and 1 valid
6.1648 	DEBUG 	TextBox2 loaded 1 chars with 0 blanks and 1 valid
6.1652 	DEBUG 	TextBox2 loaded 1 chars with 0 blanks and 1 valid
6.1655 	DEBUG 	Uploading Texture Font fontname to graphics card
6.1878 	DEBUG 	Upload of Texture Font fontname complete
6.1939 	DEBUG 	TextBox2 loaded 1 chars with 0 blanks and 1 valid
6.1948 	DEBUG 	TextBox2 loaded 1 chars with 0 blanks and 1 valid
6.1957 	DEBUG 	TextBox2 loaded 1 chars with 0 blanks and 1 valid
6.1960 	DEBUG 	Uploading Texture Font fontname to graphics card
6.2302 	DEBUG 	Upload of Texture Font fontname complete
6.2320 	EXP 	window1: Attempting to measure frame rate of screen (0) ...
6.2321 	EXP 	window1: recordFrameIntervals = False
6.3981 	EXP 	window1: recordFrameIntervals = True
6.6315 	EXP 	Screen (0) actual frame rate measured at 59.83Hz
6.6316 	EXP 	window1: recordFrameIntervals = False
6.6418 	DEBUG 	TextBox2 loaded 1 chars with 0 blanks and 1 valid
6.6427 	DEBUG 	TextBox2 loaded 1 chars with 0 blanks and 1 valid
6.6442 	DEBUG 	TextBox2 loaded 1 chars with 0 blanks and 1 valid
6.6459 	DEBUG 	TextBox2 loaded 1 chars with 0 blanks and 1 valid
6.6475 	DEBUG 	TextBox2 loaded 1 chars with 0 blanks and 1 valid
6.6488 	DEBUG 	TextBox2 loaded 1 chars with 0 blanks and 1 valid
6.6494 	DEBUG 	TextBox2 loaded 1 chars with 0 blanks and 1 valid
6.6504 	DEBUG 	TextBox2 loaded 1 chars with 0 blanks and 1 valid
6.6514 	DEBUG 	TextBox2 loaded 1 chars with 0 blanks and 1 valid
6.6523 	DEBUG 	TextBox2 loaded 1 chars with 0 blanks and 1 valid
6.6526 	DEBUG 	Uploading Texture Font fontname to graphics card
6.6531 	DEBUG 	Upload of Texture Font fontname complete
6.6663 	WARNING 	launchHubServer: If using the iohub mouse or eyetracker devices, fullScr should be True.
9.5629 	INFO 	keyboard.Keyboard is using iohub backend.
9.5629 	INFO 	keyboard.Keyboard is using iohub backend.
9.5630 	INFO 	keyboard.Keyboard is using iohub backend.
9.7773 	EXP 	experiment: status = STARTED
9.9352 	EXP 	Created learningInstructions = TextStim(__class__=<class 'psychopy.visual.text.TextStim'>, alignHoriz=method-wrapper(...), alignText='center', alignVert=method-wrapper(...), anchorHoriz='center', anchorVert='center', antialias=True, autoDraw=False, autoLog=True, bold=False, color=array([1., 1., 1.]), colorSpace='rgb', contrast=1.0, depth=0.0, draggable=False, flipHoriz=False, flipVert=False, font='Arial', fontFiles=[], height=0.05, italic=False, languageStyle='LTR', name='learningInstructions', opacity=1, ori=0.0, pos=array([0., 0.]), rgb=UNKNOWN, text=str(...), units='height', win=Window(...), wrapWidth=1)
9.9389 	EXP 	Created text_left = TextStim(__class__=<class 'psychopy.visual.text.TextStim'>, alignHoriz=method-wrapper(...), alignText='center', alignVert=method-wrapper(...), anchorHoriz='center', anchorVert='center', antialias=True, autoDraw=False, autoLog=True, bold=False, color=array([1., 1., 1.]), colorSpace='rgb', contrast=1.0, depth=0.0, draggable=False, flipHoriz=False, flipVert=False, font='Arial', fontFiles=[], height=0.05, italic=False, languageStyle='LTR', name='text_left', opacity=1, ori=0.0, pos=array([-0.25,  0.  ]), rgb=UNKNOWN, text="'dog'", units='height', win=Window(...), wrapWidth=1)
10.0911 	EXP 	Created image = ImageStim(__class__=<class 'psychopy.visual.image.ImageStim'>, anchor=('center', 'center'), autoLog=True, color=array([1., 1., 1.]), colorSpace='rgb', contrast=1.0, depth=-3.0, draggable=False, flipHoriz=False, flipVert=False, image='test_stimuli/dog_img.jpg', interpolate=True, mask=None, maskParams=None, name='image', opacity=1, ori=0.0, pos=array([0.  , 0.25]), size=array([0.25, 0.25]), texRes=128.0, units='height', win=Window(...))
10.3717 	EXP 	Sound correct set volume 1.000
10.3766 	EXP 	Created text_right = TextStim(__class__=<class 'psychopy.visual.text.TextStim'>, alignHoriz=method-wrapper(...), alignText='center', alignVert=method-wrapper(...), anchorHoriz='center', anchorVert='center', antialias=True, autoDraw=False, autoLog=True, bold=False, color=array([1., 1., 1.]), colorSpace='rgb', contrast=1.0, depth=-5.0, draggable=False, flipHoriz=False, flipVert=False, font='Arial', fontFiles=[], height=0.05, italic=False, languageStyle='LTR', name='text_right', opacity=1, ori=0.0, pos=array([0.25, 0.  ]), rgb=UNKNOWN, text="'cat'", units='height', win=Window(...), wrapWidth=1)
0.0186 	EXP 	movie: autoLog = True
0.0360 	INFO 	Keyboard events cleared
0.0357 	EXP 	learningInstructions: autoDraw = True
1.9103 	DATA 	Keypress: s
1.9194 	EXP 	learningInstructions: autoDraw = False
1.9194 	EXP 	text_left: autoDraw = True
1.9194 	EXP 	movie: autoDraw = True
1.9194 	EXP 	text_right: autoDraw = True
9.2538 	INFO 	Keyboard events cleared
9.2530 	EXP 	movie: autoDraw = False
9.2530 	EXP 	image: autoDraw = True
10.6219 	DATA 	Keypress: z
10.6367 	EXP 	text_left: autoDraw = False
10.6367 	EXP 	movie: autoDraw = False
10.6367 	EXP 	image: autoDraw = False
10.6367 	EXP 	text_right: autoDraw = False
10.6407 	EXP 	experiment: status = STOPPED
10.6714 	INFO 	saved data to 'C:\\Users\\flani\\Experiment\\data/047593_experiment_2025-01-29_02h53.05.474.csv'
10.6723 	INFO 	saved data to C:\Users\flani\Experiment\data/047593_experiment_2025-01-29_02h53.05.474.psydat
11.4670 	DEBUG 	Saving data for experiment ExperimentHandler
