5.3673 	DEBUG 	Fullscreen settings ignored as running in pilot mode.
5.3681 	INFO 	Loaded monitor calibration from ['2025_01_27 21:32']
5.6080 	EXP 	Created window1 = Window(allowGUI=False, allowStencil=False, autoLog=True, backendConf=UNKNOWN, backgroundFit=<method-wrapper '__getattribute__' of attributeSetter object at 0x000002DA9EEC8A30>, backgroundImage=<method-wrapper '__getattribute__' of attributeSetter object at 0x000002DA9EEC8A90>, bitsMode=UNKNOWN, blendMode='avg', bpc=(8, 8, 8), color=array([0, 0, 0]), colorSpace='rgb', depthBits=8, fullscr=False, gamma=None, gammaErrorPolicy='raise', infoMsg=UNKNOWN, lms=UNKNOWN, monitor=<psychopy.monitors.calibTools.Monitor object at 0x000002DA9EF8BF10>, multiSample=False, name='window1', numSamples=2, pos=[560.0, 300.0], screen=0, size=array([800, 600]), stencilBits=0, stereo=False, title='PsychoPy', units='height', useFBO=True, useRetina=False, viewOri=0.0, viewPos=None, viewScale=None, waitBlanking=True, winType='pyglet')
5.6081 	EXP 	window1: backgroundImage = ''
5.6081 	EXP 	window1: backgroundFit = 'none'
5.6165 	DEBUG 	TextBox2 loaded 1 chars with 0 blanks and 1 valid
5.6172 	DEBUG 	TextBox2 loaded 1 chars with 0 blanks and 1 valid
5.6178 	DEBUG 	TextBox2 loaded 1 chars with 0 blanks and 1 valid
5.6185 	DEBUG 	TextBox2 loaded 1 chars with 0 blanks and 1 valid
5.6192 	DEBUG 	TextBox2 loaded 1 chars with 0 blanks and 1 valid
5.6196 	DEBUG 	TextBox2 loaded 1 chars with 0 blanks and 1 valid
5.6201 	DEBUG 	TextBox2 loaded 1 chars with 0 blanks and 1 valid
5.6209 	DEBUG 	TextBox2 loaded 1 chars with 0 blanks and 1 valid
5.6211 	DEBUG 	TextBox2 loaded 1 chars with 0 blanks and 1 valid
5.6214 	DEBUG 	TextBox2 loaded 1 chars with 0 blanks and 1 valid
5.6220 	DEBUG 	TextBox2 loaded 1 chars with 0 blanks and 1 valid
5.6225 	DEBUG 	TextBox2 loaded 1 chars with 0 blanks and 1 valid
5.6231 	DEBUG 	TextBox2 loaded 1 chars with 0 blanks and 1 valid
5.6236 	DEBUG 	TextBox2 loaded 1 chars with 0 blanks and 1 valid
5.6241 	DEBUG 	TextBox2 loaded 1 chars with 0 blanks and 1 valid
5.6247 	DEBUG 	TextBox2 loaded 1 chars with 0 blanks and 1 valid
5.6253 	DEBUG 	TextBox2 loaded 1 chars with 0 blanks and 1 valid
5.6257 	DEBUG 	TextBox2 loaded 1 chars with 0 blanks and 1 valid
5.6260 	DEBUG 	TextBox2 loaded 1 chars with 0 blanks and 1 valid
5.6269 	DEBUG 	TextBox2 loaded 1 chars with 0 blanks and 1 valid
5.6274 	DEBUG 	TextBox2 loaded 1 chars with 0 blanks and 1 valid
5.6277 	DEBUG 	Uploading Texture Font fontname to graphics card
5.6419 	DEBUG 	Upload of Texture Font fontname complete
5.6473 	DEBUG 	TextBox2 loaded 1 chars with 0 blanks and 1 valid
5.6481 	DEBUG 	TextBox2 loaded 1 chars with 0 blanks and 1 valid
5.6489 	DEBUG 	TextBox2 loaded 1 chars with 0 blanks and 1 valid
5.6491 	DEBUG 	Uploading Texture Font fontname to graphics card
5.6644 	DEBUG 	Upload of Texture Font fontname complete
5.6660 	EXP 	window1: Attempting to measure frame rate of screen (0) ...
5.6660 	EXP 	window1: recordFrameIntervals = False
5.8317 	EXP 	window1: recordFrameIntervals = True
6.1487 	EXP 	Screen (0) actual frame rate measured at 59.58Hz
6.1488 	EXP 	window1: recordFrameIntervals = False
6.1594 	DEBUG 	TextBox2 loaded 1 chars with 0 blanks and 1 valid
6.1606 	DEBUG 	TextBox2 loaded 1 chars with 0 blanks and 1 valid
6.1622 	DEBUG 	TextBox2 loaded 1 chars with 0 blanks and 1 valid
6.1643 	DEBUG 	TextBox2 loaded 1 chars with 0 blanks and 1 valid
6.1663 	DEBUG 	TextBox2 loaded 1 chars with 0 blanks and 1 valid
6.1684 	DEBUG 	TextBox2 loaded 1 chars with 0 blanks and 1 valid
6.1694 	DEBUG 	TextBox2 loaded 1 chars with 0 blanks and 1 valid
6.1709 	DEBUG 	TextBox2 loaded 1 chars with 0 blanks and 1 valid
6.1726 	DEBUG 	TextBox2 loaded 1 chars with 0 blanks and 1 valid
6.1741 	DEBUG 	TextBox2 loaded 1 chars with 0 blanks and 1 valid
6.1747 	DEBUG 	Uploading Texture Font fontname to graphics card
6.1753 	DEBUG 	Upload of Texture Font fontname complete
6.1952 	WARNING 	launchHubServer: If using the iohub mouse or eyetracker devices, fullScr should be True.
8.9999 	INFO 	keyboard.Keyboard is using iohub backend.
8.9999 	INFO 	keyboard.Keyboard is using iohub backend.
9.0000 	EXP 	experiment: status = STARTED
9.1224 	EXP 	Created learningInstructions = TextStim(__class__=<class 'psychopy.visual.text.TextStim'>, alignHoriz=method-wrapper(...), alignText='center', alignVert=method-wrapper(...), anchorHoriz='center', anchorVert='center', antialias=True, autoDraw=False, autoLog=True, bold=False, color=array([1., 1., 1.]), colorSpace='rgb', contrast=1.0, depth=0.0, draggable=False, flipHoriz=False, flipVert=False, font='Arial', fontFiles=[], height=0.05, italic=False, languageStyle='LTR', name='learningInstructions', opacity=1, ori=0.0, pos=array([0., 0.]), rgb=UNKNOWN, text=str(...), units='height', win=Window(...), wrapWidth=1)
0.0820 	DEBUG 	Saving data for experiment ExperimentHandler
0.0827 	INFO 	saved data to C:\Users\flani\Experiment\data/059221_experiment_2025-01-28_20h35.03.689.psydat
0.0834 	INFO 	saved data to 'C:\\Users\\flani\\Experiment\\data/059221_experiment_2025-01-28_20h35.03.689.csv'
