5.7817 	INFO 	Loaded monitor calibration from ['2025_01_27 21:32']
5.7867 	WARNING 	User requested fullscreen with size [1024  768], but screen is actually [1920, 1200]. Using actual size
6.1093 	EXP 	Created window1 = Window(allowGUI=False, allowStencil=False, autoLog=True, backendConf=UNKNOWN, backgroundFit=<method-wrapper '__getattribute__' of attributeSetter object at 0x00000238F0D0C190>, backgroundImage=<method-wrapper '__getattribute__' of attributeSetter object at 0x00000238F0D0C1F0>, bitsMode=UNKNOWN, blendMode='avg', bpc=(8, 8, 8), color=array([0, 0, 0]), colorSpace='rgb', depthBits=8, fullscr=True, gamma=None, gammaErrorPolicy='raise', infoMsg=UNKNOWN, lms=UNKNOWN, monitor=<psychopy.monitors.calibTools.Monitor object at 0x00000238F0DD1AE0>, multiSample=False, name='window1', numSamples=2, pos=[0.0, 0.0], screen=0, size=array([1920, 1200]), stencilBits=0, stereo=False, title='PsychoPy', units='height', useFBO=True, useRetina=False, viewOri=0.0, viewPos=None, viewScale=None, waitBlanking=True, winType='pyglet')
6.1094 	EXP 	window1: backgroundImage = ''
6.1094 	EXP 	window1: backgroundFit = 'none'
6.1679 	EXP 	window1: Attempting to measure frame rate of screen (0) ...
6.1679 	EXP 	window1: recordFrameIntervals = False
6.3174 	EXP 	window1: recordFrameIntervals = True
6.5017 	EXP 	Screen (0) actual frame rate measured at 59.73Hz
6.5018 	EXP 	window1: recordFrameIntervals = False
9.3163 	INFO 	keyboard.Keyboard is using iohub backend.
9.3163 	INFO 	keyboard.Keyboard is using iohub backend.
9.3163 	INFO 	keyboard.Keyboard is using iohub backend.
9.5005 	INFO 	keyboard.Keyboard is using iohub backend.
9.5006 	INFO 	keyboard.Keyboard is using iohub backend.
9.5006 	EXP 	experiment: status = STARTED
9.6283 	EXP 	Created learningInstructions = TextStim(__class__=<class 'psychopy.visual.text.TextStim'>, alignHoriz=method-wrapper(...), alignText='center', alignVert=method-wrapper(...), anchorHoriz='center', anchorVert='center', antialias=True, autoDraw=False, autoLog=True, bold=False, color=array([1., 1., 1.]), colorSpace='rgb', contrast=1.0, depth=0.0, draggable=False, flipHoriz=False, flipVert=False, font='Arial', fontFiles=[], height=0.05, italic=False, languageStyle='LTR', name='learningInstructions', opacity=1, ori=0.0, pos=array([0., 0.]), rgb=UNKNOWN, text=str(...), units='height', win=Window(...), wrapWidth=1)
9.8759 	EXP 	Created image = ImageStim(__class__=<class 'psychopy.visual.image.ImageStim'>, anchor=('center', 'center'), autoLog=True, color=array([1., 1., 1.]), colorSpace='rgb', contrast=1.0, depth=-1.0, draggable=False, flipHoriz=False, flipVert=False, image='test_stimuli/dog_img.jpg', interpolate=True, mask=None, maskParams=None, name='image', opacity=1, ori=0.0, pos=array([0.  , 0.25]), size=array([0.25, 0.25]), texRes=128.0, units='height', win=Window(...))
9.8783 	EXP 	Created text_left = TextStim(__class__=<class 'psychopy.visual.text.TextStim'>, alignHoriz=method-wrapper(...), alignText='center', alignVert=method-wrapper(...), anchorHoriz='center', anchorVert='center', antialias=True, autoDraw=False, autoLog=True, bold=False, color=array([1., 1., 1.]), colorSpace='rgb', contrast=1.0, depth=-2.0, draggable=False, flipHoriz=False, flipVert=False, font='Arial', fontFiles=[], height=0.05, italic=False, languageStyle='LTR', name='text_left', opacity=1, ori=0.0, pos=array([-0.25,  0.  ]), rgb=UNKNOWN, text="'dog'", units='height', win=Window(...), wrapWidth=1)
9.8819 	EXP 	Created text_right = TextStim(__class__=<class 'psychopy.visual.text.TextStim'>, alignHoriz=method-wrapper(...), alignText='center', alignVert=method-wrapper(...), anchorHoriz='center', anchorVert='center', antialias=True, autoDraw=False, autoLog=True, bold=False, color=array([1., 1., 1.]), colorSpace='rgb', contrast=1.0, depth=-3.0, draggable=False, flipHoriz=False, flipVert=False, font='Arial', fontFiles=[], height=0.05, italic=False, languageStyle='LTR', name='text_right', opacity=1, ori=0.0, pos=array([0.25, 0.  ]), rgb=UNKNOWN, text="'cat'", units='height', win=Window(...), wrapWidth=1)
10.0498 	EXP 	Sound correct set volume 1.000
10.0742 	EXP 	Created text = TextStim(__class__=<class 'psychopy.visual.text.TextStim'>, alignHoriz=method-wrapper(...), alignText='center', alignVert=method-wrapper(...), anchorHoriz='center', anchorVert='center', antialias=True, autoDraw=False, autoLog=True, bold=False, color=array([1., 1., 1.]), colorSpace='rgb', contrast=1.0, depth=0.0, draggable=False, flipHoriz=False, flipVert=False, font='Arial', fontFiles=[], height=0.05, italic=False, languageStyle='LTR', name='text', opacity=1, ori=0.0, pos=array([0., 0.]), rgb=UNKNOWN, text=str(...), units='height', win=Window(...), wrapWidth=1)
10.4982 	EXP 	Created test_image = ImageStim(__class__=<class 'psychopy.visual.image.ImageStim'>, anchor=('center', 'center'), autoLog=True, color=array([1., 1., 1.]), colorSpace='rgb', contrast=1.0, depth=-1.0, draggable=False, flipHoriz=False, flipVert=False, image='test_stimuli/cat_img.jpg', interpolate=True, mask=None, maskParams=None, name='test_image', opacity=1, ori=0.0, pos=array([0.  , 0.25]), size=array([0.25, 0.25]), texRes=128.0, units='height', win=Window(...))
10.5007 	EXP 	Created left_text = TextStim(__class__=<class 'psychopy.visual.text.TextStim'>, alignHoriz=method-wrapper(...), alignText='center', alignVert=method-wrapper(...), anchorHoriz='center', anchorVert='center', antialias=True, autoDraw=False, autoLog=True, bold=False, color=array([1., 1., 1.]), colorSpace='rgb', contrast=1.0, depth=-2.0, draggable=False, flipHoriz=False, flipVert=False, font='Arial', fontFiles=[], height=0.05, italic=False, languageStyle='LTR', name='left_text', opacity=1, ori=0.0, pos=array([-0.25,  0.  ]), rgb=UNKNOWN, text="'dog'", units='height', win=Window(...), wrapWidth=1)
10.5028 	EXP 	Created right_text = TextStim(__class__=<class 'psychopy.visual.text.TextStim'>, alignHoriz=method-wrapper(...), alignText='center', alignVert=method-wrapper(...), anchorHoriz='center', anchorVert='center', antialias=True, autoDraw=False, autoLog=True, bold=False, color=array([1., 1., 1.]), colorSpace='rgb', contrast=1.0, depth=-3.0, draggable=False, flipHoriz=False, flipVert=False, font='Arial', fontFiles=[], height=0.05, italic=False, languageStyle='LTR', name='right_text', opacity=1, ori=0.0, pos=array([0.25, 0.  ]), rgb=UNKNOWN, text="'cat'", units='height', win=Window(...), wrapWidth=1)
10.5094 	EXP 	Created thanks = TextStim(__class__=<class 'psychopy.visual.text.TextStim'>, alignHoriz=method-wrapper(...), alignText='center', alignVert=method-wrapper(...), anchorHoriz='center', anchorVert='center', antialias=True, autoDraw=False, autoLog=True, bold=False, color=array([1., 1., 1.]), colorSpace='rgb', contrast=1.0, depth=0.0, draggable=False, flipHoriz=False, flipVert=False, font='Arial', fontFiles=[], height=0.05, italic=False, languageStyle='LTR', name='thanks', opacity=1, ori=0.0, pos=array([0., 0.]), rgb=UNKNOWN, text='Thank you for participating!\n\nAdd Survey', units='height', win=Window(...), wrapWidth=1)
0.0014 	EXP 	movie: autoLog = True
0.0014 	EXP 	test_movie: autoLog = True
0.0046 	INFO 	Keyboard events cleared
0.0044 	EXP 	learningInstructions: autoDraw = True
12.1796 	DATA 	Keypress: s
12.1816 	EXP 	learningInstructions: autoDraw = False
12.1816 	EXP 	movie: autoDraw = True
12.1816 	EXP 	text_left: autoDraw = True
12.1816 	EXP 	text_right: autoDraw = True
17.3176 	INFO 	Keyboard events cleared
17.3171 	EXP 	movie: autoDraw = False
17.3171 	EXP 	image: autoDraw = True
19.3129 	DATA 	Keypress: z
19.4447 	INFO 	Keyboard events cleared
19.4441 	EXP 	movie: autoDraw = False
19.4441 	EXP 	image: autoDraw = False
19.4441 	EXP 	text_left: autoDraw = False
19.4441 	EXP 	text_right: autoDraw = False
19.4441 	EXP 	text: autoDraw = True
24.5132 	DATA 	Keypress: s
24.5149 	EXP 	text: autoDraw = False
24.5149 	EXP 	test_movie: autoDraw = True
24.5149 	EXP 	left_text: autoDraw = True
24.5149 	EXP 	right_text: autoDraw = True
29.6830 	INFO 	Keyboard events cleared
29.6827 	EXP 	test_movie: autoDraw = False
29.6827 	EXP 	test_image: autoDraw = True
30.7831 	DATA 	Keypress: slash
30.7848 	EXP 	test_movie: autoDraw = False
30.7848 	EXP 	test_image: autoDraw = False
30.7848 	EXP 	left_text: autoDraw = False
30.7848 	EXP 	right_text: autoDraw = False
30.7848 	EXP 	thanks: autoDraw = True
31.7912 	EXP 	thanks: autoDraw = False
31.7912 	EXP 	thanks: autoDraw = False
31.7915 	EXP 	experiment: status = STOPPED
31.8205 	INFO 	saved data to 'C:\\Users\\flani\\Experiment\\data/094887_experiment_2025-01-29_03h54.37.308.csv'
31.8210 	INFO 	saved data to C:\Users\flani\Experiment\data/094887_experiment_2025-01-29_03h54.37.308.psydat
