5.6620 	DEBUG 	Fullscreen settings ignored as running in pilot mode.
5.6632 	INFO 	Loaded monitor calibration from ['2025_01_27 21:32']
5.8912 	EXP 	Created window1 = Window(allowGUI=False, allowStencil=False, autoLog=True, backendConf=UNKNOWN, backgroundFit=<method-wrapper '__getattribute__' of attributeSetter object at 0x000001CAD867C8B0>, backgroundImage=<method-wrapper '__getattribute__' of attributeSetter object at 0x000001CAD867C910>, bitsMode=UNKNOWN, blendMode='avg', bpc=(8, 8, 8), color=array([0, 0, 0]), colorSpace='rgb', depthBits=8, fullscr=False, gamma=None, gammaErrorPolicy='raise', infoMsg=UNKNOWN, lms=UNKNOWN, monitor=<psychopy.monitors.calibTools.Monitor object at 0x000001CAD8741C00>, multiSample=False, name='window1', numSamples=2, pos=[560.0, 300.0], screen=0, size=array([800, 600]), stencilBits=0, stereo=False, title='PsychoPy', units='height', useFBO=True, useRetina=False, viewOri=0.0, viewPos=None, viewScale=None, waitBlanking=True, winType='pyglet')
5.8913 	EXP 	window1: backgroundImage = ''
5.8913 	EXP 	window1: backgroundFit = 'none'
5.8977 	DEBUG 	TextBox2 loaded 1 chars with 0 blanks and 1 valid
5.8983 	DEBUG 	TextBox2 loaded 1 chars with 0 blanks and 1 valid
5.8989 	DEBUG 	TextBox2 loaded 1 chars with 0 blanks and 1 valid
5.8996 	DEBUG 	TextBox2 loaded 1 chars with 0 blanks and 1 valid
5.9003 	DEBUG 	TextBox2 loaded 1 chars with 0 blanks and 1 valid
5.9007 	DEBUG 	TextBox2 loaded 1 chars with 0 blanks and 1 valid
5.9013 	DEBUG 	TextBox2 loaded 1 chars with 0 blanks and 1 valid
5.9020 	DEBUG 	TextBox2 loaded 1 chars with 0 blanks and 1 valid
5.9022 	DEBUG 	TextBox2 loaded 1 chars with 0 blanks and 1 valid
5.9025 	DEBUG 	TextBox2 loaded 1 chars with 0 blanks and 1 valid
5.9030 	DEBUG 	TextBox2 loaded 1 chars with 0 blanks and 1 valid
5.9036 	DEBUG 	TextBox2 loaded 1 chars with 0 blanks and 1 valid
5.9041 	DEBUG 	TextBox2 loaded 1 chars with 0 blanks and 1 valid
5.9046 	DEBUG 	TextBox2 loaded 1 chars with 0 blanks and 1 valid
5.9051 	DEBUG 	TextBox2 loaded 1 chars with 0 blanks and 1 valid
5.9056 	DEBUG 	TextBox2 loaded 1 chars with 0 blanks and 1 valid
5.9062 	DEBUG 	TextBox2 loaded 1 chars with 0 blanks and 1 valid
5.9065 	DEBUG 	TextBox2 loaded 1 chars with 0 blanks and 1 valid
5.9069 	DEBUG 	TextBox2 loaded 1 chars with 0 blanks and 1 valid
5.9076 	DEBUG 	TextBox2 loaded 1 chars with 0 blanks and 1 valid
5.9079 	DEBUG 	TextBox2 loaded 1 chars with 0 blanks and 1 valid
5.9082 	DEBUG 	Uploading Texture Font fontname to graphics card
5.9132 	DEBUG 	Upload of Texture Font fontname complete
5.9180 	DEBUG 	TextBox2 loaded 1 chars with 0 blanks and 1 valid
5.9188 	DEBUG 	TextBox2 loaded 1 chars with 0 blanks and 1 valid
5.9195 	DEBUG 	TextBox2 loaded 1 chars with 0 blanks and 1 valid
5.9197 	DEBUG 	Uploading Texture Font fontname to graphics card
5.9223 	DEBUG 	Upload of Texture Font fontname complete
5.9237 	EXP 	window1: Attempting to measure frame rate of screen (0) ...
5.9237 	EXP 	window1: recordFrameIntervals = False
6.0947 	EXP 	window1: recordFrameIntervals = True
6.2788 	EXP 	Screen (0) actual frame rate measured at 59.99Hz
6.2789 	EXP 	window1: recordFrameIntervals = False
6.2880 	DEBUG 	TextBox2 loaded 1 chars with 0 blanks and 1 valid
6.2887 	DEBUG 	TextBox2 loaded 1 chars with 0 blanks and 1 valid
6.2896 	DEBUG 	TextBox2 loaded 1 chars with 0 blanks and 1 valid
6.2906 	DEBUG 	TextBox2 loaded 1 chars with 0 blanks and 1 valid
6.2914 	DEBUG 	TextBox2 loaded 1 chars with 0 blanks and 1 valid
6.2924 	DEBUG 	TextBox2 loaded 1 chars with 0 blanks and 1 valid
6.2929 	DEBUG 	TextBox2 loaded 1 chars with 0 blanks and 1 valid
6.2936 	DEBUG 	TextBox2 loaded 1 chars with 0 blanks and 1 valid
6.2944 	DEBUG 	TextBox2 loaded 1 chars with 0 blanks and 1 valid
6.2951 	DEBUG 	TextBox2 loaded 1 chars with 0 blanks and 1 valid
6.2953 	DEBUG 	Uploading Texture Font fontname to graphics card
6.2957 	DEBUG 	Upload of Texture Font fontname complete
6.3067 	WARNING 	launchHubServer: If using the iohub mouse or eyetracker devices, fullScr should be True.
9.4021 	INFO 	keyboard.Keyboard is using iohub backend.
9.4022 	INFO 	keyboard.Keyboard is using iohub backend.
9.4022 	INFO 	keyboard.Keyboard is using iohub backend.
9.6122 	INFO 	keyboard.Keyboard is using iohub backend.
9.6122 	INFO 	keyboard.Keyboard is using iohub backend.
9.6122 	EXP 	experiment: status = STARTED
9.7103 	EXP 	Created learningInstructions = TextStim(__class__=<class 'psychopy.visual.text.TextStim'>, alignHoriz=method-wrapper(...), alignText='center', alignVert=method-wrapper(...), anchorHoriz='center', anchorVert='center', antialias=True, autoDraw=False, autoLog=True, bold=False, color=array([1., 1., 1.]), colorSpace='rgb', contrast=1.0, depth=0.0, draggable=False, flipHoriz=False, flipVert=False, font='Arial', fontFiles=[], height=0.05, italic=False, languageStyle='LTR', name='learningInstructions', opacity=1, ori=0.0, pos=array([0., 0.]), rgb=UNKNOWN, text=str(...), units='height', win=Window(...), wrapWidth=1)
9.8234 	EXP 	Created image = ImageStim(__class__=<class 'psychopy.visual.image.ImageStim'>, anchor=('center', 'center'), autoLog=True, color=array([1., 1., 1.]), colorSpace='rgb', contrast=1.0, depth=-1.0, draggable=False, flipHoriz=False, flipVert=False, image='test_stimuli/dog_img.jpg', interpolate=True, mask=None, maskParams=None, name='image', opacity=1, ori=0.0, pos=array([0.  , 0.25]), size=array([0.25, 0.25]), texRes=128.0, units='height', win=Window(...))
9.8261 	EXP 	Created text_left = TextStim(__class__=<class 'psychopy.visual.text.TextStim'>, alignHoriz=method-wrapper(...), alignText='center', alignVert=method-wrapper(...), anchorHoriz='center', anchorVert='center', antialias=True, autoDraw=False, autoLog=True, bold=False, color=array([1., 1., 1.]), colorSpace='rgb', contrast=1.0, depth=-2.0, draggable=False, flipHoriz=False, flipVert=False, font='Arial', fontFiles=[], height=0.05, italic=False, languageStyle='LTR', name='text_left', opacity=1, ori=0.0, pos=array([-0.25,  0.  ]), rgb=UNKNOWN, text="'dog'", units='height', win=Window(...), wrapWidth=1)
9.8295 	EXP 	Created text_right = TextStim(__class__=<class 'psychopy.visual.text.TextStim'>, alignHoriz=method-wrapper(...), alignText='center', alignVert=method-wrapper(...), anchorHoriz='center', anchorVert='center', antialias=True, autoDraw=False, autoLog=True, bold=False, color=array([1., 1., 1.]), colorSpace='rgb', contrast=1.0, depth=-3.0, draggable=False, flipHoriz=False, flipVert=False, font='Arial', fontFiles=[], height=0.05, italic=False, languageStyle='LTR', name='text_right', opacity=1, ori=0.0, pos=array([0.25, 0.  ]), rgb=UNKNOWN, text="'cat'", units='height', win=Window(...), wrapWidth=1)
9.9888 	EXP 	Sound correct set volume 1.000
10.0094 	EXP 	Created text = TextStim(__class__=<class 'psychopy.visual.text.TextStim'>, alignHoriz=method-wrapper(...), alignText='center', alignVert=method-wrapper(...), anchorHoriz='center', anchorVert='center', antialias=True, autoDraw=False, autoLog=True, bold=False, color=array([1., 1., 1.]), colorSpace='rgb', contrast=1.0, depth=0.0, draggable=False, flipHoriz=False, flipVert=False, font='Arial', fontFiles=[], height=0.05, italic=False, languageStyle='LTR', name='text', opacity=1, ori=0.0, pos=array([0., 0.]), rgb=UNKNOWN, text=str(...), units='height', win=Window(...), wrapWidth=1)
10.1592 	EXP 	Created test_image = ImageStim(__class__=<class 'psychopy.visual.image.ImageStim'>, anchor=('center', 'center'), autoLog=True, color=array([1., 1., 1.]), colorSpace='rgb', contrast=1.0, depth=-1.0, draggable=False, flipHoriz=False, flipVert=False, image='test_stimuli/cat_img.jpg', interpolate=True, mask=None, maskParams=None, name='test_image', opacity=1, ori=0.0, pos=array([0.  , 0.25]), size=array([0.25, 0.25]), texRes=128.0, units='height', win=Window(...))
10.1612 	EXP 	Created left_text = TextStim(__class__=<class 'psychopy.visual.text.TextStim'>, alignHoriz=method-wrapper(...), alignText='center', alignVert=method-wrapper(...), anchorHoriz='center', anchorVert='center', antialias=True, autoDraw=False, autoLog=True, bold=False, color=array([1., 1., 1.]), colorSpace='rgb', contrast=1.0, depth=-2.0, draggable=False, flipHoriz=False, flipVert=False, font='Arial', fontFiles=[], height=0.05, italic=False, languageStyle='LTR', name='left_text', opacity=1, ori=0.0, pos=array([-0.25,  0.  ]), rgb=UNKNOWN, text="'dog'", units='height', win=Window(...), wrapWidth=1)
10.1630 	EXP 	Created right_text = TextStim(__class__=<class 'psychopy.visual.text.TextStim'>, alignHoriz=method-wrapper(...), alignText='center', alignVert=method-wrapper(...), anchorHoriz='center', anchorVert='center', antialias=True, autoDraw=False, autoLog=True, bold=False, color=array([1., 1., 1.]), colorSpace='rgb', contrast=1.0, depth=-3.0, draggable=False, flipHoriz=False, flipVert=False, font='Arial', fontFiles=[], height=0.05, italic=False, languageStyle='LTR', name='right_text', opacity=1, ori=0.0, pos=array([0.25, 0.  ]), rgb=UNKNOWN, text="'cat'", units='height', win=Window(...), wrapWidth=1)
10.1675 	EXP 	Created thanks = TextStim(__class__=<class 'psychopy.visual.text.TextStim'>, alignHoriz=method-wrapper(...), alignText='center', alignVert=method-wrapper(...), anchorHoriz='center', anchorVert='center', antialias=True, autoDraw=False, autoLog=True, bold=False, color=array([1., 1., 1.]), colorSpace='rgb', contrast=1.0, depth=0.0, draggable=False, flipHoriz=False, flipVert=False, font='Arial', fontFiles=[], height=0.05, italic=False, languageStyle='LTR', name='thanks', opacity=1, ori=0.0, pos=array([0., 0.]), rgb=UNKNOWN, text='Thank you for participating!\n\nAdd Survey', units='height', win=Window(...), wrapWidth=1)
0.0086 	EXP 	movie: autoLog = True
0.0086 	EXP 	test_movie: autoLog = True
0.0274 	INFO 	Keyboard events cleared
0.0267 	EXP 	learningInstructions: autoDraw = True
0.4519 	DATA 	Keypress: s
0.4594 	EXP 	learningInstructions: autoDraw = False
0.4594 	EXP 	movie: autoDraw = True
0.4594 	EXP 	text_left: autoDraw = True
0.4594 	EXP 	text_right: autoDraw = True
5.5928 	INFO 	Keyboard events cleared
5.5920 	EXP 	movie: autoDraw = False
5.5920 	EXP 	image: autoDraw = True
6.5418 	DATA 	Keypress: z
6.5614 	INFO 	Keyboard events cleared
6.5604 	EXP 	movie: autoDraw = False
6.5604 	EXP 	image: autoDraw = False
6.5604 	EXP 	text_left: autoDraw = False
6.5604 	EXP 	text_right: autoDraw = False
6.5604 	EXP 	text: autoDraw = True
22.1798 	DATA 	Keypress: s
22.1923 	EXP 	text: autoDraw = False
22.1923 	EXP 	test_movie: autoDraw = True
22.1923 	EXP 	left_text: autoDraw = True
22.1923 	EXP 	right_text: autoDraw = True
27.4429 	INFO 	Keyboard events cleared
27.4421 	EXP 	test_movie: autoDraw = False
27.4421 	EXP 	test_image: autoDraw = True
27.4421 	EXP 	test_movie: autoDraw = False
27.4421 	EXP 	test_image: autoDraw = False
27.4421 	EXP 	left_text: autoDraw = False
27.4421 	EXP 	right_text: autoDraw = False
27.4421 	EXP 	thanks: autoDraw = True
28.4435 	EXP 	thanks: autoDraw = False
28.4470 	EXP 	experiment: status = STOPPED
28.4773 	INFO 	saved data to 'C:\\Users\\flani\\Experiment\\data/202336_experiment_2025-01-29_03h40.24.317.csv'
28.4782 	INFO 	saved data to C:\Users\flani\Experiment\data/202336_experiment_2025-01-29_03h40.24.317.psydat
28.8009 	DEBUG 	Saving data for experiment ExperimentHandler
