6.3396 	DEBUG 	Fullscreen settings ignored as running in pilot mode.
6.3403 	INFO 	Loaded monitor calibration from ['2025_01_27 21:32']
6.5736 	EXP 	Created window1 = Window(allowGUI=False, allowStencil=True, autoLog=True, backendConf=UNKNOWN, backgroundFit=<method-wrapper '__getattribute__' of attributeSetter object at 0x0000020C03E55750>, backgroundImage=<method-wrapper '__getattribute__' of attributeSetter object at 0x0000020C03E55990>, bitsMode=UNKNOWN, blendMode='avg', bpc=(8, 8, 8), color=array([0, 0, 0]), colorSpace='rgb', depthBits=8, fullscr=False, gamma=None, gammaErrorPolicy='raise', infoMsg=UNKNOWN, lms=UNKNOWN, monitor=<psychopy.monitors.calibTools.Monitor object at 0x0000020C0EE9CD90>, multiSample=False, name='window1', numSamples=2, pos=[560.0, 300.0], screen=0, size=array([800, 600]), stencilBits=8, stereo=False, title='PsychoPy', units='height', useFBO=True, useRetina=False, viewOri=0.0, viewPos=None, viewScale=None, waitBlanking=True, winType='pyglet')
6.5737 	EXP 	window1: backgroundImage = ''
6.5737 	EXP 	window1: backgroundFit = 'none'
6.5794 	DEBUG 	TextBox2 loaded 1 chars with 0 blanks and 1 valid
6.5800 	DEBUG 	TextBox2 loaded 1 chars with 0 blanks and 1 valid
6.5806 	DEBUG 	TextBox2 loaded 1 chars with 0 blanks and 1 valid
6.5813 	DEBUG 	TextBox2 loaded 1 chars with 0 blanks and 1 valid
6.5821 	DEBUG 	TextBox2 loaded 1 chars with 0 blanks and 1 valid
6.5826 	DEBUG 	TextBox2 loaded 1 chars with 0 blanks and 1 valid
6.5832 	DEBUG 	TextBox2 loaded 1 chars with 0 blanks and 1 valid
6.5839 	DEBUG 	TextBox2 loaded 1 chars with 0 blanks and 1 valid
6.5842 	DEBUG 	TextBox2 loaded 1 chars with 0 blanks and 1 valid
6.5844 	DEBUG 	TextBox2 loaded 1 chars with 0 blanks and 1 valid
6.5850 	DEBUG 	TextBox2 loaded 1 chars with 0 blanks and 1 valid
6.5856 	DEBUG 	TextBox2 loaded 1 chars with 0 blanks and 1 valid
6.5861 	DEBUG 	TextBox2 loaded 1 chars with 0 blanks and 1 valid
6.5866 	DEBUG 	TextBox2 loaded 1 chars with 0 blanks and 1 valid
6.5871 	DEBUG 	TextBox2 loaded 1 chars with 0 blanks and 1 valid
6.5876 	DEBUG 	TextBox2 loaded 1 chars with 0 blanks and 1 valid
6.5882 	DEBUG 	TextBox2 loaded 1 chars with 0 blanks and 1 valid
6.5885 	DEBUG 	TextBox2 loaded 1 chars with 0 blanks and 1 valid
6.5889 	DEBUG 	TextBox2 loaded 1 chars with 0 blanks and 1 valid
6.5896 	DEBUG 	TextBox2 loaded 1 chars with 0 blanks and 1 valid
6.5900 	DEBUG 	TextBox2 loaded 1 chars with 0 blanks and 1 valid
6.5902 	DEBUG 	Uploading Texture Font fontname to graphics card
6.5987 	DEBUG 	Upload of Texture Font fontname complete
6.6036 	DEBUG 	TextBox2 loaded 1 chars with 0 blanks and 1 valid
6.6044 	DEBUG 	TextBox2 loaded 1 chars with 0 blanks and 1 valid
6.6051 	DEBUG 	TextBox2 loaded 1 chars with 0 blanks and 1 valid
6.6053 	DEBUG 	Uploading Texture Font fontname to graphics card
6.6122 	DEBUG 	Upload of Texture Font fontname complete
6.6138 	EXP 	window1: Attempting to measure frame rate of screen (0) ...
6.6139 	EXP 	window1: recordFrameIntervals = False
6.7988 	EXP 	window1: recordFrameIntervals = True
6.9821 	EXP 	Screen (0) actual frame rate measured at 59.98Hz
6.9822 	EXP 	window1: recordFrameIntervals = False
6.9922 	DEBUG 	TextBox2 loaded 1 chars with 0 blanks and 1 valid
6.9932 	DEBUG 	TextBox2 loaded 1 chars with 0 blanks and 1 valid
6.9947 	DEBUG 	TextBox2 loaded 1 chars with 0 blanks and 1 valid
6.9966 	DEBUG 	TextBox2 loaded 1 chars with 0 blanks and 1 valid
6.9981 	DEBUG 	TextBox2 loaded 1 chars with 0 blanks and 1 valid
6.9995 	DEBUG 	TextBox2 loaded 1 chars with 0 blanks and 1 valid
7.0002 	DEBUG 	TextBox2 loaded 1 chars with 0 blanks and 1 valid
7.0011 	DEBUG 	TextBox2 loaded 1 chars with 0 blanks and 1 valid
7.0021 	DEBUG 	TextBox2 loaded 1 chars with 0 blanks and 1 valid
7.0029 	DEBUG 	TextBox2 loaded 1 chars with 0 blanks and 1 valid
7.0031 	DEBUG 	Uploading Texture Font fontname to graphics card
7.0035 	DEBUG 	Upload of Texture Font fontname complete
7.0129 	WARNING 	launchHubServer: If using the iohub mouse or eyetracker devices, fullScr should be True.
9.4008 	INFO 	keyboard.Keyboard is using iohub backend.
9.4009 	INFO 	keyboard.Keyboard is using iohub backend.
9.4009 	EXP 	norming: status = STARTED
9.4459 	DEBUG 	Saving data for norming ExperimentHandler
9.4466 	INFO 	saved data to C:\Users\flani\Experiment\data/240490_norming_2025-03-12_12h36.09.687.psydat
9.4470 	INFO 	saved data to 'C:\\Users\\flani\\Experiment\\data/240490_norming_2025-03-12_12h36.09.687.csv'
