5.9048 	DEBUG 	Fullscreen settings ignored as running in pilot mode.
5.9058 	INFO 	Loaded monitor calibration from ['2025_01_27 21:32']
6.1377 	EXP 	Created window1 = Window(allowGUI=False, allowStencil=True, autoLog=True, backendConf=UNKNOWN, backgroundFit=<method-wrapper '__getattribute__' of attributeSetter object at 0x000001CADC89F6A0>, backgroundImage=<method-wrapper '__getattribute__' of attributeSetter object at 0x000001CADC89F700>, bitsMode=UNKNOWN, blendMode='avg', bpc=(8, 8, 8), color=array([0, 0, 0]), colorSpace='rgb', depthBits=8, fullscr=False, gamma=None, gammaErrorPolicy='raise', infoMsg=UNKNOWN, lms=UNKNOWN, monitor=<psychopy.monitors.calibTools.Monitor object at 0x000001CADC92CC10>, multiSample=False, name='window1', numSamples=2, pos=[560.0, 300.0], screen=0, size=array([800, 600]), stencilBits=8, stereo=False, title='PsychoPy', units='height', useFBO=True, useRetina=False, viewOri=0.0, viewPos=None, viewScale=None, waitBlanking=True, winType='pyglet')
6.1378 	EXP 	window1: backgroundImage = ''
6.1378 	EXP 	window1: backgroundFit = 'none'
6.1449 	DEBUG 	TextBox2 loaded 1 chars with 0 blanks and 1 valid
6.1455 	DEBUG 	TextBox2 loaded 1 chars with 0 blanks and 1 valid
6.1461 	DEBUG 	TextBox2 loaded 1 chars with 0 blanks and 1 valid
6.1468 	DEBUG 	TextBox2 loaded 1 chars with 0 blanks and 1 valid
6.1475 	DEBUG 	TextBox2 loaded 1 chars with 0 blanks and 1 valid
6.1479 	DEBUG 	TextBox2 loaded 1 chars with 0 blanks and 1 valid
6.1484 	DEBUG 	TextBox2 loaded 1 chars with 0 blanks and 1 valid
6.1492 	DEBUG 	TextBox2 loaded 1 chars with 0 blanks and 1 valid
6.1494 	DEBUG 	TextBox2 loaded 1 chars with 0 blanks and 1 valid
6.1497 	DEBUG 	TextBox2 loaded 1 chars with 0 blanks and 1 valid
6.1502 	DEBUG 	TextBox2 loaded 1 chars with 0 blanks and 1 valid
6.1508 	DEBUG 	TextBox2 loaded 1 chars with 0 blanks and 1 valid
6.1514 	DEBUG 	TextBox2 loaded 1 chars with 0 blanks and 1 valid
6.1519 	DEBUG 	TextBox2 loaded 1 chars with 0 blanks and 1 valid
6.1524 	DEBUG 	TextBox2 loaded 1 chars with 0 blanks and 1 valid
6.1530 	DEBUG 	TextBox2 loaded 1 chars with 0 blanks and 1 valid
6.1536 	DEBUG 	TextBox2 loaded 1 chars with 0 blanks and 1 valid
6.1539 	DEBUG 	TextBox2 loaded 1 chars with 0 blanks and 1 valid
6.1542 	DEBUG 	TextBox2 loaded 1 chars with 0 blanks and 1 valid
6.1550 	DEBUG 	TextBox2 loaded 1 chars with 0 blanks and 1 valid
6.1554 	DEBUG 	TextBox2 loaded 1 chars with 0 blanks and 1 valid
6.1557 	DEBUG 	Uploading Texture Font fontname to graphics card
6.1626 	DEBUG 	Upload of Texture Font fontname complete
6.1677 	DEBUG 	TextBox2 loaded 1 chars with 0 blanks and 1 valid
6.1684 	DEBUG 	TextBox2 loaded 1 chars with 0 blanks and 1 valid
6.1692 	DEBUG 	TextBox2 loaded 1 chars with 0 blanks and 1 valid
6.1694 	DEBUG 	Uploading Texture Font fontname to graphics card
6.1757 	DEBUG 	Upload of Texture Font fontname complete
6.1775 	EXP 	window1: Attempting to measure frame rate of screen (0) ...
6.1775 	EXP 	window1: recordFrameIntervals = False
6.3607 	EXP 	window1: recordFrameIntervals = True
6.5435 	EXP 	Screen (0) actual frame rate measured at 59.82Hz
6.5436 	EXP 	window1: recordFrameIntervals = False
6.5525 	DEBUG 	TextBox2 loaded 1 chars with 0 blanks and 1 valid
6.5531 	DEBUG 	TextBox2 loaded 1 chars with 0 blanks and 1 valid
6.5538 	DEBUG 	TextBox2 loaded 1 chars with 0 blanks and 1 valid
6.5547 	DEBUG 	TextBox2 loaded 1 chars with 0 blanks and 1 valid
6.5555 	DEBUG 	TextBox2 loaded 1 chars with 0 blanks and 1 valid
6.5563 	DEBUG 	TextBox2 loaded 1 chars with 0 blanks and 1 valid
6.5567 	DEBUG 	TextBox2 loaded 1 chars with 0 blanks and 1 valid
6.5575 	DEBUG 	TextBox2 loaded 1 chars with 0 blanks and 1 valid
6.5584 	DEBUG 	TextBox2 loaded 1 chars with 0 blanks and 1 valid
6.5592 	DEBUG 	TextBox2 loaded 1 chars with 0 blanks and 1 valid
6.5594 	DEBUG 	Uploading Texture Font fontname to graphics card
6.5598 	DEBUG 	Upload of Texture Font fontname complete
6.5691 	WARNING 	launchHubServer: If using the iohub mouse or eyetracker devices, fullScr should be True.
9.1562 	INFO 	keyboard.Keyboard is using iohub backend.
9.1563 	INFO 	keyboard.Keyboard is using iohub backend.
9.1563 	EXP 	norming: status = STARTED
9.2228 	DEBUG 	Saving data for norming ExperimentHandler
9.2235 	INFO 	saved data to C:\Users\flani\Experiment\data/259482_norming_2025-03-12_12h22.32.910.psydat
9.2240 	INFO 	saved data to 'C:\\Users\\flani\\Experiment\\data/259482_norming_2025-03-12_12h22.32.910.csv'
