5.9636 	DEBUG 	Fullscreen settings ignored as running in pilot mode.
5.9647 	INFO 	Loaded monitor calibration from ['2025_01_27 21:32']
6.1944 	EXP 	Created window1 = Window(allowGUI=False, allowStencil=False, autoLog=True, backendConf=UNKNOWN, backgroundFit=<method-wrapper '__getattribute__' of attributeSetter object at 0x000001FDE878C100>, backgroundImage=<method-wrapper '__getattribute__' of attributeSetter object at 0x000001FDE878C160>, bitsMode=UNKNOWN, blendMode='avg', bpc=(8, 8, 8), color=array([0, 0, 0]), colorSpace='rgb', depthBits=8, fullscr=False, gamma=None, gammaErrorPolicy='raise', infoMsg=UNKNOWN, lms=UNKNOWN, monitor=<psychopy.monitors.calibTools.Monitor object at 0x000001FDE8851A80>, multiSample=False, name='window1', numSamples=2, pos=[560.0, 300.0], screen=0, size=array([800, 600]), stencilBits=0, stereo=False, title='PsychoPy', units='height', useFBO=True, useRetina=False, viewOri=0.0, viewPos=None, viewScale=None, waitBlanking=True, winType='pyglet')
6.1945 	EXP 	window1: backgroundImage = ''
6.1945 	EXP 	window1: backgroundFit = 'none'
6.2015 	DEBUG 	TextBox2 loaded 1 chars with 0 blanks and 1 valid
6.2022 	DEBUG 	TextBox2 loaded 1 chars with 0 blanks and 1 valid
6.2029 	DEBUG 	TextBox2 loaded 1 chars with 0 blanks and 1 valid
6.2039 	DEBUG 	TextBox2 loaded 1 chars with 0 blanks and 1 valid
6.2048 	DEBUG 	TextBox2 loaded 1 chars with 0 blanks and 1 valid
6.2053 	DEBUG 	TextBox2 loaded 1 chars with 0 blanks and 1 valid
6.2060 	DEBUG 	TextBox2 loaded 1 chars with 0 blanks and 1 valid
6.2069 	DEBUG 	TextBox2 loaded 1 chars with 0 blanks and 1 valid
6.2072 	DEBUG 	TextBox2 loaded 1 chars with 0 blanks and 1 valid
6.2076 	DEBUG 	TextBox2 loaded 1 chars with 0 blanks and 1 valid
6.2081 	DEBUG 	TextBox2 loaded 1 chars with 0 blanks and 1 valid
6.2087 	DEBUG 	TextBox2 loaded 1 chars with 0 blanks and 1 valid
6.2092 	DEBUG 	TextBox2 loaded 1 chars with 0 blanks and 1 valid
6.2098 	DEBUG 	TextBox2 loaded 1 chars with 0 blanks and 1 valid
6.2102 	DEBUG 	TextBox2 loaded 1 chars with 0 blanks and 1 valid
6.2108 	DEBUG 	TextBox2 loaded 1 chars with 0 blanks and 1 valid
6.2114 	DEBUG 	TextBox2 loaded 1 chars with 0 blanks and 1 valid
6.2117 	DEBUG 	TextBox2 loaded 1 chars with 0 blanks and 1 valid
6.2120 	DEBUG 	TextBox2 loaded 1 chars with 0 blanks and 1 valid
6.2128 	DEBUG 	TextBox2 loaded 1 chars with 0 blanks and 1 valid
6.2132 	DEBUG 	TextBox2 loaded 1 chars with 0 blanks and 1 valid
6.2135 	DEBUG 	Uploading Texture Font fontname to graphics card
6.2174 	DEBUG 	Upload of Texture Font fontname complete
6.2221 	DEBUG 	TextBox2 loaded 1 chars with 0 blanks and 1 valid
6.2229 	DEBUG 	TextBox2 loaded 1 chars with 0 blanks and 1 valid
6.2236 	DEBUG 	TextBox2 loaded 1 chars with 0 blanks and 1 valid
6.2238 	DEBUG 	Uploading Texture Font fontname to graphics card
6.2263 	DEBUG 	Upload of Texture Font fontname complete
6.2278 	EXP 	window1: Attempting to measure frame rate of screen (0) ...
6.2278 	EXP 	window1: recordFrameIntervals = False
6.4157 	EXP 	window1: recordFrameIntervals = True
6.5991 	EXP 	Screen (0) actual frame rate measured at 60.22Hz
6.5992 	EXP 	window1: recordFrameIntervals = False
6.6085 	DEBUG 	TextBox2 loaded 1 chars with 0 blanks and 1 valid
6.6092 	DEBUG 	TextBox2 loaded 1 chars with 0 blanks and 1 valid
6.6101 	DEBUG 	TextBox2 loaded 1 chars with 0 blanks and 1 valid
6.6111 	DEBUG 	TextBox2 loaded 1 chars with 0 blanks and 1 valid
6.6119 	DEBUG 	TextBox2 loaded 1 chars with 0 blanks and 1 valid
6.6129 	DEBUG 	TextBox2 loaded 1 chars with 0 blanks and 1 valid
6.6133 	DEBUG 	TextBox2 loaded 1 chars with 0 blanks and 1 valid
6.6140 	DEBUG 	TextBox2 loaded 1 chars with 0 blanks and 1 valid
6.6148 	DEBUG 	TextBox2 loaded 1 chars with 0 blanks and 1 valid
6.6155 	DEBUG 	TextBox2 loaded 1 chars with 0 blanks and 1 valid
6.6157 	DEBUG 	Uploading Texture Font fontname to graphics card
6.6161 	DEBUG 	Upload of Texture Font fontname complete
6.6268 	WARNING 	launchHubServer: If using the iohub mouse or eyetracker devices, fullScr should be True.
9.5252 	INFO 	keyboard.Keyboard is using iohub backend.
9.5253 	INFO 	keyboard.Keyboard is using iohub backend.
9.5253 	INFO 	keyboard.Keyboard is using iohub backend.
9.7656 	INFO 	keyboard.Keyboard is using iohub backend.
9.7656 	INFO 	keyboard.Keyboard is using iohub backend.
9.7657 	EXP 	experiment: status = STARTED
9.8598 	EXP 	Created learningInstructions = TextStim(__class__=<class 'psychopy.visual.text.TextStim'>, alignHoriz=method-wrapper(...), alignText='center', alignVert=method-wrapper(...), anchorHoriz='center', anchorVert='center', antialias=True, autoDraw=False, autoLog=True, bold=False, color=array([1., 1., 1.]), colorSpace='rgb', contrast=1.0, depth=0.0, draggable=False, flipHoriz=False, flipVert=False, font='Arial', fontFiles=[], height=0.05, italic=False, languageStyle='LTR', name='learningInstructions', opacity=1, ori=0.0, pos=array([0., 0.]), rgb=UNKNOWN, text=str(...), units='height', win=Window(...), wrapWidth=1)
9.9881 	EXP 	Created image = ImageStim(__class__=<class 'psychopy.visual.image.ImageStim'>, anchor=('center', 'center'), autoLog=True, color=array([1., 1., 1.]), colorSpace='rgb', contrast=1.0, depth=-1.0, draggable=False, flipHoriz=False, flipVert=False, image='test_stimuli/dog_img.jpg', interpolate=True, mask=None, maskParams=None, name='image', opacity=1, ori=0.0, pos=array([0.  , 0.25]), size=array([0.25, 0.25]), texRes=128.0, units='height', win=Window(...))
9.9904 	EXP 	Created text_left = TextStim(__class__=<class 'psychopy.visual.text.TextStim'>, alignHoriz=method-wrapper(...), alignText='center', alignVert=method-wrapper(...), anchorHoriz='center', anchorVert='center', antialias=True, autoDraw=False, autoLog=True, bold=False, color=array([1., 1., 1.]), colorSpace='rgb', contrast=1.0, depth=-2.0, draggable=False, flipHoriz=False, flipVert=False, font='Arial', fontFiles=[], height=0.05, italic=False, languageStyle='LTR', name='text_left', opacity=1, ori=0.0, pos=array([-0.25,  0.  ]), rgb=UNKNOWN, text="'dog'", units='height', win=Window(...), wrapWidth=1)
9.9942 	EXP 	Created text_right = TextStim(__class__=<class 'psychopy.visual.text.TextStim'>, alignHoriz=method-wrapper(...), alignText='center', alignVert=method-wrapper(...), anchorHoriz='center', anchorVert='center', antialias=True, autoDraw=False, autoLog=True, bold=False, color=array([1., 1., 1.]), colorSpace='rgb', contrast=1.0, depth=-3.0, draggable=False, flipHoriz=False, flipVert=False, font='Arial', fontFiles=[], height=0.05, italic=False, languageStyle='LTR', name='text_right', opacity=1, ori=0.0, pos=array([0.25, 0.  ]), rgb=UNKNOWN, text="'cat'", units='height', win=Window(...), wrapWidth=1)
10.1677 	EXP 	Sound correct set volume 1.000
10.1786 	EXP 	Created text = TextStim(__class__=<class 'psychopy.visual.text.TextStim'>, alignHoriz=method-wrapper(...), alignText='center', alignVert=method-wrapper(...), anchorHoriz='center', anchorVert='center', antialias=True, autoDraw=False, autoLog=True, bold=False, color=array([1., 1., 1.]), colorSpace='rgb', contrast=1.0, depth=0.0, draggable=False, flipHoriz=False, flipVert=False, font='Arial', fontFiles=[], height=0.05, italic=False, languageStyle='LTR', name='text', opacity=1, ori=0.0, pos=array([0., 0.]), rgb=UNKNOWN, text=str(...), units='height', win=Window(...), wrapWidth=1)
10.3259 	EXP 	Created test_image = ImageStim(__class__=<class 'psychopy.visual.image.ImageStim'>, anchor=('center', 'center'), autoLog=True, color=array([1., 1., 1.]), colorSpace='rgb', contrast=1.0, depth=-1.0, draggable=False, flipHoriz=False, flipVert=False, image='test_stimuli/cat_img.jpg', interpolate=True, mask=None, maskParams=None, name='test_image', opacity=1, ori=0.0, pos=array([0.  , 0.25]), size=array([0.25, 0.25]), texRes=128.0, units='height', win=Window(...))
10.3282 	EXP 	Created left_text = TextStim(__class__=<class 'psychopy.visual.text.TextStim'>, alignHoriz=method-wrapper(...), alignText='center', alignVert=method-wrapper(...), anchorHoriz='center', anchorVert='center', antialias=True, autoDraw=False, autoLog=True, bold=False, color=array([1., 1., 1.]), colorSpace='rgb', contrast=1.0, depth=-2.0, draggable=False, flipHoriz=False, flipVert=False, font='Arial', fontFiles=[], height=0.05, italic=False, languageStyle='LTR', name='left_text', opacity=1, ori=0.0, pos=array([-0.25,  0.  ]), rgb=UNKNOWN, text="'dog'", units='height', win=Window(...), wrapWidth=1)
10.3302 	EXP 	Created right_text = TextStim(__class__=<class 'psychopy.visual.text.TextStim'>, alignHoriz=method-wrapper(...), alignText='center', alignVert=method-wrapper(...), anchorHoriz='center', anchorVert='center', antialias=True, autoDraw=False, autoLog=True, bold=False, color=array([1., 1., 1.]), colorSpace='rgb', contrast=1.0, depth=-3.0, draggable=False, flipHoriz=False, flipVert=False, font='Arial', fontFiles=[], height=0.05, italic=False, languageStyle='LTR', name='right_text', opacity=1, ori=0.0, pos=array([0.25, 0.  ]), rgb=UNKNOWN, text="'cat'", units='height', win=Window(...), wrapWidth=1)
10.3350 	EXP 	Created thanks = TextStim(__class__=<class 'psychopy.visual.text.TextStim'>, alignHoriz=method-wrapper(...), alignText='center', alignVert=method-wrapper(...), anchorHoriz='center', anchorVert='center', antialias=True, autoDraw=False, autoLog=True, bold=False, color=array([1., 1., 1.]), colorSpace='rgb', contrast=1.0, depth=0.0, draggable=False, flipHoriz=False, flipVert=False, font='Arial', fontFiles=[], height=0.05, italic=False, languageStyle='LTR', name='thanks', opacity=1, ori=0.0, pos=array([0., 0.]), rgb=UNKNOWN, text='Thank you for participating!\n\nAdd Survey', units='height', win=Window(...), wrapWidth=1)
0.0115 	EXP 	movie: autoLog = True
0.0115 	EXP 	test_movie: autoLog = True
0.0304 	INFO 	Keyboard events cleared
0.0299 	EXP 	learningInstructions: autoDraw = True
2.0873 	DATA 	Keypress: s
2.1449 	EXP 	learningInstructions: autoDraw = False
2.1449 	EXP 	movie: autoDraw = True
2.1449 	EXP 	text_left: autoDraw = True
2.1449 	EXP 	text_right: autoDraw = True
7.2802 	INFO 	Keyboard events cleared
7.2793 	EXP 	movie: autoDraw = False
7.2793 	EXP 	image: autoDraw = True
8.5570 	DATA 	Keypress: z
8.5623 	INFO 	Keyboard events cleared
8.5616 	EXP 	movie: autoDraw = False
8.5616 	EXP 	image: autoDraw = False
8.5616 	EXP 	text_left: autoDraw = False
8.5616 	EXP 	text_right: autoDraw = False
8.5616 	EXP 	text: autoDraw = True
14.4601 	DATA 	Keypress: s
14.4785 	EXP 	text: autoDraw = False
14.4785 	EXP 	test_movie: autoDraw = True
14.4785 	EXP 	left_text: autoDraw = True
14.4785 	EXP 	right_text: autoDraw = True
19.5799 	INFO 	Keyboard events cleared
19.5791 	EXP 	test_movie: autoDraw = False
19.5791 	EXP 	test_image: autoDraw = True
21.5682 	DATA 	Keypress: slash
23.7196 	DATA 	Keypress: slash
24.3022 	DATA 	Keypress: slash
25.3307 	DATA 	Keypress: z
25.3461 	EXP 	test_movie: autoDraw = False
25.3461 	EXP 	test_image: autoDraw = False
25.3461 	EXP 	left_text: autoDraw = False
25.3461 	EXP 	right_text: autoDraw = False
25.3461 	EXP 	thanks: autoDraw = True
26.3465 	EXP 	thanks: autoDraw = False
26.3498 	EXP 	experiment: status = STOPPED
26.3822 	INFO 	saved data to 'C:\\Users\\flani\\Experiment\\data/296007_experiment_2025-01-29_03h44.46.933.csv'
26.3832 	INFO 	saved data to C:\Users\flani\Experiment\data/296007_experiment_2025-01-29_03h44.46.933.psydat
26.7873 	DEBUG 	Saving data for experiment ExperimentHandler
