5.4303 	DEBUG 	Fullscreen settings ignored as running in pilot mode.
5.4311 	INFO 	Loaded monitor calibration from ['2025_01_27 21:32']
5.6605 	EXP 	Created window1 = Window(allowGUI=False, allowStencil=False, autoLog=True, backendConf=UNKNOWN, backgroundFit=<method-wrapper '__getattribute__' of attributeSetter object at 0x0000017C0E7F0DF0>, backgroundImage=<method-wrapper '__getattribute__' of attributeSetter object at 0x0000017C0E7F0D90>, bitsMode=UNKNOWN, blendMode='avg', bpc=(8, 8, 8), color=array([0, 0, 0]), colorSpace='rgb', depthBits=8, fullscr=False, gamma=None, gammaErrorPolicy='raise', infoMsg=UNKNOWN, lms=UNKNOWN, monitor=<psychopy.monitors.calibTools.Monitor object at 0x0000017C0E8A7F70>, multiSample=False, name='window1', numSamples=2, pos=[560.0, 300.0], screen=0, size=array([800, 600]), stencilBits=0, stereo=False, title='PsychoPy', units='height', useFBO=True, useRetina=False, viewOri=0.0, viewPos=None, viewScale=None, waitBlanking=True, winType='pyglet')
5.6606 	EXP 	window1: backgroundImage = ''
5.6606 	EXP 	window1: backgroundFit = 'none'
5.6683 	DEBUG 	TextBox2 loaded 1 chars with 0 blanks and 1 valid
5.6690 	DEBUG 	TextBox2 loaded 1 chars with 0 blanks and 1 valid
5.6698 	DEBUG 	TextBox2 loaded 1 chars with 0 blanks and 1 valid
5.6707 	DEBUG 	TextBox2 loaded 1 chars with 0 blanks and 1 valid
5.6716 	DEBUG 	TextBox2 loaded 1 chars with 0 blanks and 1 valid
5.6720 	DEBUG 	TextBox2 loaded 1 chars with 0 blanks and 1 valid
5.6727 	DEBUG 	TextBox2 loaded 1 chars with 0 blanks and 1 valid
5.6735 	DEBUG 	TextBox2 loaded 1 chars with 0 blanks and 1 valid
5.6738 	DEBUG 	TextBox2 loaded 1 chars with 0 blanks and 1 valid
5.6742 	DEBUG 	TextBox2 loaded 1 chars with 0 blanks and 1 valid
5.6749 	DEBUG 	TextBox2 loaded 1 chars with 0 blanks and 1 valid
5.6758 	DEBUG 	TextBox2 loaded 1 chars with 0 blanks and 1 valid
5.6765 	DEBUG 	TextBox2 loaded 1 chars with 0 blanks and 1 valid
5.6775 	DEBUG 	TextBox2 loaded 1 chars with 0 blanks and 1 valid
5.6785 	DEBUG 	TextBox2 loaded 1 chars with 0 blanks and 1 valid
5.6797 	DEBUG 	TextBox2 loaded 1 chars with 0 blanks and 1 valid
5.6805 	DEBUG 	TextBox2 loaded 1 chars with 0 blanks and 1 valid
5.6809 	DEBUG 	TextBox2 loaded 1 chars with 0 blanks and 1 valid
5.6813 	DEBUG 	TextBox2 loaded 1 chars with 0 blanks and 1 valid
5.6823 	DEBUG 	TextBox2 loaded 1 chars with 0 blanks and 1 valid
5.6827 	DEBUG 	TextBox2 loaded 1 chars with 0 blanks and 1 valid
5.6830 	DEBUG 	Uploading Texture Font fontname to graphics card
5.6984 	DEBUG 	Upload of Texture Font fontname complete
5.7056 	DEBUG 	TextBox2 loaded 1 chars with 0 blanks and 1 valid
5.7065 	DEBUG 	TextBox2 loaded 1 chars with 0 blanks and 1 valid
5.7074 	DEBUG 	TextBox2 loaded 1 chars with 0 blanks and 1 valid
5.7077 	DEBUG 	Uploading Texture Font fontname to graphics card
5.7158 	DEBUG 	Upload of Texture Font fontname complete
5.7198 	EXP 	window1: Attempting to measure frame rate of screen (0) ...
5.7199 	EXP 	window1: recordFrameIntervals = False
5.8953 	EXP 	window1: recordFrameIntervals = True
6.0792 	EXP 	Screen (0) actual frame rate measured at 59.62Hz
6.0793 	EXP 	window1: recordFrameIntervals = False
6.0891 	DEBUG 	TextBox2 loaded 1 chars with 0 blanks and 1 valid
6.0907 	DEBUG 	TextBox2 loaded 1 chars with 0 blanks and 1 valid
6.0925 	DEBUG 	TextBox2 loaded 1 chars with 0 blanks and 1 valid
6.0946 	DEBUG 	TextBox2 loaded 1 chars with 0 blanks and 1 valid
6.0961 	DEBUG 	TextBox2 loaded 1 chars with 0 blanks and 1 valid
6.0975 	DEBUG 	TextBox2 loaded 1 chars with 0 blanks and 1 valid
6.0983 	DEBUG 	TextBox2 loaded 1 chars with 0 blanks and 1 valid
6.0994 	DEBUG 	TextBox2 loaded 1 chars with 0 blanks and 1 valid
6.1008 	DEBUG 	TextBox2 loaded 1 chars with 0 blanks and 1 valid
6.1023 	DEBUG 	TextBox2 loaded 1 chars with 0 blanks and 1 valid
6.1029 	DEBUG 	Uploading Texture Font fontname to graphics card
6.1036 	DEBUG 	Upload of Texture Font fontname complete
6.1236 	WARNING 	launchHubServer: If using the iohub mouse or eyetracker devices, fullScr should be True.
8.7194 	INFO 	keyboard.Keyboard is using iohub backend.
8.7195 	INFO 	keyboard.Keyboard is using iohub backend.
8.7195 	INFO 	keyboard.Keyboard is using iohub backend.
8.7195 	EXP 	experiment: status = STARTED
8.8915 	EXP 	Created learningInstructions = TextStim(__class__=<class 'psychopy.visual.text.TextStim'>, alignHoriz=method-wrapper(...), alignText='center', alignVert=method-wrapper(...), anchorHoriz='center', anchorVert='center', antialias=True, autoDraw=False, autoLog=True, bold=False, color=array([1., 1., 1.]), colorSpace='rgb', contrast=1.0, depth=0.0, draggable=False, flipHoriz=False, flipVert=False, font='Arial', fontFiles=[], height=0.05, italic=False, languageStyle='LTR', name='learningInstructions', opacity=1, ori=0.0, pos=array([0., 0.]), rgb=UNKNOWN, text=str(...), units='height', win=Window(...), wrapWidth=1)
8.8938 	EXP 	Created text = TextStim(__class__=<class 'psychopy.visual.text.TextStim'>, alignHoriz=method-wrapper(...), alignText='center', alignVert=method-wrapper(...), anchorHoriz='center', anchorVert='center', antialias=True, autoDraw=False, autoLog=True, bold=False, color=array([1., 1., 1.]), colorSpace='rgb', contrast=1.0, depth=0.0, draggable=False, flipHoriz=False, flipVert=False, font='Arial', fontFiles=[], height=0.05, italic=False, languageStyle='LTR', name='text', opacity=1, ori=0.0, pos=array([0., 0.]), rgb=UNKNOWN, text="'name'", units='height', win=Window(...), wrapWidth=1)
9.0649 	DEPRECATION 	Found file 'test_stimuli/dog.mp4', failed to load as an image
9.1993 	DEBUG 	Saving data for experiment ExperimentHandler
9.2001 	INFO 	saved data to C:\Users\flani\Experiment\data/321599_experiment_2025-01-28_21h04.37.426.psydat
9.2006 	INFO 	saved data to 'C:\\Users\\flani\\Experiment\\data/321599_experiment_2025-01-28_21h04.37.426.csv'
