5.3649 	DEBUG 	Fullscreen settings ignored as running in pilot mode.
5.3657 	INFO 	Loaded monitor calibration from ['2025_01_27 21:32']
5.6178 	EXP 	Created window1 = Window(allowGUI=False, allowStencil=False, autoLog=True, backendConf=UNKNOWN, backgroundFit=<method-wrapper '__getattribute__' of attributeSetter object at 0x000001F69F791C90>, backgroundImage=<method-wrapper '__getattribute__' of attributeSetter object at 0x000001F69F791CF0>, bitsMode=UNKNOWN, blendMode='avg', bpc=(8, 8, 8), color=array([0, 0, 0]), colorSpace='rgb', depthBits=8, fullscr=False, gamma=None, gammaErrorPolicy='raise', infoMsg=UNKNOWN, lms=UNKNOWN, monitor=<psychopy.monitors.calibTools.Monitor object at 0x000001F69F8755A0>, multiSample=False, name='window1', numSamples=2, pos=[560.0, 300.0], screen=0, size=array([800, 600]), stencilBits=0, stereo=False, title='PsychoPy', units='height', useFBO=True, useRetina=False, viewOri=0.0, viewPos=None, viewScale=None, waitBlanking=True, winType='pyglet')
5.6179 	EXP 	window1: backgroundImage = ''
5.6179 	EXP 	window1: backgroundFit = 'none'
5.6240 	DEBUG 	TextBox2 loaded 1 chars with 0 blanks and 1 valid
5.6246 	DEBUG 	TextBox2 loaded 1 chars with 0 blanks and 1 valid
5.6252 	DEBUG 	TextBox2 loaded 1 chars with 0 blanks and 1 valid
5.6259 	DEBUG 	TextBox2 loaded 1 chars with 0 blanks and 1 valid
5.6266 	DEBUG 	TextBox2 loaded 1 chars with 0 blanks and 1 valid
5.6270 	DEBUG 	TextBox2 loaded 1 chars with 0 blanks and 1 valid
5.6275 	DEBUG 	TextBox2 loaded 1 chars with 0 blanks and 1 valid
5.6282 	DEBUG 	TextBox2 loaded 1 chars with 0 blanks and 1 valid
5.6285 	DEBUG 	TextBox2 loaded 1 chars with 0 blanks and 1 valid
5.6287 	DEBUG 	TextBox2 loaded 1 chars with 0 blanks and 1 valid
5.6293 	DEBUG 	TextBox2 loaded 1 chars with 0 blanks and 1 valid
5.6298 	DEBUG 	TextBox2 loaded 1 chars with 0 blanks and 1 valid
5.6303 	DEBUG 	TextBox2 loaded 1 chars with 0 blanks and 1 valid
5.6309 	DEBUG 	TextBox2 loaded 1 chars with 0 blanks and 1 valid
5.6313 	DEBUG 	TextBox2 loaded 1 chars with 0 blanks and 1 valid
5.6319 	DEBUG 	TextBox2 loaded 1 chars with 0 blanks and 1 valid
5.6325 	DEBUG 	TextBox2 loaded 1 chars with 0 blanks and 1 valid
5.6328 	DEBUG 	TextBox2 loaded 1 chars with 0 blanks and 1 valid
5.6331 	DEBUG 	TextBox2 loaded 1 chars with 0 blanks and 1 valid
5.6338 	DEBUG 	TextBox2 loaded 1 chars with 0 blanks and 1 valid
5.6341 	DEBUG 	TextBox2 loaded 1 chars with 0 blanks and 1 valid
5.6344 	DEBUG 	Uploading Texture Font fontname to graphics card
5.6407 	DEBUG 	Upload of Texture Font fontname complete
5.6457 	DEBUG 	TextBox2 loaded 1 chars with 0 blanks and 1 valid
5.6472 	DEBUG 	TextBox2 loaded 1 chars with 0 blanks and 1 valid
5.6479 	DEBUG 	TextBox2 loaded 1 chars with 0 blanks and 1 valid
5.6482 	DEBUG 	Uploading Texture Font fontname to graphics card
5.6511 	DEBUG 	Upload of Texture Font fontname complete
5.6529 	EXP 	window1: Attempting to measure frame rate of screen (0) ...
5.6529 	EXP 	window1: recordFrameIntervals = False
5.8244 	EXP 	window1: recordFrameIntervals = True
6.0082 	EXP 	Screen (0) actual frame rate measured at 60.19Hz
6.0082 	EXP 	window1: recordFrameIntervals = False
6.0167 	DEBUG 	TextBox2 loaded 1 chars with 0 blanks and 1 valid
6.0176 	DEBUG 	TextBox2 loaded 1 chars with 0 blanks and 1 valid
6.0189 	DEBUG 	TextBox2 loaded 1 chars with 0 blanks and 1 valid
6.0205 	DEBUG 	TextBox2 loaded 1 chars with 0 blanks and 1 valid
6.0220 	DEBUG 	TextBox2 loaded 1 chars with 0 blanks and 1 valid
6.0237 	DEBUG 	TextBox2 loaded 1 chars with 0 blanks and 1 valid
6.0246 	DEBUG 	TextBox2 loaded 1 chars with 0 blanks and 1 valid
6.0258 	DEBUG 	TextBox2 loaded 1 chars with 0 blanks and 1 valid
6.0271 	DEBUG 	TextBox2 loaded 1 chars with 0 blanks and 1 valid
6.0282 	DEBUG 	TextBox2 loaded 1 chars with 0 blanks and 1 valid
6.0286 	DEBUG 	Uploading Texture Font fontname to graphics card
6.0291 	DEBUG 	Upload of Texture Font fontname complete
6.0421 	WARNING 	launchHubServer: If using the iohub mouse or eyetracker devices, fullScr should be True.
9.1623 	INFO 	keyboard.Keyboard is using iohub backend.
9.1624 	INFO 	keyboard.Keyboard is using iohub backend.
9.3851 	INFO 	keyboard.Keyboard is using iohub backend.
9.3851 	EXP 	experiment: status = STARTED
9.5246 	EXP 	Created image = ImageStim(__class__=<class 'psychopy.visual.image.ImageStim'>, anchor=('center', 'center'), autoLog=True, color=array([1., 1., 1.]), colorSpace='rgb', contrast=1.0, depth=-1.0, draggable=False, flipHoriz=False, flipVert=False, image='test_stimuli/dog_img.jpg', interpolate=True, mask=None, maskParams=None, name='image', opacity=1, ori=0.0, pos=array([0.  , 0.25]), size=array([0.25, 0.25]), texRes=128.0, units='height', win=Window(...))
9.6154 	EXP 	Created text_left = TextStim(__class__=<class 'psychopy.visual.text.TextStim'>, alignHoriz=method-wrapper(...), alignText='center', alignVert=method-wrapper(...), anchorHoriz='center', anchorVert='center', antialias=True, autoDraw=False, autoLog=True, bold=False, color=array([1., 1., 1.]), colorSpace='rgb', contrast=1.0, depth=-2.0, draggable=False, flipHoriz=False, flipVert=False, font='Arial', fontFiles=[], height=0.05, italic=False, languageStyle='LTR', name='text_left', opacity=1, ori=0.0, pos=array([-0.25,  0.  ]), rgb=UNKNOWN, text="'dog'", units='height', win=Window(...), wrapWidth=1)
9.6192 	EXP 	Created text_right = TextStim(__class__=<class 'psychopy.visual.text.TextStim'>, alignHoriz=method-wrapper(...), alignText='center', alignVert=method-wrapper(...), anchorHoriz='center', anchorVert='center', antialias=True, autoDraw=False, autoLog=True, bold=False, color=array([1., 1., 1.]), colorSpace='rgb', contrast=1.0, depth=-3.0, draggable=False, flipHoriz=False, flipVert=False, font='Arial', fontFiles=[], height=0.05, italic=False, languageStyle='LTR', name='text_right', opacity=1, ori=0.0, pos=array([0.25, 0.  ]), rgb=UNKNOWN, text="'cat'", units='height', win=Window(...), wrapWidth=1)
9.8012 	EXP 	Sound correct set volume 1.000
10.1664 	EXP 	Created test_image = ImageStim(__class__=<class 'psychopy.visual.image.ImageStim'>, anchor=('center', 'center'), autoLog=True, color=array([1., 1., 1.]), colorSpace='rgb', contrast=1.0, depth=-1.0, draggable=False, flipHoriz=False, flipVert=False, image='test_stimuli/cat_img.jpg', interpolate=True, mask=None, maskParams=None, name='test_image', opacity=1, ori=0.0, pos=array([0.  , 0.25]), size=array([0.25, 0.25]), texRes=128.0, units='height', win=Window(...))
10.1688 	EXP 	Created left_text = TextStim(__class__=<class 'psychopy.visual.text.TextStim'>, alignHoriz=method-wrapper(...), alignText='center', alignVert=method-wrapper(...), anchorHoriz='center', anchorVert='center', antialias=True, autoDraw=False, autoLog=True, bold=False, color=array([1., 1., 1.]), colorSpace='rgb', contrast=1.0, depth=-2.0, draggable=False, flipHoriz=False, flipVert=False, font='Arial', fontFiles=[], height=0.05, italic=False, languageStyle='LTR', name='left_text', opacity=1, ori=0.0, pos=array([-0.25,  0.  ]), rgb=UNKNOWN, text="'dog'", units='height', win=Window(...), wrapWidth=1)
10.1709 	EXP 	Created right_text = TextStim(__class__=<class 'psychopy.visual.text.TextStim'>, alignHoriz=method-wrapper(...), alignText='center', alignVert=method-wrapper(...), anchorHoriz='center', anchorVert='center', antialias=True, autoDraw=False, autoLog=True, bold=False, color=array([1., 1., 1.]), colorSpace='rgb', contrast=1.0, depth=-3.0, draggable=False, flipHoriz=False, flipVert=False, font='Arial', fontFiles=[], height=0.05, italic=False, languageStyle='LTR', name='right_text', opacity=1, ori=0.0, pos=array([0.25, 0.  ]), rgb=UNKNOWN, text="'cat'", units='height', win=Window(...), wrapWidth=1)
10.1821 	EXP 	Created thanks = TextStim(__class__=<class 'psychopy.visual.text.TextStim'>, alignHoriz=method-wrapper(...), alignText='center', alignVert=method-wrapper(...), anchorHoriz='center', anchorVert='center', antialias=True, autoDraw=False, autoLog=True, bold=False, color=array([1., 1., 1.]), colorSpace='rgb', contrast=1.0, depth=0.0, draggable=False, flipHoriz=False, flipVert=False, font='Arial', fontFiles=[], height=0.05, italic=False, languageStyle='LTR', name='thanks', opacity=1, ori=0.0, pos=array([0., 0.]), rgb=UNKNOWN, text='Thank you for participating!\n\nAdd Survey', units='height', win=Window(...), wrapWidth=1)
0.0073 	EXP 	movie: autoLog = True
0.0073 	EXP 	test_movie: autoLog = True
0.0408 	EXP 	movie: autoDraw = True
0.0408 	EXP 	text_left: autoDraw = True
0.0408 	EXP 	text_right: autoDraw = True
0.9887 	DATA 	Keypress: slash
5.1765 	INFO 	Keyboard events cleared
5.1759 	EXP 	movie: autoDraw = False
5.1759 	EXP 	image: autoDraw = True
6.7689 	DATA 	Keypress: slash
6.7746 	EXP 	movie: autoDraw = False
6.7746 	EXP 	image: autoDraw = False
6.7746 	EXP 	text_left: autoDraw = False
6.7746 	EXP 	text_right: autoDraw = False
6.7746 	EXP 	test_movie: autoDraw = True
6.7746 	EXP 	left_text: autoDraw = True
6.7746 	EXP 	right_text: autoDraw = True
9.4650 	DATA 	Keypress: slash
11.8887 	INFO 	Keyboard events cleared
11.8879 	EXP 	test_movie: autoDraw = False
11.8879 	EXP 	test_image: autoDraw = True
12.2490 	DATA 	Keypress: slash
13.2556 	DATA 	Keypress: z
13.2761 	EXP 	test_movie: autoDraw = False
13.2761 	EXP 	test_image: autoDraw = False
13.2761 	EXP 	left_text: autoDraw = False
13.2761 	EXP 	right_text: autoDraw = False
13.2761 	EXP 	thanks: autoDraw = True
14.2762 	EXP 	thanks: autoDraw = False
14.2798 	EXP 	experiment: status = STOPPED
14.3111 	INFO 	saved data to 'C:\\Users\\flani\\Experiment\\data/360853_experiment_2025-01-29_03h53.09.876.csv'
14.3121 	INFO 	saved data to C:\Users\flani\Experiment\data/360853_experiment_2025-01-29_03h53.09.876.psydat
15.0659 	DEBUG 	Saving data for experiment ExperimentHandler
