8.9174 	DEBUG 	Fullscreen settings ignored as running in pilot mode.
8.9180 	INFO 	Loaded monitor calibration from ['2025_01_27 21:32']
9.3151 	EXP 	Created window1 = Window(allowGUI=False, allowStencil=False, autoLog=True, backendConf=UNKNOWN, backgroundFit=<method-wrapper '__getattribute__' of attributeSetter object at 0x000001B9A2903310>, backgroundImage=<method-wrapper '__getattribute__' of attributeSetter object at 0x000001B9A2903370>, bitsMode=UNKNOWN, blendMode='avg', bpc=(8, 8, 8), color=array([0, 0, 0]), colorSpace='rgb', depthBits=8, fullscr=False, gamma=None, gammaErrorPolicy='raise', infoMsg=UNKNOWN, lms=UNKNOWN, monitor=<psychopy.monitors.calibTools.Monitor object at 0x000001B9A2994A00>, multiSample=False, name='window1', numSamples=2, pos=[560.0, 300.0], screen=0, size=array([800, 600]), stencilBits=0, stereo=False, title='PsychoPy', units='height', useFBO=True, useRetina=False, viewOri=0.0, viewPos=None, viewScale=None, waitBlanking=True, winType='pyglet')
9.3151 	EXP 	window1: backgroundImage = ''
9.3152 	EXP 	window1: backgroundFit = 'none'
9.3415 	DEBUG 	TextBox2 loaded 1 chars with 0 blanks and 1 valid
9.3426 	DEBUG 	TextBox2 loaded 1 chars with 0 blanks and 1 valid
9.3438 	DEBUG 	TextBox2 loaded 1 chars with 0 blanks and 1 valid
9.3451 	DEBUG 	TextBox2 loaded 1 chars with 0 blanks and 1 valid
9.3464 	DEBUG 	TextBox2 loaded 1 chars with 0 blanks and 1 valid
9.3472 	DEBUG 	TextBox2 loaded 1 chars with 0 blanks and 1 valid
9.3482 	DEBUG 	TextBox2 loaded 1 chars with 0 blanks and 1 valid
9.3495 	DEBUG 	TextBox2 loaded 1 chars with 0 blanks and 1 valid
9.3500 	DEBUG 	TextBox2 loaded 1 chars with 0 blanks and 1 valid
9.3504 	DEBUG 	TextBox2 loaded 1 chars with 0 blanks and 1 valid
9.3513 	DEBUG 	TextBox2 loaded 1 chars with 0 blanks and 1 valid
9.3521 	DEBUG 	TextBox2 loaded 1 chars with 0 blanks and 1 valid
9.3527 	DEBUG 	TextBox2 loaded 1 chars with 0 blanks and 1 valid
9.3534 	DEBUG 	TextBox2 loaded 1 chars with 0 blanks and 1 valid
9.3539 	DEBUG 	TextBox2 loaded 1 chars with 0 blanks and 1 valid
9.3546 	DEBUG 	TextBox2 loaded 1 chars with 0 blanks and 1 valid
9.3553 	DEBUG 	TextBox2 loaded 1 chars with 0 blanks and 1 valid
9.3559 	DEBUG 	TextBox2 loaded 1 chars with 0 blanks and 1 valid
9.3563 	DEBUG 	TextBox2 loaded 1 chars with 0 blanks and 1 valid
9.3570 	DEBUG 	TextBox2 loaded 1 chars with 0 blanks and 1 valid
9.3585 	DEBUG 	TextBox2 loaded 1 chars with 0 blanks and 1 valid
9.3656 	DEBUG 	Uploading Texture Font fontname to graphics card
9.4315 	DEBUG 	Upload of Texture Font fontname complete
9.4381 	DEBUG 	TextBox2 loaded 1 chars with 0 blanks and 1 valid
9.4390 	DEBUG 	TextBox2 loaded 1 chars with 0 blanks and 1 valid
9.4397 	DEBUG 	TextBox2 loaded 1 chars with 0 blanks and 1 valid
9.4399 	DEBUG 	Uploading Texture Font fontname to graphics card
9.4519 	DEBUG 	Upload of Texture Font fontname complete
9.4542 	EXP 	window1: Attempting to measure frame rate of screen (0) ...
9.4542 	EXP 	window1: recordFrameIntervals = False
9.6591 	EXP 	window1: recordFrameIntervals = True
9.7741 	WARNING 	t of last frame was 49.31ms (=1/20)
9.8767 	WARNING 	t of last frame was 20.28ms (=1/49)
10.0415 	EXP 	Screen (0) actual frame rate measured at 60.84Hz
10.0416 	EXP 	window1: recordFrameIntervals = False
10.0518 	DEBUG 	TextBox2 loaded 1 chars with 0 blanks and 1 valid
10.0529 	DEBUG 	TextBox2 loaded 1 chars with 0 blanks and 1 valid
10.0552 	DEBUG 	TextBox2 loaded 1 chars with 0 blanks and 1 valid
10.0574 	DEBUG 	TextBox2 loaded 1 chars with 0 blanks and 1 valid
10.0594 	DEBUG 	TextBox2 loaded 1 chars with 0 blanks and 1 valid
10.0613 	DEBUG 	TextBox2 loaded 1 chars with 0 blanks and 1 valid
10.0622 	DEBUG 	TextBox2 loaded 1 chars with 0 blanks and 1 valid
10.0638 	DEBUG 	TextBox2 loaded 1 chars with 0 blanks and 1 valid
10.0656 	DEBUG 	TextBox2 loaded 1 chars with 0 blanks and 1 valid
10.0673 	DEBUG 	TextBox2 loaded 1 chars with 0 blanks and 1 valid
10.0679 	DEBUG 	Uploading Texture Font fontname to graphics card
10.0686 	DEBUG 	Upload of Texture Font fontname complete
10.0885 	WARNING 	launchHubServer: If using the iohub mouse or eyetracker devices, fullScr should be True.
12.8707 	INFO 	keyboard.Keyboard is using iohub backend.
12.8707 	EXP 	norming: status = STARTED
13.9858 	DEBUG 	Saving data for norming ExperimentHandler
13.9865 	INFO 	saved data to C:\Users\flani\Experiment\data/400516_norming_2025-03-12_11h12.35.841.psydat
13.9869 	INFO 	saved data to 'C:\\Users\\flani\\Experiment\\data/400516_norming_2025-03-12_11h12.35.841.csv'
