27.5486 	DEBUG 	Fullscreen settings ignored as running in pilot mode.
27.5496 	INFO 	Loaded monitor calibration from ['2025_01_27 21:32']
29.0678 	EXP 	Created window1 = Window(allowGUI=False, allowStencil=False, autoLog=True, backendConf=UNKNOWN, backgroundFit=<method-wrapper '__getattribute__' of attributeSetter object at 0x0000020FC8D1D540>, backgroundImage=<method-wrapper '__getattribute__' of attributeSetter object at 0x0000020FC8D1D4E0>, bitsMode=UNKNOWN, blendMode='avg', bpc=(8, 8, 8), color=array([0, 0, 0]), colorSpace='rgb', depthBits=8, fullscr=False, gamma=None, gammaErrorPolicy='raise', infoMsg=UNKNOWN, lms=UNKNOWN, monitor=<psychopy.monitors.calibTools.Monitor object at 0x0000020FC8DE5990>, multiSample=False, name='window1', numSamples=2, pos=[560.0, 300.0], screen=0, size=array([800, 600]), stencilBits=0, stereo=False, title='PsychoPy', units='height', useFBO=True, useRetina=False, viewOri=0.0, viewPos=None, viewScale=None, waitBlanking=True, winType='pyglet')
29.0681 	EXP 	window1: backgroundImage = ''
29.0681 	EXP 	window1: backgroundFit = 'none'
29.0853 	DEBUG 	TextBox2 loaded 1 chars with 0 blanks and 1 valid
29.0863 	DEBUG 	TextBox2 loaded 1 chars with 0 blanks and 1 valid
29.0873 	DEBUG 	TextBox2 loaded 1 chars with 0 blanks and 1 valid
29.0884 	DEBUG 	TextBox2 loaded 1 chars with 0 blanks and 1 valid
29.0897 	DEBUG 	TextBox2 loaded 1 chars with 0 blanks and 1 valid
29.0904 	DEBUG 	TextBox2 loaded 1 chars with 0 blanks and 1 valid
29.0913 	DEBUG 	TextBox2 loaded 1 chars with 0 blanks and 1 valid
29.0925 	DEBUG 	TextBox2 loaded 1 chars with 0 blanks and 1 valid
29.0929 	DEBUG 	TextBox2 loaded 1 chars with 0 blanks and 1 valid
29.0933 	DEBUG 	TextBox2 loaded 1 chars with 0 blanks and 1 valid
29.0942 	DEBUG 	TextBox2 loaded 1 chars with 0 blanks and 1 valid
29.0950 	DEBUG 	TextBox2 loaded 1 chars with 0 blanks and 1 valid
29.0958 	DEBUG 	TextBox2 loaded 1 chars with 0 blanks and 1 valid
29.0968 	DEBUG 	TextBox2 loaded 1 chars with 0 blanks and 1 valid
29.0976 	DEBUG 	TextBox2 loaded 1 chars with 0 blanks and 1 valid
29.0985 	DEBUG 	TextBox2 loaded 1 chars with 0 blanks and 1 valid
29.0996 	DEBUG 	TextBox2 loaded 1 chars with 0 blanks and 1 valid
29.1004 	DEBUG 	TextBox2 loaded 1 chars with 0 blanks and 1 valid
29.1013 	DEBUG 	TextBox2 loaded 1 chars with 0 blanks and 1 valid
29.1027 	DEBUG 	TextBox2 loaded 1 chars with 0 blanks and 1 valid
29.1043 	DEBUG 	TextBox2 loaded 1 chars with 0 blanks and 1 valid
29.1050 	DEBUG 	Uploading Texture Font fontname to graphics card
29.1584 	DEBUG 	Upload of Texture Font fontname complete
29.1689 	DEBUG 	TextBox2 loaded 1 chars with 0 blanks and 1 valid
29.1703 	DEBUG 	TextBox2 loaded 1 chars with 0 blanks and 1 valid
29.1718 	DEBUG 	TextBox2 loaded 1 chars with 0 blanks and 1 valid
29.1723 	DEBUG 	Uploading Texture Font fontname to graphics card
29.2343 	DEBUG 	Upload of Texture Font fontname complete
29.2372 	EXP 	window1: Attempting to measure frame rate of screen (0) ...
29.2373 	EXP 	window1: recordFrameIntervals = False
29.5199 	EXP 	window1: recordFrameIntervals = True
29.5867 	WARNING 	t of last frame was 26.22ms (=1/38)
29.6168 	WARNING 	t of last frame was 30.15ms (=1/33)
29.6559 	WARNING 	t of last frame was 28.98ms (=1/34)
29.6909 	WARNING 	t of last frame was 35.02ms (=1/28)
29.7232 	WARNING 	Multiple dropped frames have occurred - I'll stop bothering you about them!
32.1011 	WARNING 	Couldn't measure a consistent frame rate!
  - Is your graphics card set to sync to vertical blank?
  - Are you running other processes on your computer?

32.1415 	DEBUG 	TextBox2 loaded 1 chars with 0 blanks and 1 valid
32.1427 	DEBUG 	TextBox2 loaded 1 chars with 0 blanks and 1 valid
32.1442 	DEBUG 	TextBox2 loaded 1 chars with 0 blanks and 1 valid
32.1462 	DEBUG 	TextBox2 loaded 1 chars with 0 blanks and 1 valid
32.1477 	DEBUG 	TextBox2 loaded 1 chars with 0 blanks and 1 valid
32.1491 	DEBUG 	TextBox2 loaded 1 chars with 0 blanks and 1 valid
32.1499 	DEBUG 	TextBox2 loaded 1 chars with 0 blanks and 1 valid
32.1512 	DEBUG 	TextBox2 loaded 1 chars with 0 blanks and 1 valid
32.1524 	DEBUG 	TextBox2 loaded 1 chars with 0 blanks and 1 valid
32.1535 	DEBUG 	TextBox2 loaded 1 chars with 0 blanks and 1 valid
32.1540 	DEBUG 	Uploading Texture Font fontname to graphics card
32.1546 	DEBUG 	Upload of Texture Font fontname complete
32.1909 	WARNING 	launchHubServer: If using the iohub mouse or eyetracker devices, fullScr should be True.
37.3196 	INFO 	keyboard.Keyboard is using iohub backend.
37.3196 	INFO 	keyboard.Keyboard is using iohub backend.
37.3197 	INFO 	keyboard.Keyboard is using iohub backend.
37.3663 	INFO 	keyboard.Keyboard is using iohub backend.
37.3664 	INFO 	keyboard.Keyboard is using iohub backend.
37.3664 	EXP 	experiment: status = STARTED
37.8489 	EXP 	Created learningInstructions = TextStim(__class__=<class 'psychopy.visual.text.TextStim'>, alignHoriz=method-wrapper(...), alignText='center', alignVert=method-wrapper(...), anchorHoriz='center', anchorVert='center', antialias=True, autoDraw=False, autoLog=True, bold=False, color=array([1., 1., 1.]), colorSpace='rgb', contrast=1.0, depth=0.0, draggable=False, flipHoriz=False, flipVert=False, font='Arial', fontFiles=[], height=0.05, italic=False, languageStyle='LTR', name='learningInstructions', opacity=1, ori=0.0, pos=array([0., 0.]), rgb=UNKNOWN, text=str(...), units='height', win=Window(...), wrapWidth=1)
38.9775 	EXP 	Created image = ImageStim(__class__=<class 'psychopy.visual.image.ImageStim'>, anchor=('center', 'center'), autoLog=True, color=array([1., 1., 1.]), colorSpace='rgb', contrast=1.0, depth=-1.0, draggable=False, flipHoriz=False, flipVert=False, image='test_stimuli/dog_img.jpg', interpolate=True, mask=None, maskParams=None, name='image', opacity=1, ori=0.0, pos=array([0.  , 0.25]), size=array([0.25, 0.25]), texRes=128.0, units='height', win=Window(...))
38.9804 	EXP 	Created text_left = TextStim(__class__=<class 'psychopy.visual.text.TextStim'>, alignHoriz=method-wrapper(...), alignText='center', alignVert=method-wrapper(...), anchorHoriz='center', anchorVert='center', antialias=True, autoDraw=False, autoLog=True, bold=False, color=array([1., 1., 1.]), colorSpace='rgb', contrast=1.0, depth=-2.0, draggable=False, flipHoriz=False, flipVert=False, font='Arial', fontFiles=[], height=0.05, italic=False, languageStyle='LTR', name='text_left', opacity=1, ori=0.0, pos=array([-0.25,  0.  ]), rgb=UNKNOWN, text="'dog'", units='height', win=Window(...), wrapWidth=1)
38.9833 	EXP 	Created text_right = TextStim(__class__=<class 'psychopy.visual.text.TextStim'>, alignHoriz=method-wrapper(...), alignText='center', alignVert=method-wrapper(...), anchorHoriz='center', anchorVert='center', antialias=True, autoDraw=False, autoLog=True, bold=False, color=array([1., 1., 1.]), colorSpace='rgb', contrast=1.0, depth=-3.0, draggable=False, flipHoriz=False, flipVert=False, font='Arial', fontFiles=[], height=0.05, italic=False, languageStyle='LTR', name='text_right', opacity=1, ori=0.0, pos=array([0.25, 0.  ]), rgb=UNKNOWN, text="'cat'", units='height', win=Window(...), wrapWidth=1)
39.2307 	EXP 	Sound correct set volume 1.000
39.2530 	EXP 	Created text = TextStim(__class__=<class 'psychopy.visual.text.TextStim'>, alignHoriz=method-wrapper(...), alignText='center', alignVert=method-wrapper(...), anchorHoriz='center', anchorVert='center', antialias=True, autoDraw=False, autoLog=True, bold=False, color=array([1., 1., 1.]), colorSpace='rgb', contrast=1.0, depth=0.0, draggable=False, flipHoriz=False, flipVert=False, font='Arial', fontFiles=[], height=0.05, italic=False, languageStyle='LTR', name='text', opacity=1, ori=0.0, pos=array([0., 0.]), rgb=UNKNOWN, text=str(...), units='height', win=Window(...), wrapWidth=1)
39.5274 	EXP 	Created test_image = ImageStim(__class__=<class 'psychopy.visual.image.ImageStim'>, anchor=('center', 'center'), autoLog=True, color=array([1., 1., 1.]), colorSpace='rgb', contrast=1.0, depth=-1.0, draggable=False, flipHoriz=False, flipVert=False, image='test_stimuli/cat_img.jpg', interpolate=True, mask=None, maskParams=None, name='test_image', opacity=1, ori=0.0, pos=array([0.  , 0.25]), size=array([0.25, 0.25]), texRes=128.0, units='height', win=Window(...))
39.5302 	EXP 	Created left_text = TextStim(__class__=<class 'psychopy.visual.text.TextStim'>, alignHoriz=method-wrapper(...), alignText='center', alignVert=method-wrapper(...), anchorHoriz='center', anchorVert='center', antialias=True, autoDraw=False, autoLog=True, bold=False, color=array([1., 1., 1.]), colorSpace='rgb', contrast=1.0, depth=-2.0, draggable=False, flipHoriz=False, flipVert=False, font='Arial', fontFiles=[], height=0.05, italic=False, languageStyle='LTR', name='left_text', opacity=1, ori=0.0, pos=array([-0.25,  0.  ]), rgb=UNKNOWN, text="'dog'", units='height', win=Window(...), wrapWidth=1)
39.5329 	EXP 	Created right_text = TextStim(__class__=<class 'psychopy.visual.text.TextStim'>, alignHoriz=method-wrapper(...), alignText='center', alignVert=method-wrapper(...), anchorHoriz='center', anchorVert='center', antialias=True, autoDraw=False, autoLog=True, bold=False, color=array([1., 1., 1.]), colorSpace='rgb', contrast=1.0, depth=-3.0, draggable=False, flipHoriz=False, flipVert=False, font='Arial', fontFiles=[], height=0.05, italic=False, languageStyle='LTR', name='right_text', opacity=1, ori=0.0, pos=array([0.25, 0.  ]), rgb=UNKNOWN, text="'cat'", units='height', win=Window(...), wrapWidth=1)
39.5392 	EXP 	Created thanks = TextStim(__class__=<class 'psychopy.visual.text.TextStim'>, alignHoriz=method-wrapper(...), alignText='center', alignVert=method-wrapper(...), anchorHoriz='center', anchorVert='center', antialias=True, autoDraw=False, autoLog=True, bold=False, color=array([1., 1., 1.]), colorSpace='rgb', contrast=1.0, depth=0.0, draggable=False, flipHoriz=False, flipVert=False, font='Arial', fontFiles=[], height=0.05, italic=False, languageStyle='LTR', name='thanks', opacity=1, ori=0.0, pos=array([0., 0.]), rgb=UNKNOWN, text='Thank you for participating!\n\nAdd Survey', units='height', win=Window(...), wrapWidth=1)
0.0165 	EXP 	movie: autoLog = True
0.0165 	EXP 	test_movie: autoLog = True
0.0411 	INFO 	Keyboard events cleared
0.0399 	EXP 	learningInstructions: autoDraw = True
21.3751 	DATA 	Keypress: s
21.3826 	EXP 	learningInstructions: autoDraw = False
21.3826 	EXP 	movie: autoDraw = True
21.3826 	EXP 	text_left: autoDraw = True
21.3826 	EXP 	text_right: autoDraw = True
26.5533 	INFO 	Keyboard events cleared
26.5525 	EXP 	movie: autoDraw = False
26.5525 	EXP 	image: autoDraw = True
28.0466 	DATA 	Keypress: z
28.0672 	INFO 	Keyboard events cleared
28.0666 	EXP 	movie: autoDraw = False
28.0666 	EXP 	image: autoDraw = False
28.0666 	EXP 	text_left: autoDraw = False
28.0666 	EXP 	text_right: autoDraw = False
28.0666 	EXP 	text: autoDraw = True
40.5517 	DATA 	Keypress: s
40.5757 	EXP 	text: autoDraw = False
40.5757 	EXP 	test_movie: autoDraw = True
40.5757 	EXP 	left_text: autoDraw = True
40.5757 	EXP 	right_text: autoDraw = True
45.7245 	INFO 	Keyboard events cleared
45.7241 	EXP 	test_movie: autoDraw = False
45.7241 	EXP 	test_image: autoDraw = True
46.3102 	DATA 	Keypress: slash
46.3164 	EXP 	test_movie: autoDraw = False
46.3164 	EXP 	test_image: autoDraw = False
46.3164 	EXP 	left_text: autoDraw = False
46.3164 	EXP 	right_text: autoDraw = False
46.3164 	EXP 	thanks: autoDraw = True
47.3377 	EXP 	thanks: autoDraw = False
47.3405 	EXP 	experiment: status = STOPPED
47.3698 	INFO 	saved data to 'C:\\Users\\flani\\Experiment\\data/409598_experiment_2025-01-31_08h45.57.809.csv'
47.3705 	INFO 	saved data to C:\Users\flani\Experiment\data/409598_experiment_2025-01-31_08h45.57.809.psydat
48.0997 	DEBUG 	Saving data for experiment ExperimentHandler
