5.1452 	DEBUG 	Fullscreen settings ignored as running in pilot mode.
5.1460 	INFO 	Loaded monitor calibration from ['2025_01_27 21:32']
5.3776 	EXP 	Created window1 = Window(allowGUI=False, allowStencil=True, autoLog=True, backendConf=UNKNOWN, backgroundFit=<method-wrapper '__getattribute__' of attributeSetter object at 0x0000015D208AB7C0>, backgroundImage=<method-wrapper '__getattribute__' of attributeSetter object at 0x0000015D208AB820>, bitsMode=UNKNOWN, blendMode='avg', bpc=(8, 8, 8), color=array([0, 0, 0]), colorSpace='rgb', depthBits=8, fullscr=False, gamma=None, gammaErrorPolicy='raise', infoMsg=UNKNOWN, lms=UNKNOWN, monitor=<psychopy.monitors.calibTools.Monitor object at 0x0000015D2093CCD0>, multiSample=False, name='window1', numSamples=2, pos=[560.0, 300.0], screen=0, size=array([800, 600]), stencilBits=8, stereo=False, title='PsychoPy', units='height', useFBO=True, useRetina=False, viewOri=0.0, viewPos=None, viewScale=None, waitBlanking=True, winType='pyglet')
5.3777 	EXP 	window1: backgroundImage = ''
5.3777 	EXP 	window1: backgroundFit = 'none'
5.3835 	DEBUG 	TextBox2 loaded 1 chars with 0 blanks and 1 valid
5.3842 	DEBUG 	TextBox2 loaded 1 chars with 0 blanks and 1 valid
5.3848 	DEBUG 	TextBox2 loaded 1 chars with 0 blanks and 1 valid
5.3856 	DEBUG 	TextBox2 loaded 1 chars with 0 blanks and 1 valid
5.3864 	DEBUG 	TextBox2 loaded 1 chars with 0 blanks and 1 valid
5.3868 	DEBUG 	TextBox2 loaded 1 chars with 0 blanks and 1 valid
5.3873 	DEBUG 	TextBox2 loaded 1 chars with 0 blanks and 1 valid
5.3881 	DEBUG 	TextBox2 loaded 1 chars with 0 blanks and 1 valid
5.3883 	DEBUG 	TextBox2 loaded 1 chars with 0 blanks and 1 valid
5.3886 	DEBUG 	TextBox2 loaded 1 chars with 0 blanks and 1 valid
5.3892 	DEBUG 	TextBox2 loaded 1 chars with 0 blanks and 1 valid
5.3898 	DEBUG 	TextBox2 loaded 1 chars with 0 blanks and 1 valid
5.3903 	DEBUG 	TextBox2 loaded 1 chars with 0 blanks and 1 valid
5.3909 	DEBUG 	TextBox2 loaded 1 chars with 0 blanks and 1 valid
5.3914 	DEBUG 	TextBox2 loaded 1 chars with 0 blanks and 1 valid
5.3920 	DEBUG 	TextBox2 loaded 1 chars with 0 blanks and 1 valid
5.3926 	DEBUG 	TextBox2 loaded 1 chars with 0 blanks and 1 valid
5.3929 	DEBUG 	TextBox2 loaded 1 chars with 0 blanks and 1 valid
5.3933 	DEBUG 	TextBox2 loaded 1 chars with 0 blanks and 1 valid
5.3940 	DEBUG 	TextBox2 loaded 1 chars with 0 blanks and 1 valid
5.3944 	DEBUG 	TextBox2 loaded 1 chars with 0 blanks and 1 valid
5.3946 	DEBUG 	Uploading Texture Font fontname to graphics card
5.3999 	DEBUG 	Upload of Texture Font fontname complete
5.4050 	DEBUG 	TextBox2 loaded 1 chars with 0 blanks and 1 valid
5.4058 	DEBUG 	TextBox2 loaded 1 chars with 0 blanks and 1 valid
5.4065 	DEBUG 	TextBox2 loaded 1 chars with 0 blanks and 1 valid
5.4067 	DEBUG 	Uploading Texture Font fontname to graphics card
5.4094 	DEBUG 	Upload of Texture Font fontname complete
5.4111 	EXP 	window1: Attempting to measure frame rate of screen (0) ...
5.4112 	EXP 	window1: recordFrameIntervals = False
5.5932 	EXP 	window1: recordFrameIntervals = True
5.7762 	EXP 	Screen (0) actual frame rate measured at 60.24Hz
5.7763 	EXP 	window1: recordFrameIntervals = False
5.7844 	DEBUG 	TextBox2 loaded 1 chars with 0 blanks and 1 valid
5.7850 	DEBUG 	TextBox2 loaded 1 chars with 0 blanks and 1 valid
5.7859 	DEBUG 	TextBox2 loaded 1 chars with 0 blanks and 1 valid
5.7873 	DEBUG 	TextBox2 loaded 1 chars with 0 blanks and 1 valid
5.7883 	DEBUG 	TextBox2 loaded 1 chars with 0 blanks and 1 valid
5.7902 	DEBUG 	TextBox2 loaded 1 chars with 0 blanks and 1 valid
5.7908 	DEBUG 	TextBox2 loaded 1 chars with 0 blanks and 1 valid
5.7916 	DEBUG 	TextBox2 loaded 1 chars with 0 blanks and 1 valid
5.7924 	DEBUG 	TextBox2 loaded 1 chars with 0 blanks and 1 valid
5.7931 	DEBUG 	TextBox2 loaded 1 chars with 0 blanks and 1 valid
5.7934 	DEBUG 	Uploading Texture Font fontname to graphics card
5.7939 	DEBUG 	Upload of Texture Font fontname complete
5.8034 	WARNING 	launchHubServer: If using the iohub mouse or eyetracker devices, fullScr should be True.
8.1856 	INFO 	keyboard.Keyboard is using iohub backend.
8.1857 	INFO 	keyboard.Keyboard is using iohub backend.
8.1858 	EXP 	norming: status = STARTED
8.3219 	DEBUG 	Saving data for norming ExperimentHandler
8.3227 	INFO 	saved data to C:\Users\flani\Experiment\data/436250_norming_2025-03-12_12h05.12.318.psydat
8.3237 	INFO 	saved data to 'C:\\Users\\flani\\Experiment\\data/436250_norming_2025-03-12_12h05.12.318.csv'
