4.8025 	DEBUG 	Fullscreen settings ignored as running in pilot mode.
4.8031 	INFO 	Loaded monitor calibration from ['2025_01_27 21:32']
5.0186 	EXP 	Created window1 = Window(allowGUI=False, allowStencil=True, autoLog=True, backendConf=UNKNOWN, backgroundFit=<method-wrapper '__getattribute__' of attributeSetter object at 0x0000024B1C86B160>, backgroundImage=<method-wrapper '__getattribute__' of attributeSetter object at 0x0000024B1C86B1C0>, bitsMode=UNKNOWN, blendMode='avg', bpc=(8, 8, 8), color=array([0, 0, 0]), colorSpace='rgb', depthBits=8, fullscr=False, gamma=None, gammaErrorPolicy='raise', infoMsg=UNKNOWN, lms=UNKNOWN, monitor=<psychopy.monitors.calibTools.Monitor object at 0x0000024B1C8FCD30>, multiSample=False, name='window1', numSamples=2, pos=[560.0, 300.0], screen=0, size=array([800, 600]), stencilBits=8, stereo=False, title='PsychoPy', units='height', useFBO=True, useRetina=False, viewOri=0.0, viewPos=None, viewScale=None, waitBlanking=True, winType='pyglet')
5.0186 	EXP 	window1: backgroundImage = ''
5.0186 	EXP 	window1: backgroundFit = 'none'
5.0246 	DEBUG 	TextBox2 loaded 1 chars with 0 blanks and 1 valid
5.0253 	DEBUG 	TextBox2 loaded 1 chars with 0 blanks and 1 valid
5.0259 	DEBUG 	TextBox2 loaded 1 chars with 0 blanks and 1 valid
5.0267 	DEBUG 	TextBox2 loaded 1 chars with 0 blanks and 1 valid
5.0274 	DEBUG 	TextBox2 loaded 1 chars with 0 blanks and 1 valid
5.0278 	DEBUG 	TextBox2 loaded 1 chars with 0 blanks and 1 valid
5.0284 	DEBUG 	TextBox2 loaded 1 chars with 0 blanks and 1 valid
5.0292 	DEBUG 	TextBox2 loaded 1 chars with 0 blanks and 1 valid
5.0295 	DEBUG 	TextBox2 loaded 1 chars with 0 blanks and 1 valid
5.0298 	DEBUG 	TextBox2 loaded 1 chars with 0 blanks and 1 valid
5.0305 	DEBUG 	TextBox2 loaded 1 chars with 0 blanks and 1 valid
5.0311 	DEBUG 	TextBox2 loaded 1 chars with 0 blanks and 1 valid
5.0317 	DEBUG 	TextBox2 loaded 1 chars with 0 blanks and 1 valid
5.0322 	DEBUG 	TextBox2 loaded 1 chars with 0 blanks and 1 valid
5.0327 	DEBUG 	TextBox2 loaded 1 chars with 0 blanks and 1 valid
5.0333 	DEBUG 	TextBox2 loaded 1 chars with 0 blanks and 1 valid
5.0339 	DEBUG 	TextBox2 loaded 1 chars with 0 blanks and 1 valid
5.0342 	DEBUG 	TextBox2 loaded 1 chars with 0 blanks and 1 valid
5.0346 	DEBUG 	TextBox2 loaded 1 chars with 0 blanks and 1 valid
5.0353 	DEBUG 	TextBox2 loaded 1 chars with 0 blanks and 1 valid
5.0357 	DEBUG 	TextBox2 loaded 1 chars with 0 blanks and 1 valid
5.0359 	DEBUG 	Uploading Texture Font fontname to graphics card
5.0412 	DEBUG 	Upload of Texture Font fontname complete
5.0460 	DEBUG 	TextBox2 loaded 1 chars with 0 blanks and 1 valid
5.0468 	DEBUG 	TextBox2 loaded 1 chars with 0 blanks and 1 valid
5.0476 	DEBUG 	TextBox2 loaded 1 chars with 0 blanks and 1 valid
5.0478 	DEBUG 	Uploading Texture Font fontname to graphics card
5.0507 	DEBUG 	Upload of Texture Font fontname complete
5.0521 	EXP 	window1: Attempting to measure frame rate of screen (0) ...
5.0521 	EXP 	window1: recordFrameIntervals = False
5.2286 	EXP 	window1: recordFrameIntervals = True
5.4119 	EXP 	Screen (0) actual frame rate measured at 59.83Hz
5.4120 	EXP 	window1: recordFrameIntervals = False
5.4201 	DEBUG 	TextBox2 loaded 1 chars with 0 blanks and 1 valid
5.4207 	DEBUG 	TextBox2 loaded 1 chars with 0 blanks and 1 valid
5.4215 	DEBUG 	TextBox2 loaded 1 chars with 0 blanks and 1 valid
5.4223 	DEBUG 	TextBox2 loaded 1 chars with 0 blanks and 1 valid
5.4231 	DEBUG 	TextBox2 loaded 1 chars with 0 blanks and 1 valid
5.4239 	DEBUG 	TextBox2 loaded 1 chars with 0 blanks and 1 valid
5.4245 	DEBUG 	TextBox2 loaded 1 chars with 0 blanks and 1 valid
5.4253 	DEBUG 	TextBox2 loaded 1 chars with 0 blanks and 1 valid
5.4261 	DEBUG 	TextBox2 loaded 1 chars with 0 blanks and 1 valid
5.4268 	DEBUG 	TextBox2 loaded 1 chars with 0 blanks and 1 valid
5.4271 	DEBUG 	Uploading Texture Font fontname to graphics card
5.4275 	DEBUG 	Upload of Texture Font fontname complete
5.4375 	WARNING 	launchHubServer: If using the iohub mouse or eyetracker devices, fullScr should be True.
7.9125 	INFO 	keyboard.Keyboard is using iohub backend.
7.9126 	INFO 	keyboard.Keyboard is using iohub backend.
7.9126 	EXP 	norming: status = STARTED
7.9574 	DEBUG 	Saving data for norming ExperimentHandler
7.9581 	INFO 	saved data to C:\Users\flani\Experiment\data/445468_norming_2025-03-12_12h34.22.523.psydat
7.9586 	INFO 	saved data to 'C:\\Users\\flani\\Experiment\\data/445468_norming_2025-03-12_12h34.22.523.csv'
