5.6394 	DEBUG 	Fullscreen settings ignored as running in pilot mode.
5.6401 	INFO 	Loaded monitor calibration from ['2025_01_27 21:32']
5.8511 	EXP 	Created window1 = Window(allowGUI=False, allowStencil=False, autoLog=True, backendConf=UNKNOWN, backgroundFit=<method-wrapper '__getattribute__' of attributeSetter object at 0x00000200B23CDFC0>, backgroundImage=<method-wrapper '__getattribute__' of attributeSetter object at 0x00000200B23CDF60>, bitsMode=UNKNOWN, blendMode='avg', bpc=(8, 8, 8), color=array([0, 0, 0]), colorSpace='rgb', depthBits=8, fullscr=False, gamma=None, gammaErrorPolicy='raise', infoMsg=UNKNOWN, lms=UNKNOWN, monitor=<psychopy.monitors.calibTools.Monitor object at 0x00000200B245AC80>, multiSample=False, name='window1', numSamples=2, pos=[560.0, 300.0], screen=0, size=array([800, 600]), stencilBits=0, stereo=False, title='PsychoPy', units='height', useFBO=True, useRetina=False, viewOri=0.0, viewPos=None, viewScale=None, waitBlanking=True, winType='pyglet')
5.8512 	EXP 	window1: backgroundImage = ''
5.8512 	EXP 	window1: backgroundFit = 'none'
5.8570 	DEBUG 	TextBox2 loaded 1 chars with 0 blanks and 1 valid
5.8577 	DEBUG 	TextBox2 loaded 1 chars with 0 blanks and 1 valid
5.8583 	DEBUG 	TextBox2 loaded 1 chars with 0 blanks and 1 valid
5.8590 	DEBUG 	TextBox2 loaded 1 chars with 0 blanks and 1 valid
5.8597 	DEBUG 	TextBox2 loaded 1 chars with 0 blanks and 1 valid
5.8601 	DEBUG 	TextBox2 loaded 1 chars with 0 blanks and 1 valid
5.8606 	DEBUG 	TextBox2 loaded 1 chars with 0 blanks and 1 valid
5.8613 	DEBUG 	TextBox2 loaded 1 chars with 0 blanks and 1 valid
5.8616 	DEBUG 	TextBox2 loaded 1 chars with 0 blanks and 1 valid
5.8619 	DEBUG 	TextBox2 loaded 1 chars with 0 blanks and 1 valid
5.8625 	DEBUG 	TextBox2 loaded 1 chars with 0 blanks and 1 valid
5.8630 	DEBUG 	TextBox2 loaded 1 chars with 0 blanks and 1 valid
5.8635 	DEBUG 	TextBox2 loaded 1 chars with 0 blanks and 1 valid
5.8641 	DEBUG 	TextBox2 loaded 1 chars with 0 blanks and 1 valid
5.8645 	DEBUG 	TextBox2 loaded 1 chars with 0 blanks and 1 valid
5.8651 	DEBUG 	TextBox2 loaded 1 chars with 0 blanks and 1 valid
5.8657 	DEBUG 	TextBox2 loaded 1 chars with 0 blanks and 1 valid
5.8660 	DEBUG 	TextBox2 loaded 1 chars with 0 blanks and 1 valid
5.8664 	DEBUG 	TextBox2 loaded 1 chars with 0 blanks and 1 valid
5.8671 	DEBUG 	TextBox2 loaded 1 chars with 0 blanks and 1 valid
5.8674 	DEBUG 	TextBox2 loaded 1 chars with 0 blanks and 1 valid
5.8677 	DEBUG 	Uploading Texture Font fontname to graphics card
5.8738 	DEBUG 	Upload of Texture Font fontname complete
5.8788 	DEBUG 	TextBox2 loaded 1 chars with 0 blanks and 1 valid
5.8795 	DEBUG 	TextBox2 loaded 1 chars with 0 blanks and 1 valid
5.8803 	DEBUG 	TextBox2 loaded 1 chars with 0 blanks and 1 valid
5.8805 	DEBUG 	Uploading Texture Font fontname to graphics card
5.8862 	DEBUG 	Upload of Texture Font fontname complete
5.8886 	EXP 	window1: Attempting to measure frame rate of screen (0) ...
5.8886 	EXP 	window1: recordFrameIntervals = False
6.0593 	EXP 	window1: recordFrameIntervals = True
6.2938 	EXP 	Screen (0) actual frame rate measured at 59.58Hz
6.2938 	EXP 	window1: recordFrameIntervals = False
6.3026 	DEBUG 	TextBox2 loaded 1 chars with 0 blanks and 1 valid
6.3032 	DEBUG 	TextBox2 loaded 1 chars with 0 blanks and 1 valid
6.3040 	DEBUG 	TextBox2 loaded 1 chars with 0 blanks and 1 valid
6.3049 	DEBUG 	TextBox2 loaded 1 chars with 0 blanks and 1 valid
6.3057 	DEBUG 	TextBox2 loaded 1 chars with 0 blanks and 1 valid
6.3065 	DEBUG 	TextBox2 loaded 1 chars with 0 blanks and 1 valid
6.3070 	DEBUG 	TextBox2 loaded 1 chars with 0 blanks and 1 valid
6.3078 	DEBUG 	TextBox2 loaded 1 chars with 0 blanks and 1 valid
6.3086 	DEBUG 	TextBox2 loaded 1 chars with 0 blanks and 1 valid
6.3093 	DEBUG 	TextBox2 loaded 1 chars with 0 blanks and 1 valid
6.3096 	DEBUG 	Uploading Texture Font fontname to graphics card
6.3100 	DEBUG 	Upload of Texture Font fontname complete
6.3190 	WARNING 	launchHubServer: If using the iohub mouse or eyetracker devices, fullScr should be True.
8.6946 	INFO 	keyboard.Keyboard is using iohub backend.
8.6947 	INFO 	keyboard.Keyboard is using iohub backend.
8.6947 	EXP 	experiment: status = STARTED
8.8992 	EXP 	Created left_text = TextStim(__class__=<class 'psychopy.visual.text.TextStim'>, alignHoriz=method-wrapper(...), alignText='center', alignVert=method-wrapper(...), anchorHoriz='center', anchorVert='center', antialias=True, autoDraw=False, autoLog=True, bold=False, color=array([1., 1., 1.]), colorSpace='rgb', contrast=1.0, depth=-1.0, draggable=False, flipHoriz=False, flipVert=False, font='Arial', fontFiles=[], height=0.05, italic=False, languageStyle='LTR', name='left_text', opacity=1, ori=0.0, pos=array([-0.25,  0.  ]), rgb=UNKNOWN, text="'barbul'", units='height', win=Window(...), wrapWidth=1)
8.9034 	EXP 	Created right_text = TextStim(__class__=<class 'psychopy.visual.text.TextStim'>, alignHoriz=method-wrapper(...), alignText='center', alignVert=method-wrapper(...), anchorHoriz='center', anchorVert='center', antialias=True, autoDraw=False, autoLog=True, bold=False, color=array([1., 1., 1.]), colorSpace='rgb', contrast=1.0, depth=-2.0, draggable=False, flipHoriz=False, flipVert=False, font='Arial', fontFiles=[], height=0.05, italic=False, languageStyle='LTR', name='right_text', opacity=1, ori=0.0, pos=array([0.25, 0.  ]), rgb=UNKNOWN, text="'joicate'", units='height', win=Window(...), wrapWidth=1)
8.9118 	EXP 	Created thanks = TextStim(__class__=<class 'psychopy.visual.text.TextStim'>, alignHoriz=method-wrapper(...), alignText='center', alignVert=method-wrapper(...), anchorHoriz='center', anchorVert='center', antialias=True, autoDraw=False, autoLog=True, bold=False, color=array([1., 1., 1.]), colorSpace='rgb', contrast=1.0, depth=0.0, draggable=False, flipHoriz=False, flipVert=False, font='Arial', fontFiles=[], height=0.05, italic=False, languageStyle='LTR', name='thanks', opacity=1, ori=0.0, pos=array([0., 0.]), rgb=UNKNOWN, text='Thank you for participating!\n\nAdd Survey', units='height', win=Window(...), wrapWidth=1)
0.0118 	EXP 	test_movie: autoLog = True
0.0459 	EXP 	test_movie: autoDraw = True
0.0459 	EXP 	left_text: autoDraw = True
0.0459 	EXP 	right_text: autoDraw = True
5.0138 	INFO 	Keyboard events cleared
11.6188 	DATA 	Keypress: slash
11.6283 	EXP 	test_movie: autoDraw = False
11.6283 	EXP 	left_text: autoDraw = False
11.6283 	EXP 	right_text: autoDraw = False
11.6283 	EXP 	thanks: autoDraw = True
12.6308 	EXP 	thanks: autoDraw = False
12.6350 	EXP 	experiment: status = STOPPED
12.6422 	INFO 	saved data to 'C:\\Users\\flani\\Experiment\\data/491762_experiment_2025-02-05_00h20.58.973.csv'
12.6430 	INFO 	saved data to C:\Users\flani\Experiment\data/491762_experiment_2025-02-05_00h20.58.973.psydat
13.2569 	DEBUG 	Saving data for experiment ExperimentHandler
