5.2088 	DEBUG 	Fullscreen settings ignored as running in pilot mode.
5.2097 	INFO 	Loaded monitor calibration from ['2025_01_27 21:32']
5.4475 	EXP 	Created window1 = Window(allowGUI=False, allowStencil=False, autoLog=True, backendConf=UNKNOWN, backgroundFit=<method-wrapper '__getattribute__' of attributeSetter object at 0x000002AE2D4CE3B0>, backgroundImage=<method-wrapper '__getattribute__' of attributeSetter object at 0x000002AE2D4CE350>, bitsMode=UNKNOWN, blendMode='avg', bpc=(8, 8, 8), color=array([0, 0, 0]), colorSpace='rgb', depthBits=8, fullscr=False, gamma=None, gammaErrorPolicy='raise', infoMsg=UNKNOWN, lms=UNKNOWN, monitor=<psychopy.monitors.calibTools.Monitor object at 0x000002AE2D591690>, multiSample=False, name='window1', numSamples=2, pos=[560.0, 300.0], screen=0, size=array([800, 600]), stencilBits=0, stereo=False, title='PsychoPy', units='height', useFBO=True, useRetina=False, viewOri=0.0, viewPos=None, viewScale=None, waitBlanking=True, winType='pyglet')
5.4475 	EXP 	window1: backgroundImage = ''
5.4475 	EXP 	window1: backgroundFit = 'none'
5.4537 	DEBUG 	TextBox2 loaded 1 chars with 0 blanks and 1 valid
5.4547 	DEBUG 	TextBox2 loaded 1 chars with 0 blanks and 1 valid
5.4556 	DEBUG 	TextBox2 loaded 1 chars with 0 blanks and 1 valid
5.4564 	DEBUG 	TextBox2 loaded 1 chars with 0 blanks and 1 valid
5.4571 	DEBUG 	TextBox2 loaded 1 chars with 0 blanks and 1 valid
5.4575 	DEBUG 	TextBox2 loaded 1 chars with 0 blanks and 1 valid
5.4584 	DEBUG 	TextBox2 loaded 1 chars with 0 blanks and 1 valid
5.4596 	DEBUG 	TextBox2 loaded 1 chars with 0 blanks and 1 valid
5.4600 	DEBUG 	TextBox2 loaded 1 chars with 0 blanks and 1 valid
5.4604 	DEBUG 	TextBox2 loaded 1 chars with 0 blanks and 1 valid
5.4612 	DEBUG 	TextBox2 loaded 1 chars with 0 blanks and 1 valid
5.4617 	DEBUG 	TextBox2 loaded 1 chars with 0 blanks and 1 valid
5.4623 	DEBUG 	TextBox2 loaded 1 chars with 0 blanks and 1 valid
5.4629 	DEBUG 	TextBox2 loaded 1 chars with 0 blanks and 1 valid
5.4633 	DEBUG 	TextBox2 loaded 1 chars with 0 blanks and 1 valid
5.4639 	DEBUG 	TextBox2 loaded 1 chars with 0 blanks and 1 valid
5.4645 	DEBUG 	TextBox2 loaded 1 chars with 0 blanks and 1 valid
5.4649 	DEBUG 	TextBox2 loaded 1 chars with 0 blanks and 1 valid
5.4652 	DEBUG 	TextBox2 loaded 1 chars with 0 blanks and 1 valid
5.4659 	DEBUG 	TextBox2 loaded 1 chars with 0 blanks and 1 valid
5.4663 	DEBUG 	TextBox2 loaded 1 chars with 0 blanks and 1 valid
5.4666 	DEBUG 	Uploading Texture Font fontname to graphics card
5.4797 	DEBUG 	Upload of Texture Font fontname complete
5.4850 	DEBUG 	TextBox2 loaded 1 chars with 0 blanks and 1 valid
5.4859 	DEBUG 	TextBox2 loaded 1 chars with 0 blanks and 1 valid
5.4866 	DEBUG 	TextBox2 loaded 1 chars with 0 blanks and 1 valid
5.4868 	DEBUG 	Uploading Texture Font fontname to graphics card
5.4970 	DEBUG 	Upload of Texture Font fontname complete
5.4987 	EXP 	window1: Attempting to measure frame rate of screen (0) ...
5.4987 	EXP 	window1: recordFrameIntervals = False
5.6728 	EXP 	window1: recordFrameIntervals = True
5.8559 	EXP 	Screen (0) actual frame rate measured at 59.87Hz
5.8559 	EXP 	window1: recordFrameIntervals = False
5.8609 	DEBUG 	TextBox2 loaded 1 chars with 0 blanks and 1 valid
5.8616 	DEBUG 	TextBox2 loaded 1 chars with 0 blanks and 1 valid
5.8626 	DEBUG 	TextBox2 loaded 1 chars with 0 blanks and 1 valid
5.8639 	DEBUG 	TextBox2 loaded 1 chars with 0 blanks and 1 valid
5.8651 	DEBUG 	TextBox2 loaded 1 chars with 0 blanks and 1 valid
5.8663 	DEBUG 	TextBox2 loaded 1 chars with 0 blanks and 1 valid
5.8669 	DEBUG 	TextBox2 loaded 1 chars with 0 blanks and 1 valid
5.8680 	DEBUG 	TextBox2 loaded 1 chars with 0 blanks and 1 valid
5.8691 	DEBUG 	TextBox2 loaded 1 chars with 0 blanks and 1 valid
5.8702 	DEBUG 	TextBox2 loaded 1 chars with 0 blanks and 1 valid
5.8706 	DEBUG 	Uploading Texture Font fontname to graphics card
5.8712 	DEBUG 	Upload of Texture Font fontname complete
5.8814 	WARNING 	launchHubServer: If using the iohub mouse or eyetracker devices, fullScr should be True.
8.3658 	INFO 	keyboard.Keyboard is using iohub backend.
8.3658 	INFO 	keyboard.Keyboard is using iohub backend.
8.3659 	INFO 	keyboard.Keyboard is using iohub backend.
8.3659 	INFO 	keyboard.Keyboard is using iohub backend.
8.3659 	EXP 	experiment: status = STARTED
8.5090 	DEBUG 	Saving data for experiment ExperimentHandler
8.5098 	INFO 	saved data to C:\Users\flani\Experiment\data/566770_experiment_2025-02-05_00h29.35.891.psydat
8.5115 	INFO 	saved data to 'C:\\Users\\flani\\Experiment\\data/566770_experiment_2025-02-05_00h29.35.891.csv'
