5.9902 	DEBUG 	Fullscreen settings ignored as running in pilot mode.
5.9919 	INFO 	Loaded monitor calibration from ['2025_01_27 21:32']
6.2110 	EXP 	Created window1 = Window(allowGUI=False, allowStencil=False, autoLog=True, backendConf=UNKNOWN, backgroundFit=<method-wrapper '__getattribute__' of attributeSetter object at 0x000001C508947700>, backgroundImage=<method-wrapper '__getattribute__' of attributeSetter object at 0x000001C508947760>, bitsMode=UNKNOWN, blendMode='avg', bpc=(8, 8, 8), color=array([0, 0, 0]), colorSpace='rgb', depthBits=8, fullscr=False, gamma=None, gammaErrorPolicy='raise', infoMsg=UNKNOWN, lms=UNKNOWN, monitor=<psychopy.monitors.calibTools.Monitor object at 0x000001C51142E680>, multiSample=False, name='window1', numSamples=2, pos=[560.0, 300.0], screen=0, size=array([800, 600]), stencilBits=0, stereo=False, title='PsychoPy', units='height', useFBO=True, useRetina=False, viewOri=0.0, viewPos=None, viewScale=None, waitBlanking=True, winType='pyglet')
6.2111 	EXP 	window1: backgroundImage = ''
6.2111 	EXP 	window1: backgroundFit = 'none'
6.2181 	DEBUG 	TextBox2 loaded 1 chars with 0 blanks and 1 valid
6.2188 	DEBUG 	TextBox2 loaded 1 chars with 0 blanks and 1 valid
6.2194 	DEBUG 	TextBox2 loaded 1 chars with 0 blanks and 1 valid
6.2202 	DEBUG 	TextBox2 loaded 1 chars with 0 blanks and 1 valid
6.2210 	DEBUG 	TextBox2 loaded 1 chars with 0 blanks and 1 valid
6.2213 	DEBUG 	TextBox2 loaded 1 chars with 0 blanks and 1 valid
6.2219 	DEBUG 	TextBox2 loaded 1 chars with 0 blanks and 1 valid
6.2226 	DEBUG 	TextBox2 loaded 1 chars with 0 blanks and 1 valid
6.2229 	DEBUG 	TextBox2 loaded 1 chars with 0 blanks and 1 valid
6.2231 	DEBUG 	TextBox2 loaded 1 chars with 0 blanks and 1 valid
6.2237 	DEBUG 	TextBox2 loaded 1 chars with 0 blanks and 1 valid
6.2243 	DEBUG 	TextBox2 loaded 1 chars with 0 blanks and 1 valid
6.2248 	DEBUG 	TextBox2 loaded 1 chars with 0 blanks and 1 valid
6.2253 	DEBUG 	TextBox2 loaded 1 chars with 0 blanks and 1 valid
6.2258 	DEBUG 	TextBox2 loaded 1 chars with 0 blanks and 1 valid
6.2263 	DEBUG 	TextBox2 loaded 1 chars with 0 blanks and 1 valid
6.2269 	DEBUG 	TextBox2 loaded 1 chars with 0 blanks and 1 valid
6.2273 	DEBUG 	TextBox2 loaded 1 chars with 0 blanks and 1 valid
6.2276 	DEBUG 	TextBox2 loaded 1 chars with 0 blanks and 1 valid
6.2283 	DEBUG 	TextBox2 loaded 1 chars with 0 blanks and 1 valid
6.2287 	DEBUG 	TextBox2 loaded 1 chars with 0 blanks and 1 valid
6.2291 	DEBUG 	Uploading Texture Font fontname to graphics card
6.2349 	DEBUG 	Upload of Texture Font fontname complete
6.2413 	DEBUG 	TextBox2 loaded 1 chars with 0 blanks and 1 valid
6.2423 	DEBUG 	TextBox2 loaded 1 chars with 0 blanks and 1 valid
6.2431 	DEBUG 	TextBox2 loaded 1 chars with 0 blanks and 1 valid
6.2434 	DEBUG 	Uploading Texture Font fontname to graphics card
6.2469 	DEBUG 	Upload of Texture Font fontname complete
6.2487 	EXP 	window1: Attempting to measure frame rate of screen (0) ...
6.2487 	EXP 	window1: recordFrameIntervals = False
6.4331 	EXP 	window1: recordFrameIntervals = True
6.6167 	EXP 	Screen (0) actual frame rate measured at 59.92Hz
6.6168 	EXP 	window1: recordFrameIntervals = False
6.6259 	DEBUG 	TextBox2 loaded 1 chars with 0 blanks and 1 valid
6.6268 	DEBUG 	TextBox2 loaded 1 chars with 0 blanks and 1 valid
6.6282 	DEBUG 	TextBox2 loaded 1 chars with 0 blanks and 1 valid
6.6299 	DEBUG 	TextBox2 loaded 1 chars with 0 blanks and 1 valid
6.6318 	DEBUG 	TextBox2 loaded 1 chars with 0 blanks and 1 valid
6.6335 	DEBUG 	TextBox2 loaded 1 chars with 0 blanks and 1 valid
6.6345 	DEBUG 	TextBox2 loaded 1 chars with 0 blanks and 1 valid
6.6359 	DEBUG 	TextBox2 loaded 1 chars with 0 blanks and 1 valid
6.6374 	DEBUG 	TextBox2 loaded 1 chars with 0 blanks and 1 valid
6.6389 	DEBUG 	TextBox2 loaded 1 chars with 0 blanks and 1 valid
6.6394 	DEBUG 	Uploading Texture Font fontname to graphics card
6.6400 	DEBUG 	Upload of Texture Font fontname complete
6.6592 	WARNING 	launchHubServer: If using the iohub mouse or eyetracker devices, fullScr should be True.
9.5588 	INFO 	keyboard.Keyboard is using iohub backend.
9.5588 	INFO 	keyboard.Keyboard is using iohub backend.
9.5589 	INFO 	keyboard.Keyboard is using iohub backend.
9.7738 	INFO 	keyboard.Keyboard is using iohub backend.
9.7739 	INFO 	keyboard.Keyboard is using iohub backend.
9.7739 	EXP 	experiment: status = STARTED
9.8722 	EXP 	Created learningInstructions = TextStim(__class__=<class 'psychopy.visual.text.TextStim'>, alignHoriz=method-wrapper(...), alignText='center', alignVert=method-wrapper(...), anchorHoriz='center', anchorVert='center', antialias=True, autoDraw=False, autoLog=True, bold=False, color=array([1., 1., 1.]), colorSpace='rgb', contrast=1.0, depth=0.0, draggable=False, flipHoriz=False, flipVert=False, font='Arial', fontFiles=[], height=0.05, italic=False, languageStyle='LTR', name='learningInstructions', opacity=1, ori=0.0, pos=array([0., 0.]), rgb=UNKNOWN, text=str(...), units='height', win=Window(...), wrapWidth=1)
10.0109 	EXP 	Created image = ImageStim(__class__=<class 'psychopy.visual.image.ImageStim'>, anchor=('center', 'center'), autoLog=True, color=array([1., 1., 1.]), colorSpace='rgb', contrast=1.0, depth=-1.0, draggable=False, flipHoriz=False, flipVert=False, image='test_stimuli/dog_img.jpg', interpolate=True, mask=None, maskParams=None, name='image', opacity=1, ori=0.0, pos=array([0.  , 0.25]), size=array([0.25, 0.25]), texRes=128.0, units='height', win=Window(...))
10.0133 	EXP 	Created text_left = TextStim(__class__=<class 'psychopy.visual.text.TextStim'>, alignHoriz=method-wrapper(...), alignText='center', alignVert=method-wrapper(...), anchorHoriz='center', anchorVert='center', antialias=True, autoDraw=False, autoLog=True, bold=False, color=array([1., 1., 1.]), colorSpace='rgb', contrast=1.0, depth=-2.0, draggable=False, flipHoriz=False, flipVert=False, font='Arial', fontFiles=[], height=0.05, italic=False, languageStyle='LTR', name='text_left', opacity=1, ori=0.0, pos=array([-0.25,  0.  ]), rgb=UNKNOWN, text="'dog'", units='height', win=Window(...), wrapWidth=1)
10.0164 	EXP 	Created text_right = TextStim(__class__=<class 'psychopy.visual.text.TextStim'>, alignHoriz=method-wrapper(...), alignText='center', alignVert=method-wrapper(...), anchorHoriz='center', anchorVert='center', antialias=True, autoDraw=False, autoLog=True, bold=False, color=array([1., 1., 1.]), colorSpace='rgb', contrast=1.0, depth=-3.0, draggable=False, flipHoriz=False, flipVert=False, font='Arial', fontFiles=[], height=0.05, italic=False, languageStyle='LTR', name='text_right', opacity=1, ori=0.0, pos=array([0.25, 0.  ]), rgb=UNKNOWN, text="'cat'", units='height', win=Window(...), wrapWidth=1)
10.3177 	EXP 	Sound correct set volume 1.000
10.3283 	EXP 	Created text = TextStim(__class__=<class 'psychopy.visual.text.TextStim'>, alignHoriz=method-wrapper(...), alignText='center', alignVert=method-wrapper(...), anchorHoriz='center', anchorVert='center', antialias=True, autoDraw=False, autoLog=True, bold=False, color=array([1., 1., 1.]), colorSpace='rgb', contrast=1.0, depth=0.0, draggable=False, flipHoriz=False, flipVert=False, font='Arial', fontFiles=[], height=0.05, italic=False, languageStyle='LTR', name='text', opacity=1, ori=0.0, pos=array([0., 0.]), rgb=UNKNOWN, text=str(...), units='height', win=Window(...), wrapWidth=1)
10.6822 	EXP 	Created test_image = ImageStim(__class__=<class 'psychopy.visual.image.ImageStim'>, anchor=('center', 'center'), autoLog=True, color=array([1., 1., 1.]), colorSpace='rgb', contrast=1.0, depth=-1.0, draggable=False, flipHoriz=False, flipVert=False, image='test_stimuli/cat_img.jpg', interpolate=True, mask=None, maskParams=None, name='test_image', opacity=1, ori=0.0, pos=array([0.  , 0.25]), size=array([0.25, 0.25]), texRes=128.0, units='height', win=Window(...))
10.6846 	EXP 	Created left_text = TextStim(__class__=<class 'psychopy.visual.text.TextStim'>, alignHoriz=method-wrapper(...), alignText='center', alignVert=method-wrapper(...), anchorHoriz='center', anchorVert='center', antialias=True, autoDraw=False, autoLog=True, bold=False, color=array([1., 1., 1.]), colorSpace='rgb', contrast=1.0, depth=-2.0, draggable=False, flipHoriz=False, flipVert=False, font='Arial', fontFiles=[], height=0.05, italic=False, languageStyle='LTR', name='left_text', opacity=1, ori=0.0, pos=array([-0.25,  0.  ]), rgb=UNKNOWN, text="'dog'", units='height', win=Window(...), wrapWidth=1)
10.6864 	EXP 	Created right_text = TextStim(__class__=<class 'psychopy.visual.text.TextStim'>, alignHoriz=method-wrapper(...), alignText='center', alignVert=method-wrapper(...), anchorHoriz='center', anchorVert='center', antialias=True, autoDraw=False, autoLog=True, bold=False, color=array([1., 1., 1.]), colorSpace='rgb', contrast=1.0, depth=-3.0, draggable=False, flipHoriz=False, flipVert=False, font='Arial', fontFiles=[], height=0.05, italic=False, languageStyle='LTR', name='right_text', opacity=1, ori=0.0, pos=array([0.25, 0.  ]), rgb=UNKNOWN, text="'cat'", units='height', win=Window(...), wrapWidth=1)
0.0108 	EXP 	movie: autoLog = True
0.0108 	EXP 	test_movie: autoLog = True
0.0301 	INFO 	Keyboard events cleared
0.0295 	EXP 	learningInstructions: autoDraw = True
1.4037 	DATA 	Keypress: s
1.4118 	EXP 	learningInstructions: autoDraw = False
1.4118 	EXP 	movie: autoDraw = True
1.4118 	EXP 	text_left: autoDraw = True
1.4118 	EXP 	text_right: autoDraw = True
8.7455 	INFO 	Keyboard events cleared
8.7447 	EXP 	movie: autoDraw = False
8.7447 	EXP 	image: autoDraw = True
9.6322 	DATA 	Keypress: z
9.6456 	INFO 	Keyboard events cleared
9.6448 	EXP 	movie: autoDraw = False
9.6448 	EXP 	image: autoDraw = False
9.6448 	EXP 	text_left: autoDraw = False
9.6448 	EXP 	text_right: autoDraw = False
9.6448 	EXP 	text: autoDraw = True
90.3513 	DATA 	Keypress: escape
90.5155 	EXP 	experiment: status = STOPPED
90.5275 	EXP 	text: autoDraw = False
90.5304 	EXP 	experiment: status = STOPPED
90.5618 	INFO 	saved data to 'C:\\Users\\flani\\Experiment\\data/587882_experiment_2025-01-29_03h31.53.380.csv'
90.5629 	INFO 	saved data to C:\Users\flani\Experiment\data/587882_experiment_2025-01-29_03h31.53.380.psydat
91.1994 	DEBUG 	Saving data for experiment ExperimentHandler
