5.6262 	DEBUG 	Fullscreen settings ignored as running in pilot mode.
5.6271 	INFO 	Loaded monitor calibration from ['2025_01_27 21:32']
5.8379 	EXP 	Created window1 = Window(allowGUI=False, allowStencil=False, autoLog=True, backendConf=UNKNOWN, backgroundFit=<method-wrapper '__getattribute__' of attributeSetter object at 0x000002B8538E9C90>, backgroundImage=<method-wrapper '__getattribute__' of attributeSetter object at 0x000002B8538E9CF0>, bitsMode=UNKNOWN, blendMode='avg', bpc=(8, 8, 8), color=array([0, 0, 0]), colorSpace='rgb', depthBits=8, fullscr=False, gamma=None, gammaErrorPolicy='raise', infoMsg=UNKNOWN, lms=UNKNOWN, monitor=<psychopy.monitors.calibTools.Monitor object at 0x000002B8539C55A0>, multiSample=False, name='window1', numSamples=2, pos=[560.0, 300.0], screen=0, size=array([800, 600]), stencilBits=0, stereo=False, title='PsychoPy', units='height', useFBO=True, useRetina=False, viewOri=0.0, viewPos=None, viewScale=None, waitBlanking=True, winType='pyglet')
5.8379 	EXP 	window1: backgroundImage = ''
5.8379 	EXP 	window1: backgroundFit = 'none'
5.8442 	DEBUG 	TextBox2 loaded 1 chars with 0 blanks and 1 valid
5.8448 	DEBUG 	TextBox2 loaded 1 chars with 0 blanks and 1 valid
5.8454 	DEBUG 	TextBox2 loaded 1 chars with 0 blanks and 1 valid
5.8462 	DEBUG 	TextBox2 loaded 1 chars with 0 blanks and 1 valid
5.8469 	DEBUG 	TextBox2 loaded 1 chars with 0 blanks and 1 valid
5.8473 	DEBUG 	TextBox2 loaded 1 chars with 0 blanks and 1 valid
5.8478 	DEBUG 	TextBox2 loaded 1 chars with 0 blanks and 1 valid
5.8486 	DEBUG 	TextBox2 loaded 1 chars with 0 blanks and 1 valid
5.8488 	DEBUG 	TextBox2 loaded 1 chars with 0 blanks and 1 valid
5.8491 	DEBUG 	TextBox2 loaded 1 chars with 0 blanks and 1 valid
5.8496 	DEBUG 	TextBox2 loaded 1 chars with 0 blanks and 1 valid
5.8502 	DEBUG 	TextBox2 loaded 1 chars with 0 blanks and 1 valid
5.8507 	DEBUG 	TextBox2 loaded 1 chars with 0 blanks and 1 valid
5.8512 	DEBUG 	TextBox2 loaded 1 chars with 0 blanks and 1 valid
5.8517 	DEBUG 	TextBox2 loaded 1 chars with 0 blanks and 1 valid
5.8523 	DEBUG 	TextBox2 loaded 1 chars with 0 blanks and 1 valid
5.8528 	DEBUG 	TextBox2 loaded 1 chars with 0 blanks and 1 valid
5.8531 	DEBUG 	TextBox2 loaded 1 chars with 0 blanks and 1 valid
5.8535 	DEBUG 	TextBox2 loaded 1 chars with 0 blanks and 1 valid
5.8542 	DEBUG 	TextBox2 loaded 1 chars with 0 blanks and 1 valid
5.8545 	DEBUG 	TextBox2 loaded 1 chars with 0 blanks and 1 valid
5.8548 	DEBUG 	Uploading Texture Font fontname to graphics card
5.8593 	DEBUG 	Upload of Texture Font fontname complete
5.8642 	DEBUG 	TextBox2 loaded 1 chars with 0 blanks and 1 valid
5.8653 	DEBUG 	TextBox2 loaded 1 chars with 0 blanks and 1 valid
5.8667 	DEBUG 	TextBox2 loaded 1 chars with 0 blanks and 1 valid
5.8671 	DEBUG 	Uploading Texture Font fontname to graphics card
5.8705 	DEBUG 	Upload of Texture Font fontname complete
5.8719 	EXP 	window1: Attempting to measure frame rate of screen (0) ...
5.8720 	EXP 	window1: recordFrameIntervals = False
6.0435 	EXP 	window1: recordFrameIntervals = True
6.2270 	EXP 	Screen (0) actual frame rate measured at 59.89Hz
6.2270 	EXP 	window1: recordFrameIntervals = False
6.2367 	DEBUG 	TextBox2 loaded 1 chars with 0 blanks and 1 valid
6.2377 	DEBUG 	TextBox2 loaded 1 chars with 0 blanks and 1 valid
6.2390 	DEBUG 	TextBox2 loaded 1 chars with 0 blanks and 1 valid
6.2406 	DEBUG 	TextBox2 loaded 1 chars with 0 blanks and 1 valid
6.2421 	DEBUG 	TextBox2 loaded 1 chars with 0 blanks and 1 valid
6.2436 	DEBUG 	TextBox2 loaded 1 chars with 0 blanks and 1 valid
6.2446 	DEBUG 	TextBox2 loaded 1 chars with 0 blanks and 1 valid
6.2460 	DEBUG 	TextBox2 loaded 1 chars with 0 blanks and 1 valid
6.2476 	DEBUG 	TextBox2 loaded 1 chars with 0 blanks and 1 valid
6.2489 	DEBUG 	TextBox2 loaded 1 chars with 0 blanks and 1 valid
6.2493 	DEBUG 	Uploading Texture Font fontname to graphics card
6.2498 	DEBUG 	Upload of Texture Font fontname complete
6.2614 	WARNING 	launchHubServer: If using the iohub mouse or eyetracker devices, fullScr should be True.
9.2616 	INFO 	keyboard.Keyboard is using iohub backend.
9.2617 	INFO 	keyboard.Keyboard is using iohub backend.
9.4787 	INFO 	keyboard.Keyboard is using iohub backend.
9.4787 	EXP 	experiment: status = STARTED
9.5968 	EXP 	Created image = ImageStim(__class__=<class 'psychopy.visual.image.ImageStim'>, anchor=('center', 'center'), autoLog=True, color=array([1., 1., 1.]), colorSpace='rgb', contrast=1.0, depth=-1.0, draggable=False, flipHoriz=False, flipVert=False, image='test_stimuli/dog_img.jpg', interpolate=True, mask=None, maskParams=None, name='image', opacity=1, ori=0.0, pos=array([0.  , 0.25]), size=array([0.25, 0.25]), texRes=128.0, units='height', win=Window(...))
9.6687 	EXP 	Created text_left = TextStim(__class__=<class 'psychopy.visual.text.TextStim'>, alignHoriz=method-wrapper(...), alignText='center', alignVert=method-wrapper(...), anchorHoriz='center', anchorVert='center', antialias=True, autoDraw=False, autoLog=True, bold=False, color=array([1., 1., 1.]), colorSpace='rgb', contrast=1.0, depth=-2.0, draggable=False, flipHoriz=False, flipVert=False, font='Arial', fontFiles=[], height=0.05, italic=False, languageStyle='LTR', name='text_left', opacity=1, ori=0.0, pos=array([-0.25,  0.  ]), rgb=UNKNOWN, text="'dog'", units='height', win=Window(...), wrapWidth=1)
9.6719 	EXP 	Created text_right = TextStim(__class__=<class 'psychopy.visual.text.TextStim'>, alignHoriz=method-wrapper(...), alignText='center', alignVert=method-wrapper(...), anchorHoriz='center', anchorVert='center', antialias=True, autoDraw=False, autoLog=True, bold=False, color=array([1., 1., 1.]), colorSpace='rgb', contrast=1.0, depth=-3.0, draggable=False, flipHoriz=False, flipVert=False, font='Arial', fontFiles=[], height=0.05, italic=False, languageStyle='LTR', name='text_right', opacity=1, ori=0.0, pos=array([0.25, 0.  ]), rgb=UNKNOWN, text="'cat'", units='height', win=Window(...), wrapWidth=1)
9.8290 	EXP 	Sound correct set volume 1.000
9.9844 	EXP 	Created test_image = ImageStim(__class__=<class 'psychopy.visual.image.ImageStim'>, anchor=('center', 'center'), autoLog=True, color=array([1., 1., 1.]), colorSpace='rgb', contrast=1.0, depth=-1.0, draggable=False, flipHoriz=False, flipVert=False, image='test_stimuli/cat_img.jpg', interpolate=True, mask=None, maskParams=None, name='test_image', opacity=1, ori=0.0, pos=array([0.  , 0.25]), size=array([0.25, 0.25]), texRes=128.0, units='height', win=Window(...))
9.9865 	EXP 	Created left_text = TextStim(__class__=<class 'psychopy.visual.text.TextStim'>, alignHoriz=method-wrapper(...), alignText='center', alignVert=method-wrapper(...), anchorHoriz='center', anchorVert='center', antialias=True, autoDraw=False, autoLog=True, bold=False, color=array([1., 1., 1.]), colorSpace='rgb', contrast=1.0, depth=-2.0, draggable=False, flipHoriz=False, flipVert=False, font='Arial', fontFiles=[], height=0.05, italic=False, languageStyle='LTR', name='left_text', opacity=1, ori=0.0, pos=array([-0.25,  0.  ]), rgb=UNKNOWN, text="'dog'", units='height', win=Window(...), wrapWidth=1)
9.9883 	EXP 	Created right_text = TextStim(__class__=<class 'psychopy.visual.text.TextStim'>, alignHoriz=method-wrapper(...), alignText='center', alignVert=method-wrapper(...), anchorHoriz='center', anchorVert='center', antialias=True, autoDraw=False, autoLog=True, bold=False, color=array([1., 1., 1.]), colorSpace='rgb', contrast=1.0, depth=-3.0, draggable=False, flipHoriz=False, flipVert=False, font='Arial', fontFiles=[], height=0.05, italic=False, languageStyle='LTR', name='right_text', opacity=1, ori=0.0, pos=array([0.25, 0.  ]), rgb=UNKNOWN, text="'cat'", units='height', win=Window(...), wrapWidth=1)
9.9975 	EXP 	Created thanks = TextStim(__class__=<class 'psychopy.visual.text.TextStim'>, alignHoriz=method-wrapper(...), alignText='center', alignVert=method-wrapper(...), anchorHoriz='center', anchorVert='center', antialias=True, autoDraw=False, autoLog=True, bold=False, color=array([1., 1., 1.]), colorSpace='rgb', contrast=1.0, depth=0.0, draggable=False, flipHoriz=False, flipVert=False, font='Arial', fontFiles=[], height=0.05, italic=False, languageStyle='LTR', name='thanks', opacity=1, ori=0.0, pos=array([0., 0.]), rgb=UNKNOWN, text='Thank you for participating!\n\nAdd Survey', units='height', win=Window(...), wrapWidth=1)
0.0104 	EXP 	movie: autoLog = True
0.0104 	EXP 	test_movie: autoLog = True
0.0442 	EXP 	movie: autoDraw = True
0.0442 	EXP 	text_left: autoDraw = True
0.0442 	EXP 	text_right: autoDraw = True
5.1777 	INFO 	Keyboard events cleared
5.1771 	EXP 	movie: autoDraw = False
5.1771 	EXP 	image: autoDraw = True
7.3618 	DATA 	Keypress: slash
7.3776 	EXP 	movie: autoDraw = False
7.3776 	EXP 	image: autoDraw = False
7.3776 	EXP 	text_left: autoDraw = False
7.3776 	EXP 	text_right: autoDraw = False
7.3776 	EXP 	test_movie: autoDraw = True
7.3776 	EXP 	left_text: autoDraw = True
7.3776 	EXP 	right_text: autoDraw = True
12.4844 	INFO 	Keyboard events cleared
12.4838 	EXP 	test_movie: autoDraw = False
12.4838 	EXP 	test_image: autoDraw = True
12.9960 	DATA 	Keypress: slash
13.0105 	EXP 	test_movie: autoDraw = False
13.0105 	EXP 	test_image: autoDraw = False
13.0105 	EXP 	left_text: autoDraw = False
13.0105 	EXP 	right_text: autoDraw = False
13.0105 	EXP 	thanks: autoDraw = True
14.0114 	EXP 	thanks: autoDraw = False
14.0147 	EXP 	experiment: status = STOPPED
14.0456 	INFO 	saved data to 'C:\\Users\\flani\\Experiment\\data/632270_experiment_2025-01-29_03h53.52.321.csv'
14.0465 	INFO 	saved data to C:\Users\flani\Experiment\data/632270_experiment_2025-01-29_03h53.52.321.psydat
14.8121 	DEBUG 	Saving data for experiment ExperimentHandler
