5.0937 	DEBUG 	Fullscreen settings ignored as running in pilot mode.
5.0945 	INFO 	Loaded monitor calibration from ['2025_01_27 21:32']
5.3590 	EXP 	Created window1 = Window(allowGUI=False, allowStencil=True, autoLog=True, backendConf=UNKNOWN, backgroundFit=<method-wrapper '__getattribute__' of attributeSetter object at 0x000001972073B790>, backgroundImage=<method-wrapper '__getattribute__' of attributeSetter object at 0x000001972073B7F0>, bitsMode=UNKNOWN, blendMode='avg', bpc=(8, 8, 8), color=array([0, 0, 0]), colorSpace='rgb', depthBits=8, fullscr=False, gamma=None, gammaErrorPolicy='raise', infoMsg=UNKNOWN, lms=UNKNOWN, monitor=<psychopy.monitors.calibTools.Monitor object at 0x00000197207CCD00>, multiSample=False, name='window1', numSamples=2, pos=[560.0, 300.0], screen=0, size=array([800, 600]), stencilBits=8, stereo=False, title='PsychoPy', units='height', useFBO=True, useRetina=False, viewOri=0.0, viewPos=None, viewScale=None, waitBlanking=True, winType='pyglet')
5.3591 	EXP 	window1: backgroundImage = ''
5.3591 	EXP 	window1: backgroundFit = 'none'
5.3656 	DEBUG 	TextBox2 loaded 1 chars with 0 blanks and 1 valid
5.3663 	DEBUG 	TextBox2 loaded 1 chars with 0 blanks and 1 valid
5.3670 	DEBUG 	TextBox2 loaded 1 chars with 0 blanks and 1 valid
5.3679 	DEBUG 	TextBox2 loaded 1 chars with 0 blanks and 1 valid
5.3688 	DEBUG 	TextBox2 loaded 1 chars with 0 blanks and 1 valid
5.3692 	DEBUG 	TextBox2 loaded 1 chars with 0 blanks and 1 valid
5.3700 	DEBUG 	TextBox2 loaded 1 chars with 0 blanks and 1 valid
5.3709 	DEBUG 	TextBox2 loaded 1 chars with 0 blanks and 1 valid
5.3712 	DEBUG 	TextBox2 loaded 1 chars with 0 blanks and 1 valid
5.3716 	DEBUG 	TextBox2 loaded 1 chars with 0 blanks and 1 valid
5.3723 	DEBUG 	TextBox2 loaded 1 chars with 0 blanks and 1 valid
5.3730 	DEBUG 	TextBox2 loaded 1 chars with 0 blanks and 1 valid
5.3738 	DEBUG 	TextBox2 loaded 1 chars with 0 blanks and 1 valid
5.3746 	DEBUG 	TextBox2 loaded 1 chars with 0 blanks and 1 valid
5.3753 	DEBUG 	TextBox2 loaded 1 chars with 0 blanks and 1 valid
5.3762 	DEBUG 	TextBox2 loaded 1 chars with 0 blanks and 1 valid
5.3769 	DEBUG 	TextBox2 loaded 1 chars with 0 blanks and 1 valid
5.3774 	DEBUG 	TextBox2 loaded 1 chars with 0 blanks and 1 valid
5.3778 	DEBUG 	TextBox2 loaded 1 chars with 0 blanks and 1 valid
5.3787 	DEBUG 	TextBox2 loaded 1 chars with 0 blanks and 1 valid
5.3791 	DEBUG 	TextBox2 loaded 1 chars with 0 blanks and 1 valid
5.3795 	DEBUG 	Uploading Texture Font fontname to graphics card
5.3883 	DEBUG 	Upload of Texture Font fontname complete
5.3947 	DEBUG 	TextBox2 loaded 1 chars with 0 blanks and 1 valid
5.3961 	DEBUG 	TextBox2 loaded 1 chars with 0 blanks and 1 valid
5.3975 	DEBUG 	TextBox2 loaded 1 chars with 0 blanks and 1 valid
5.3980 	DEBUG 	Uploading Texture Font fontname to graphics card
5.4117 	DEBUG 	Upload of Texture Font fontname complete
5.4145 	EXP 	window1: Attempting to measure frame rate of screen (0) ...
5.4145 	EXP 	window1: recordFrameIntervals = False
5.6875 	EXP 	window1: recordFrameIntervals = True
5.9212 	EXP 	Screen (0) actual frame rate measured at 60.74Hz
5.9213 	EXP 	window1: recordFrameIntervals = False
5.9312 	DEBUG 	TextBox2 loaded 1 chars with 0 blanks and 1 valid
5.9320 	DEBUG 	TextBox2 loaded 1 chars with 0 blanks and 1 valid
5.9333 	DEBUG 	TextBox2 loaded 1 chars with 0 blanks and 1 valid
5.9351 	DEBUG 	TextBox2 loaded 1 chars with 0 blanks and 1 valid
5.9368 	DEBUG 	TextBox2 loaded 1 chars with 0 blanks and 1 valid
5.9387 	DEBUG 	TextBox2 loaded 1 chars with 0 blanks and 1 valid
5.9397 	DEBUG 	TextBox2 loaded 1 chars with 0 blanks and 1 valid
5.9412 	DEBUG 	TextBox2 loaded 1 chars with 0 blanks and 1 valid
5.9429 	DEBUG 	TextBox2 loaded 1 chars with 0 blanks and 1 valid
5.9445 	DEBUG 	TextBox2 loaded 1 chars with 0 blanks and 1 valid
5.9450 	DEBUG 	Uploading Texture Font fontname to graphics card
5.9458 	DEBUG 	Upload of Texture Font fontname complete
5.9910 	WARNING 	launchHubServer: If using the iohub mouse or eyetracker devices, fullScr should be True.
8.9091 	INFO 	keyboard.Keyboard is using iohub backend.
8.9091 	INFO 	keyboard.Keyboard is using iohub backend.
8.9091 	EXP 	norming: status = STARTED
8.9611 	DEBUG 	Saving data for norming ExperimentHandler
8.9621 	INFO 	saved data to C:\Users\flani\Experiment\data/634204_norming_2025-03-12_12h15.41.098.psydat
8.9636 	INFO 	saved data to 'C:\\Users\\flani\\Experiment\\data/634204_norming_2025-03-12_12h15.41.098.csv'
