4.8555 	DEBUG 	Fullscreen settings ignored as running in pilot mode.
4.8563 	INFO 	Loaded monitor calibration from ['2025_01_27 21:32']
5.0924 	EXP 	Created window1 = Window(allowGUI=False, allowStencil=False, autoLog=True, backendConf=UNKNOWN, backgroundFit=<method-wrapper '__getattribute__' of attributeSetter object at 0x000001818BDEA6B0>, backgroundImage=<method-wrapper '__getattribute__' of attributeSetter object at 0x000001818BDEA650>, bitsMode=UNKNOWN, blendMode='avg', bpc=(8, 8, 8), color=array([0, 0, 0]), colorSpace='rgb', depthBits=8, fullscr=False, gamma=None, gammaErrorPolicy='raise', infoMsg=UNKNOWN, lms=UNKNOWN, monitor=<psychopy.monitors.calibTools.Monitor object at 0x000001818BEBB520>, multiSample=False, name='window1', numSamples=2, pos=[560.0, 300.0], screen=0, size=array([800, 600]), stencilBits=0, stereo=False, title='PsychoPy', units='height', useFBO=True, useRetina=False, viewOri=0.0, viewPos=None, viewScale=None, waitBlanking=True, winType='pyglet')
5.0925 	EXP 	window1: backgroundImage = ''
5.0925 	EXP 	window1: backgroundFit = 'none'
5.0991 	DEBUG 	TextBox2 loaded 1 chars with 0 blanks and 1 valid
5.0999 	DEBUG 	TextBox2 loaded 1 chars with 0 blanks and 1 valid
5.1007 	DEBUG 	TextBox2 loaded 1 chars with 0 blanks and 1 valid
5.1015 	DEBUG 	TextBox2 loaded 1 chars with 0 blanks and 1 valid
5.1024 	DEBUG 	TextBox2 loaded 1 chars with 0 blanks and 1 valid
5.1028 	DEBUG 	TextBox2 loaded 1 chars with 0 blanks and 1 valid
5.1035 	DEBUG 	TextBox2 loaded 1 chars with 0 blanks and 1 valid
5.1044 	DEBUG 	TextBox2 loaded 1 chars with 0 blanks and 1 valid
5.1047 	DEBUG 	TextBox2 loaded 1 chars with 0 blanks and 1 valid
5.1050 	DEBUG 	TextBox2 loaded 1 chars with 0 blanks and 1 valid
5.1061 	DEBUG 	TextBox2 loaded 1 chars with 0 blanks and 1 valid
5.1069 	DEBUG 	TextBox2 loaded 1 chars with 0 blanks and 1 valid
5.1075 	DEBUG 	TextBox2 loaded 1 chars with 0 blanks and 1 valid
5.1088 	DEBUG 	TextBox2 loaded 1 chars with 0 blanks and 1 valid
5.1095 	DEBUG 	TextBox2 loaded 1 chars with 0 blanks and 1 valid
5.1102 	DEBUG 	TextBox2 loaded 1 chars with 0 blanks and 1 valid
5.1110 	DEBUG 	TextBox2 loaded 1 chars with 0 blanks and 1 valid
5.1114 	DEBUG 	TextBox2 loaded 1 chars with 0 blanks and 1 valid
5.1119 	DEBUG 	TextBox2 loaded 1 chars with 0 blanks and 1 valid
5.1127 	DEBUG 	TextBox2 loaded 1 chars with 0 blanks and 1 valid
5.1132 	DEBUG 	TextBox2 loaded 1 chars with 0 blanks and 1 valid
5.1136 	DEBUG 	Uploading Texture Font fontname to graphics card
5.1197 	DEBUG 	Upload of Texture Font fontname complete
5.1267 	DEBUG 	TextBox2 loaded 1 chars with 0 blanks and 1 valid
5.1277 	DEBUG 	TextBox2 loaded 1 chars with 0 blanks and 1 valid
5.1285 	DEBUG 	TextBox2 loaded 1 chars with 0 blanks and 1 valid
5.1288 	DEBUG 	Uploading Texture Font fontname to graphics card
5.1327 	DEBUG 	Upload of Texture Font fontname complete
5.1347 	EXP 	window1: Attempting to measure frame rate of screen (0) ...
5.1347 	EXP 	window1: recordFrameIntervals = False
5.3113 	EXP 	window1: recordFrameIntervals = True
5.4960 	EXP 	Screen (0) actual frame rate measured at 59.44Hz
5.4961 	EXP 	window1: recordFrameIntervals = False
5.5063 	DEBUG 	TextBox2 loaded 1 chars with 0 blanks and 1 valid
5.5072 	DEBUG 	TextBox2 loaded 1 chars with 0 blanks and 1 valid
5.5083 	DEBUG 	TextBox2 loaded 1 chars with 0 blanks and 1 valid
5.5096 	DEBUG 	TextBox2 loaded 1 chars with 0 blanks and 1 valid
5.5108 	DEBUG 	TextBox2 loaded 1 chars with 0 blanks and 1 valid
5.5121 	DEBUG 	TextBox2 loaded 1 chars with 0 blanks and 1 valid
5.5128 	DEBUG 	TextBox2 loaded 1 chars with 0 blanks and 1 valid
5.5141 	DEBUG 	TextBox2 loaded 1 chars with 0 blanks and 1 valid
5.5156 	DEBUG 	TextBox2 loaded 1 chars with 0 blanks and 1 valid
5.5171 	DEBUG 	TextBox2 loaded 1 chars with 0 blanks and 1 valid
5.5176 	DEBUG 	Uploading Texture Font fontname to graphics card
5.5183 	DEBUG 	Upload of Texture Font fontname complete
5.5361 	WARNING 	launchHubServer: If using the iohub mouse or eyetracker devices, fullScr should be True.
7.9343 	INFO 	keyboard.Keyboard is using iohub backend.
7.9343 	INFO 	keyboard.Keyboard is using iohub backend.
8.2698 	INFO 	keyboard.Keyboard is using iohub backend.
8.2699 	INFO 	keyboard.Keyboard is using iohub backend.
8.2701 	EXP 	experiment: status = STARTED
8.4756 	EXP 	Created text_left = TextStim(__class__=<class 'psychopy.visual.text.TextStim'>, alignHoriz=method-wrapper(...), alignText='center', alignVert=method-wrapper(...), anchorHoriz='center', anchorVert='center', antialias=True, autoDraw=False, autoLog=True, bold=False, color=array([1., 1., 1.]), colorSpace='rgb', contrast=1.0, depth=-1.0, draggable=False, flipHoriz=False, flipVert=False, font='Arial', fontFiles=[], height=0.05, italic=False, languageStyle='LTR', name='text_left', opacity=1, ori=0.0, pos=array([-0.25,  0.  ]), rgb=UNKNOWN, text="'joicate'", units='height', win=Window(...), wrapWidth=1)
8.4790 	EXP 	Created text_right = TextStim(__class__=<class 'psychopy.visual.text.TextStim'>, alignHoriz=method-wrapper(...), alignText='center', alignVert=method-wrapper(...), anchorHoriz='center', anchorVert='center', antialias=True, autoDraw=False, autoLog=True, bold=False, color=array([1., 1., 1.]), colorSpace='rgb', contrast=1.0, depth=-2.0, draggable=False, flipHoriz=False, flipVert=False, font='Arial', fontFiles=[], height=0.05, italic=False, languageStyle='LTR', name='text_right', opacity=1, ori=0.0, pos=array([0.25, 0.  ]), rgb=UNKNOWN, text="'pablize'", units='height', win=Window(...), wrapWidth=1)
8.6369 	EXP 	Sound correct set volume 1.000
8.6584 	EXP 	Created text = TextStim(__class__=<class 'psychopy.visual.text.TextStim'>, alignHoriz=method-wrapper(...), alignText='center', alignVert=method-wrapper(...), anchorHoriz='center', anchorVert='center', antialias=True, autoDraw=False, autoLog=True, bold=False, color=array([1., 1., 1.]), colorSpace='rgb', contrast=1.0, depth=0.0, draggable=False, flipHoriz=False, flipVert=False, font='Arial', fontFiles=[], height=0.05, italic=False, languageStyle='LTR', name='text', opacity=1, ori=0.0, pos=array([0., 0.]), rgb=UNKNOWN, text=str(...), units='height', win=Window(...), wrapWidth=1)
8.7761 	EXP 	Created left_text = TextStim(__class__=<class 'psychopy.visual.text.TextStim'>, alignHoriz=method-wrapper(...), alignText='center', alignVert=method-wrapper(...), anchorHoriz='center', anchorVert='center', antialias=True, autoDraw=False, autoLog=True, bold=False, color=array([1., 1., 1.]), colorSpace='rgb', contrast=1.0, depth=-1.0, draggable=False, flipHoriz=False, flipVert=False, font='Arial', fontFiles=[], height=0.05, italic=False, languageStyle='LTR', name='left_text', opacity=1, ori=0.0, pos=array([-0.25,  0.  ]), rgb=UNKNOWN, text="'barbul'", units='height', win=Window(...), wrapWidth=1)
8.7798 	EXP 	Created right_text = TextStim(__class__=<class 'psychopy.visual.text.TextStim'>, alignHoriz=method-wrapper(...), alignText='center', alignVert=method-wrapper(...), anchorHoriz='center', anchorVert='center', antialias=True, autoDraw=False, autoLog=True, bold=False, color=array([1., 1., 1.]), colorSpace='rgb', contrast=1.0, depth=-2.0, draggable=False, flipHoriz=False, flipVert=False, font='Arial', fontFiles=[], height=0.05, italic=False, languageStyle='LTR', name='right_text', opacity=1, ori=0.0, pos=array([0.25, 0.  ]), rgb=UNKNOWN, text="'joicate'", units='height', win=Window(...), wrapWidth=1)
8.7850 	EXP 	Created thanks = TextStim(__class__=<class 'psychopy.visual.text.TextStim'>, alignHoriz=method-wrapper(...), alignText='center', alignVert=method-wrapper(...), anchorHoriz='center', anchorVert='center', antialias=True, autoDraw=False, autoLog=True, bold=False, color=array([1., 1., 1.]), colorSpace='rgb', contrast=1.0, depth=0.0, draggable=False, flipHoriz=False, flipVert=False, font='Arial', fontFiles=[], height=0.05, italic=False, languageStyle='LTR', name='thanks', opacity=1, ori=0.0, pos=array([0., 0.]), rgb=UNKNOWN, text='Thank you for participating!\n\nAdd Survey', units='height', win=Window(...), wrapWidth=1)
0.0066 	EXP 	movie: autoLog = True
0.0066 	EXP 	test_movie: autoLog = True
0.0397 	EXP 	movie: autoDraw = True
0.0397 	EXP 	text_left: autoDraw = True
0.0397 	EXP 	text_right: autoDraw = True
5.0083 	INFO 	Keyboard events cleared
7.4046 	DATA 	Keypress: z
7.4235 	INFO 	Keyboard events cleared
7.4232 	EXP 	movie: autoDraw = False
7.4232 	EXP 	text_left: autoDraw = False
7.4232 	EXP 	text_right: autoDraw = False
7.4232 	EXP 	text: autoDraw = True
8.8759 	DATA 	Keypress: s
8.8900 	EXP 	text: autoDraw = False
8.8900 	EXP 	test_movie: autoDraw = True
8.8900 	EXP 	left_text: autoDraw = True
8.8900 	EXP 	right_text: autoDraw = True
13.8593 	INFO 	Keyboard events cleared
15.7693 	DATA 	Keypress: slash
15.7730 	EXP 	test_movie: autoDraw = False
15.7730 	EXP 	left_text: autoDraw = False
15.7730 	EXP 	right_text: autoDraw = False
15.7730 	EXP 	thanks: autoDraw = True
16.7754 	EXP 	thanks: autoDraw = False
16.7754 	EXP 	thanks: autoDraw = False
16.7780 	EXP 	experiment: status = STOPPED
16.7826 	INFO 	saved data to 'C:\\Users\\flani\\Experiment\\data/703007_experiment_2025-02-05_00h19.17.082.csv'
16.7832 	INFO 	saved data to C:\Users\flani\Experiment\data/703007_experiment_2025-02-05_00h19.17.082.psydat
17.2765 	DEBUG 	Saving data for experiment ExperimentHandler
