5.6986 	INFO 	Loaded monitor calibration from ['2025_01_27 21:32']
5.7058 	WARNING 	User requested fullscreen with size [1024  768], but screen is actually [1920, 1200]. Using actual size
6.0746 	EXP 	Created window1 = Window(allowGUI=False, allowStencil=False, autoLog=True, backendConf=UNKNOWN, backgroundFit=<method-wrapper '__getattribute__' of attributeSetter object at 0x0000016E235EF160>, backgroundImage=<method-wrapper '__getattribute__' of attributeSetter object at 0x0000016E235EF100>, bitsMode=UNKNOWN, blendMode='avg', bpc=(8, 8, 8), color=array([0, 0, 0]), colorSpace='rgb', depthBits=8, fullscr=True, gamma=None, gammaErrorPolicy='raise', infoMsg=UNKNOWN, lms=UNKNOWN, monitor=<psychopy.monitors.calibTools.Monitor object at 0x0000016E236B5D80>, multiSample=False, name='window1', numSamples=2, pos=[0.0, 0.0], screen=0, size=array([1920, 1200]), stencilBits=0, stereo=False, title='PsychoPy', units='height', useFBO=True, useRetina=False, viewOri=0.0, viewPos=None, viewScale=None, waitBlanking=True, winType='pyglet')
6.0747 	EXP 	window1: backgroundImage = ''
6.0747 	EXP 	window1: backgroundFit = 'none'
6.1405 	EXP 	window1: Attempting to measure frame rate of screen (0) ...
6.1405 	EXP 	window1: recordFrameIntervals = False
6.2838 	EXP 	window1: recordFrameIntervals = True
6.4666 	EXP 	Screen (0) actual frame rate measured at 60.02Hz
6.4667 	EXP 	window1: recordFrameIntervals = False
10.0137 	INFO 	keyboard.Keyboard is using iohub backend.
10.0138 	INFO 	keyboard.Keyboard is using iohub backend.
10.0139 	INFO 	keyboard.Keyboard is using iohub backend.
10.1958 	INFO 	keyboard.Keyboard is using iohub backend.
10.1959 	INFO 	keyboard.Keyboard is using iohub backend.
10.1959 	INFO 	keyboard.Keyboard is using iohub backend.
10.1960 	INFO 	keyboard.Keyboard is using iohub backend.
10.1961 	EXP 	experiment: status = STARTED
10.3599 	EXP 	Created learningInstructions = TextStim(__class__=<class 'psychopy.visual.text.TextStim'>, alignHoriz=method-wrapper(...), alignText='center', alignVert=method-wrapper(...), anchorHoriz='center', anchorVert='center', antialias=True, autoDraw=False, autoLog=True, bold=False, color=array([1., 1., 1.]), colorSpace='rgb', contrast=1.0, depth=0.0, draggable=False, flipHoriz=False, flipVert=False, font='Arial', fontFiles=[], height=0.05, italic=False, languageStyle='LTR', name='learningInstructions', opacity=1, ori=0.0, pos=array([0., 0.]), rgb=UNKNOWN, text=str(...), units='height', win=Window(...), wrapWidth=1)
10.5758 	EXP 	Created text_left = TextStim(__class__=<class 'psychopy.visual.text.TextStim'>, alignHoriz=method-wrapper(...), alignText='center', alignVert=method-wrapper(...), anchorHoriz='center', anchorVert='center', antialias=True, autoDraw=False, autoLog=True, bold=False, color=array([1., 1., 1.]), colorSpace='rgb', contrast=1.0, depth=-1.0, draggable=False, flipHoriz=False, flipVert=False, font='Arial', fontFiles=[], height=0.05, italic=False, languageStyle='LTR', name='text_left', opacity=1, ori=0.0, pos=array([-0.25,  0.  ]), rgb=UNKNOWN, text="'joicate'", units='height', win=Window(...), wrapWidth=1)
10.5816 	EXP 	Created text_right = TextStim(__class__=<class 'psychopy.visual.text.TextStim'>, alignHoriz=method-wrapper(...), alignText='center', alignVert=method-wrapper(...), anchorHoriz='center', anchorVert='center', antialias=True, autoDraw=False, autoLog=True, bold=False, color=array([1., 1., 1.]), colorSpace='rgb', contrast=1.0, depth=-2.0, draggable=False, flipHoriz=False, flipVert=False, font='Arial', fontFiles=[], height=0.05, italic=False, languageStyle='LTR', name='text_right', opacity=1, ori=0.0, pos=array([0.25, 0.  ]), rgb=UNKNOWN, text="'pablize'", units='height', win=Window(...), wrapWidth=1)
10.7046 	EXP 	Sound correct set volume 1.000
10.7261 	EXP 	Created text = TextStim(__class__=<class 'psychopy.visual.text.TextStim'>, alignHoriz=method-wrapper(...), alignText='center', alignVert=method-wrapper(...), anchorHoriz='center', anchorVert='center', antialias=True, autoDraw=False, autoLog=True, bold=False, color=array([1., 1., 1.]), colorSpace='rgb', contrast=1.0, depth=0.0, draggable=False, flipHoriz=False, flipVert=False, font='Arial', fontFiles=[], height=0.05, italic=False, languageStyle='LTR', name='text', opacity=1, ori=0.0, pos=array([0., 0.]), rgb=UNKNOWN, text=str(...), units='height', win=Window(...), wrapWidth=1)
10.8733 	EXP 	Created left_text = TextStim(__class__=<class 'psychopy.visual.text.TextStim'>, alignHoriz=method-wrapper(...), alignText='center', alignVert=method-wrapper(...), anchorHoriz='center', anchorVert='center', antialias=True, autoDraw=False, autoLog=True, bold=False, color=array([1., 1., 1.]), colorSpace='rgb', contrast=1.0, depth=-1.0, draggable=False, flipHoriz=False, flipVert=False, font='Arial', fontFiles=[], height=0.05, italic=False, languageStyle='LTR', name='left_text', opacity=1, ori=0.0, pos=array([-0.25,  0.  ]), rgb=UNKNOWN, text="'barbul'", units='height', win=Window(...), wrapWidth=1)
10.8769 	EXP 	Created right_text = TextStim(__class__=<class 'psychopy.visual.text.TextStim'>, alignHoriz=method-wrapper(...), alignText='center', alignVert=method-wrapper(...), anchorHoriz='center', anchorVert='center', antialias=True, autoDraw=False, autoLog=True, bold=False, color=array([1., 1., 1.]), colorSpace='rgb', contrast=1.0, depth=-2.0, draggable=False, flipHoriz=False, flipVert=False, font='Arial', fontFiles=[], height=0.05, italic=False, languageStyle='LTR', name='right_text', opacity=1, ori=0.0, pos=array([0.25, 0.  ]), rgb=UNKNOWN, text="'joicate'", units='height', win=Window(...), wrapWidth=1)
11.0438 	EXP 	Created left_text_2 = TextStim(__class__=<class 'psychopy.visual.text.TextStim'>, alignHoriz=method-wrapper(...), alignText='center', alignVert=method-wrapper(...), anchorHoriz='center', anchorVert='center', antialias=True, autoDraw=False, autoLog=True, bold=False, color=array([1., 1., 1.]), colorSpace='rgb', contrast=1.0, depth=-1.0, draggable=False, flipHoriz=False, flipVert=False, font='Arial', fontFiles=[], height=0.05, italic=False, languageStyle='LTR', name='left_text_2', opacity=1, ori=0.0, pos=array([-0.25,  0.  ]), rgb=UNKNOWN, text="'joicate'", units='height', win=Window(...), wrapWidth=1)
11.0477 	EXP 	Created right_text_2 = TextStim(__class__=<class 'psychopy.visual.text.TextStim'>, alignHoriz=method-wrapper(...), alignText='center', alignVert=method-wrapper(...), anchorHoriz='center', anchorVert='center', antialias=True, autoDraw=False, autoLog=True, bold=False, color=array([1., 1., 1.]), colorSpace='rgb', contrast=1.0, depth=-2.0, draggable=False, flipHoriz=False, flipVert=False, font='Arial', fontFiles=[], height=0.05, italic=False, languageStyle='LTR', name='right_text_2', opacity=1, ori=0.0, pos=array([0.25, 0.  ]), rgb=UNKNOWN, text="'fremple'", units='height', win=Window(...), wrapWidth=1)
11.2237 	EXP 	Created left_text_3 = TextStim(__class__=<class 'psychopy.visual.text.TextStim'>, alignHoriz=method-wrapper(...), alignText='center', alignVert=method-wrapper(...), anchorHoriz='center', anchorVert='center', antialias=True, autoDraw=False, autoLog=True, bold=False, color=array([1., 1., 1.]), colorSpace='rgb', contrast=1.0, depth=-1.0, draggable=False, flipHoriz=False, flipVert=False, font='Arial', fontFiles=[], height=0.05, italic=False, languageStyle='LTR', name='left_text_3', opacity=1, ori=0.0, pos=array([-0.25,  0.  ]), rgb=UNKNOWN, text="'pablize'", units='height', win=Window(...), wrapWidth=1)
11.2309 	EXP 	Created right_text_3 = TextStim(__class__=<class 'psychopy.visual.text.TextStim'>, alignHoriz=method-wrapper(...), alignText='center', alignVert=method-wrapper(...), anchorHoriz='center', anchorVert='center', antialias=True, autoDraw=False, autoLog=True, bold=False, color=array([1., 1., 1.]), colorSpace='rgb', contrast=1.0, depth=-2.0, draggable=False, flipHoriz=False, flipVert=False, font='Arial', fontFiles=[], height=0.05, italic=False, languageStyle='LTR', name='right_text_3', opacity=1, ori=0.0, pos=array([0.25, 0.  ]), rgb=UNKNOWN, text="'joicate'", units='height', win=Window(...), wrapWidth=1)
11.2433 	EXP 	Created thanks = TextStim(__class__=<class 'psychopy.visual.text.TextStim'>, alignHoriz=method-wrapper(...), alignText='center', alignVert=method-wrapper(...), anchorHoriz='center', anchorVert='center', antialias=True, autoDraw=False, autoLog=True, bold=False, color=array([1., 1., 1.]), colorSpace='rgb', contrast=1.0, depth=0.0, draggable=False, flipHoriz=False, flipVert=False, font='Arial', fontFiles=[], height=0.05, italic=False, languageStyle='LTR', name='thanks', opacity=1, ori=0.0, pos=array([0., 0.]), rgb=UNKNOWN, text='Thank you for participating!\n\nAdd Survey', units='height', win=Window(...), wrapWidth=1)
0.0024 	EXP 	movie: autoLog = True
0.0024 	EXP 	test_movie: autoLog = True
0.0024 	EXP 	test_movie_2: autoLog = True
0.0024 	EXP 	test_movie_3: autoLog = True
0.0092 	INFO 	Keyboard events cleared
0.0085 	EXP 	learningInstructions: autoDraw = True
1.7363 	DATA 	Keypress: s
1.7382 	EXP 	learningInstructions: autoDraw = False
1.7382 	EXP 	movie: autoDraw = True
1.7382 	EXP 	text_left: autoDraw = True
1.7382 	EXP 	text_right: autoDraw = True
6.2775 	DATA 	Keypress: z
6.6738 	INFO 	Keyboard events cleared
8.0666 	DATA 	Keypress: z
8.0689 	INFO 	Keyboard events cleared
8.0681 	EXP 	movie: autoDraw = False
8.0681 	EXP 	text_left: autoDraw = False
8.0681 	EXP 	text_right: autoDraw = False
8.0681 	EXP 	text: autoDraw = True
11.5079 	DATA 	Keypress: s
11.5101 	EXP 	text: autoDraw = False
11.5101 	EXP 	test_movie: autoDraw = True
11.5101 	EXP 	left_text: autoDraw = True
11.5101 	EXP 	right_text: autoDraw = True
16.4899 	INFO 	Keyboard events cleared
22.4241 	DATA 	Keypress: slash
22.4268 	EXP 	test_movie: autoDraw = False
22.4268 	EXP 	left_text: autoDraw = False
22.4268 	EXP 	right_text: autoDraw = False
22.4268 	EXP 	test_movie_2: autoDraw = True
22.4268 	EXP 	left_text_2: autoDraw = True
22.4268 	EXP 	right_text_2: autoDraw = True
27.4066 	INFO 	Keyboard events cleared
28.3422 	DATA 	Keypress: z
28.4999 	EXP 	test_movie_2: autoDraw = False
28.4999 	EXP 	left_text_2: autoDraw = False
28.4999 	EXP 	right_text_2: autoDraw = False
28.4999 	EXP 	test_movie_3: autoDraw = True
28.4999 	EXP 	left_text_3: autoDraw = True
28.4999 	EXP 	right_text_3: autoDraw = True
33.5064 	INFO 	Keyboard events cleared
34.0792 	DATA 	Keypress: slash
34.2132 	EXP 	test_movie_3: autoDraw = False
34.2132 	EXP 	left_text_3: autoDraw = False
34.2132 	EXP 	right_text_3: autoDraw = False
34.2132 	EXP 	thanks: autoDraw = True
35.2225 	EXP 	thanks: autoDraw = False
35.2225 	EXP 	thanks: autoDraw = False
35.2227 	EXP 	experiment: status = STOPPED
35.2312 	INFO 	saved data to 'C:\\Users\\flani\\Experiment\\data/756916_experiment_2025-02-05_00h48.14.614.csv'
35.2320 	INFO 	saved data to C:\Users\flani\Experiment\data/756916_experiment_2025-02-05_00h48.14.614.psydat
