5.1485 	DEBUG 	Fullscreen settings ignored as running in pilot mode.
5.1493 	INFO 	Loaded monitor calibration from ['2025_01_27 21:32']
5.4026 	EXP 	Created window1 = Window(allowGUI=False, allowStencil=True, autoLog=True, backendConf=UNKNOWN, backgroundFit=<method-wrapper '__getattribute__' of attributeSetter object at 0x0000014877C3B760>, backgroundImage=<method-wrapper '__getattribute__' of attributeSetter object at 0x0000014877C3B7C0>, bitsMode=UNKNOWN, blendMode='avg', bpc=(8, 8, 8), color=array([0, 0, 0]), colorSpace='rgb', depthBits=8, fullscr=False, gamma=None, gammaErrorPolicy='raise', infoMsg=UNKNOWN, lms=UNKNOWN, monitor=<psychopy.monitors.calibTools.Monitor object at 0x0000014877CCCD30>, multiSample=False, name='window1', numSamples=2, pos=[560.0, 300.0], screen=0, size=array([800, 600]), stencilBits=8, stereo=False, title='PsychoPy', units='height', useFBO=True, useRetina=False, viewOri=0.0, viewPos=None, viewScale=None, waitBlanking=True, winType='pyglet')
5.4027 	EXP 	window1: backgroundImage = ''
5.4027 	EXP 	window1: backgroundFit = 'none'
5.4083 	DEBUG 	TextBox2 loaded 1 chars with 0 blanks and 1 valid
5.4089 	DEBUG 	TextBox2 loaded 1 chars with 0 blanks and 1 valid
5.4095 	DEBUG 	TextBox2 loaded 1 chars with 0 blanks and 1 valid
5.4103 	DEBUG 	TextBox2 loaded 1 chars with 0 blanks and 1 valid
5.4110 	DEBUG 	TextBox2 loaded 1 chars with 0 blanks and 1 valid
5.4114 	DEBUG 	TextBox2 loaded 1 chars with 0 blanks and 1 valid
5.4119 	DEBUG 	TextBox2 loaded 1 chars with 0 blanks and 1 valid
5.4127 	DEBUG 	TextBox2 loaded 1 chars with 0 blanks and 1 valid
5.4129 	DEBUG 	TextBox2 loaded 1 chars with 0 blanks and 1 valid
5.4132 	DEBUG 	TextBox2 loaded 1 chars with 0 blanks and 1 valid
5.4138 	DEBUG 	TextBox2 loaded 1 chars with 0 blanks and 1 valid
5.4144 	DEBUG 	TextBox2 loaded 1 chars with 0 blanks and 1 valid
5.4149 	DEBUG 	TextBox2 loaded 1 chars with 0 blanks and 1 valid
5.4155 	DEBUG 	TextBox2 loaded 1 chars with 0 blanks and 1 valid
5.4160 	DEBUG 	TextBox2 loaded 1 chars with 0 blanks and 1 valid
5.4166 	DEBUG 	TextBox2 loaded 1 chars with 0 blanks and 1 valid
5.4172 	DEBUG 	TextBox2 loaded 1 chars with 0 blanks and 1 valid
5.4175 	DEBUG 	TextBox2 loaded 1 chars with 0 blanks and 1 valid
5.4179 	DEBUG 	TextBox2 loaded 1 chars with 0 blanks and 1 valid
5.4186 	DEBUG 	TextBox2 loaded 1 chars with 0 blanks and 1 valid
5.4191 	DEBUG 	TextBox2 loaded 1 chars with 0 blanks and 1 valid
5.4194 	DEBUG 	Uploading Texture Font fontname to graphics card
5.4562 	DEBUG 	Upload of Texture Font fontname complete
5.4615 	DEBUG 	TextBox2 loaded 1 chars with 0 blanks and 1 valid
5.4624 	DEBUG 	TextBox2 loaded 1 chars with 0 blanks and 1 valid
5.4631 	DEBUG 	TextBox2 loaded 1 chars with 0 blanks and 1 valid
5.4633 	DEBUG 	Uploading Texture Font fontname to graphics card
5.4927 	DEBUG 	Upload of Texture Font fontname complete
5.4943 	EXP 	window1: Attempting to measure frame rate of screen (0) ...
5.4944 	EXP 	window1: recordFrameIntervals = False
5.6717 	EXP 	window1: recordFrameIntervals = True
5.8572 	EXP 	Screen (0) actual frame rate measured at 59.95Hz
5.8572 	EXP 	window1: recordFrameIntervals = False
5.8663 	DEBUG 	TextBox2 loaded 1 chars with 0 blanks and 1 valid
5.8669 	DEBUG 	TextBox2 loaded 1 chars with 0 blanks and 1 valid
5.8677 	DEBUG 	TextBox2 loaded 1 chars with 0 blanks and 1 valid
5.8687 	DEBUG 	TextBox2 loaded 1 chars with 0 blanks and 1 valid
5.8698 	DEBUG 	TextBox2 loaded 1 chars with 0 blanks and 1 valid
5.8707 	DEBUG 	TextBox2 loaded 1 chars with 0 blanks and 1 valid
5.8711 	DEBUG 	TextBox2 loaded 1 chars with 0 blanks and 1 valid
5.8718 	DEBUG 	TextBox2 loaded 1 chars with 0 blanks and 1 valid
5.8726 	DEBUG 	TextBox2 loaded 1 chars with 0 blanks and 1 valid
5.8733 	DEBUG 	TextBox2 loaded 1 chars with 0 blanks and 1 valid
5.8736 	DEBUG 	Uploading Texture Font fontname to graphics card
5.8740 	DEBUG 	Upload of Texture Font fontname complete
5.8835 	WARNING 	launchHubServer: If using the iohub mouse or eyetracker devices, fullScr should be True.
8.5685 	INFO 	keyboard.Keyboard is using iohub backend.
8.5685 	INFO 	keyboard.Keyboard is using iohub backend.
8.5686 	EXP 	norming: status = STARTED
8.6202 	DEBUG 	Saving data for norming ExperimentHandler
8.6210 	INFO 	saved data to C:\Users\flani\Experiment\data/780984_norming_2025-03-12_12h15.09.728.psydat
8.6217 	INFO 	saved data to 'C:\\Users\\flani\\Experiment\\data/780984_norming_2025-03-12_12h15.09.728.csv'
