5.5039 	DEBUG 	Fullscreen settings ignored as running in pilot mode.
5.5047 	INFO 	Loaded monitor calibration from ['2025_01_27 21:32']
5.7497 	EXP 	Created window1 = Window(allowGUI=False, allowStencil=False, autoLog=True, backendConf=UNKNOWN, backgroundFit=<method-wrapper '__getattribute__' of attributeSetter object at 0x000002B55CE946D0>, backgroundImage=<method-wrapper '__getattribute__' of attributeSetter object at 0x000002B55CE94730>, bitsMode=UNKNOWN, blendMode='avg', bpc=(8, 8, 8), color=array([0, 0, 0]), colorSpace='rgb', depthBits=8, fullscr=False, gamma=None, gammaErrorPolicy='raise', infoMsg=UNKNOWN, lms=UNKNOWN, monitor=<psychopy.monitors.calibTools.Monitor object at 0x000002B565966F80>, multiSample=False, name='window1', numSamples=2, pos=[560.0, 300.0], screen=0, size=array([800, 600]), stencilBits=0, stereo=False, title='PsychoPy', units='height', useFBO=True, useRetina=False, viewOri=0.0, viewPos=None, viewScale=None, waitBlanking=True, winType='pyglet')
5.7498 	EXP 	window1: backgroundImage = ''
5.7498 	EXP 	window1: backgroundFit = 'none'
5.7559 	DEBUG 	TextBox2 loaded 1 chars with 0 blanks and 1 valid
5.7566 	DEBUG 	TextBox2 loaded 1 chars with 0 blanks and 1 valid
5.7572 	DEBUG 	TextBox2 loaded 1 chars with 0 blanks and 1 valid
5.7579 	DEBUG 	TextBox2 loaded 1 chars with 0 blanks and 1 valid
5.7586 	DEBUG 	TextBox2 loaded 1 chars with 0 blanks and 1 valid
5.7590 	DEBUG 	TextBox2 loaded 1 chars with 0 blanks and 1 valid
5.7596 	DEBUG 	TextBox2 loaded 1 chars with 0 blanks and 1 valid
5.7604 	DEBUG 	TextBox2 loaded 1 chars with 0 blanks and 1 valid
5.7606 	DEBUG 	TextBox2 loaded 1 chars with 0 blanks and 1 valid
5.7609 	DEBUG 	TextBox2 loaded 1 chars with 0 blanks and 1 valid
5.7615 	DEBUG 	TextBox2 loaded 1 chars with 0 blanks and 1 valid
5.7620 	DEBUG 	TextBox2 loaded 1 chars with 0 blanks and 1 valid
5.7626 	DEBUG 	TextBox2 loaded 1 chars with 0 blanks and 1 valid
5.7631 	DEBUG 	TextBox2 loaded 1 chars with 0 blanks and 1 valid
5.7636 	DEBUG 	TextBox2 loaded 1 chars with 0 blanks and 1 valid
5.7642 	DEBUG 	TextBox2 loaded 1 chars with 0 blanks and 1 valid
5.7648 	DEBUG 	TextBox2 loaded 1 chars with 0 blanks and 1 valid
5.7651 	DEBUG 	TextBox2 loaded 1 chars with 0 blanks and 1 valid
5.7655 	DEBUG 	TextBox2 loaded 1 chars with 0 blanks and 1 valid
5.7662 	DEBUG 	TextBox2 loaded 1 chars with 0 blanks and 1 valid
5.7666 	DEBUG 	TextBox2 loaded 1 chars with 0 blanks and 1 valid
5.7669 	DEBUG 	Uploading Texture Font fontname to graphics card
5.7715 	DEBUG 	Upload of Texture Font fontname complete
5.7767 	DEBUG 	TextBox2 loaded 1 chars with 0 blanks and 1 valid
5.7776 	DEBUG 	TextBox2 loaded 1 chars with 0 blanks and 1 valid
5.7783 	DEBUG 	TextBox2 loaded 1 chars with 0 blanks and 1 valid
5.7786 	DEBUG 	Uploading Texture Font fontname to graphics card
5.7865 	DEBUG 	Upload of Texture Font fontname complete
5.7881 	EXP 	window1: Attempting to measure frame rate of screen (0) ...
5.7881 	EXP 	window1: recordFrameIntervals = False
5.9586 	EXP 	window1: recordFrameIntervals = True
6.2424 	EXP 	Screen (0) actual frame rate measured at 61.15Hz
6.2424 	EXP 	window1: recordFrameIntervals = False
6.2471 	DEBUG 	TextBox2 loaded 1 chars with 0 blanks and 1 valid
6.2476 	DEBUG 	TextBox2 loaded 1 chars with 0 blanks and 1 valid
6.2483 	DEBUG 	TextBox2 loaded 1 chars with 0 blanks and 1 valid
6.2491 	DEBUG 	TextBox2 loaded 1 chars with 0 blanks and 1 valid
6.2499 	DEBUG 	TextBox2 loaded 1 chars with 0 blanks and 1 valid
6.2507 	DEBUG 	TextBox2 loaded 1 chars with 0 blanks and 1 valid
6.2511 	DEBUG 	TextBox2 loaded 1 chars with 0 blanks and 1 valid
6.2517 	DEBUG 	TextBox2 loaded 1 chars with 0 blanks and 1 valid
6.2525 	DEBUG 	TextBox2 loaded 1 chars with 0 blanks and 1 valid
6.2531 	DEBUG 	TextBox2 loaded 1 chars with 0 blanks and 1 valid
6.2534 	DEBUG 	Uploading Texture Font fontname to graphics card
6.2538 	DEBUG 	Upload of Texture Font fontname complete
6.2639 	WARNING 	launchHubServer: If using the iohub mouse or eyetracker devices, fullScr should be True.
8.7477 	INFO 	keyboard.Keyboard is using iohub backend.
8.7478 	INFO 	keyboard.Keyboard is using iohub backend.
8.7479 	INFO 	keyboard.Keyboard is using iohub backend.
8.7479 	EXP 	experiment: status = STARTED
8.8902 	EXP 	Created learningInstructions = TextStim(__class__=<class 'psychopy.visual.text.TextStim'>, alignHoriz=method-wrapper(...), alignText='center', alignVert=method-wrapper(...), anchorHoriz='center', anchorVert='center', antialias=True, autoDraw=False, autoLog=True, bold=False, color=array([1., 1., 1.]), colorSpace='rgb', contrast=1.0, depth=0.0, draggable=False, flipHoriz=False, flipVert=False, font='Arial', fontFiles=[], height=0.05, italic=False, languageStyle='LTR', name='learningInstructions', opacity=1, ori=0.0, pos=array([0., 0.]), rgb=UNKNOWN, text=str(...), units='height', win=Window(...), wrapWidth=1)
8.8926 	EXP 	Created text = TextStim(__class__=<class 'psychopy.visual.text.TextStim'>, alignHoriz=method-wrapper(...), alignText='center', alignVert=method-wrapper(...), anchorHoriz='center', anchorVert='center', antialias=True, autoDraw=False, autoLog=True, bold=False, color=array([1., 1., 1.]), colorSpace='rgb', contrast=1.0, depth=0.0, draggable=False, flipHoriz=False, flipVert=False, font='Arial', fontFiles=[], height=0.05, italic=False, languageStyle='LTR', name='text', opacity=1, ori=0.0, pos=array([0., 0.]), rgb=UNKNOWN, text="'name'", units='height', win=Window(...), wrapWidth=1)
0.0072 	EXP 	movie_1: autoLog = True
0.0072 	EXP 	movie_2: autoLog = True
0.0254 	INFO 	Keyboard events cleared
0.0249 	EXP 	learningInstructions: autoDraw = True
1.4506 	DATA 	Keypress: s
1.4580 	EXP 	learningInstructions: autoDraw = False
1.4580 	EXP 	movie_1: autoDraw = True
10.0984 	DATA 	Keypress: z
10.3978 	DATA 	Keypress: slash
11.3165 	DATA 	Keypress: z
11.4988 	DATA 	Keypress: slash
12.0163 	DATA 	Keypress: z
12.4658 	DATA 	Keypress: escape
12.5971 	EXP 	experiment: status = STOPPED
12.6099 	EXP 	movie_1: autoDraw = False
12.6144 	EXP 	experiment: status = STOPPED
12.6447 	INFO 	saved data to 'C:\\Users\\flani\\Experiment\\data/859732_experiment_2025-01-28_20h59.16.218.csv'
12.6455 	INFO 	saved data to C:\Users\flani\Experiment\data/859732_experiment_2025-01-28_20h59.16.218.psydat
13.1604 	DEBUG 	Saving data for experiment ExperimentHandler
