5.0505 	DEBUG 	Fullscreen settings ignored as running in pilot mode.
5.0511 	INFO 	Loaded monitor calibration from ['2025_01_27 21:32']
5.4273 	EXP 	Created window1 = Window(allowGUI=False, allowStencil=False, autoLog=True, backendConf=UNKNOWN, backgroundFit=<method-wrapper '__getattribute__' of attributeSetter object at 0x0000020DFDAC46A0>, backgroundImage=<method-wrapper '__getattribute__' of attributeSetter object at 0x0000020DFDAC4700>, bitsMode=UNKNOWN, blendMode='avg', bpc=(8, 8, 8), color=array([0, 0, 0]), colorSpace='rgb', depthBits=8, fullscr=False, gamma=None, gammaErrorPolicy='raise', infoMsg=UNKNOWN, lms=UNKNOWN, monitor=<psychopy.monitors.calibTools.Monitor object at 0x0000020D800B46D0>, multiSample=False, name='window1', numSamples=2, pos=[560.0, 300.0], screen=0, size=array([800, 600]), stencilBits=0, stereo=False, title='PsychoPy', units='height', useFBO=True, useRetina=False, viewOri=0.0, viewPos=None, viewScale=None, waitBlanking=True, winType='pyglet')
5.4275 	EXP 	window1: backgroundImage = ''
5.4276 	EXP 	window1: backgroundFit = 'none'
5.4419 	DEBUG 	TextBox2 loaded 1 chars with 0 blanks and 1 valid
5.4429 	DEBUG 	TextBox2 loaded 1 chars with 0 blanks and 1 valid
5.4440 	DEBUG 	TextBox2 loaded 1 chars with 0 blanks and 1 valid
5.4451 	DEBUG 	TextBox2 loaded 1 chars with 0 blanks and 1 valid
5.4461 	DEBUG 	TextBox2 loaded 1 chars with 0 blanks and 1 valid
5.4467 	DEBUG 	TextBox2 loaded 1 chars with 0 blanks and 1 valid
5.4475 	DEBUG 	TextBox2 loaded 1 chars with 0 blanks and 1 valid
5.4484 	DEBUG 	TextBox2 loaded 1 chars with 0 blanks and 1 valid
5.4488 	DEBUG 	TextBox2 loaded 1 chars with 0 blanks and 1 valid
5.4491 	DEBUG 	TextBox2 loaded 1 chars with 0 blanks and 1 valid
5.4498 	DEBUG 	TextBox2 loaded 1 chars with 0 blanks and 1 valid
5.4504 	DEBUG 	TextBox2 loaded 1 chars with 0 blanks and 1 valid
5.4511 	DEBUG 	TextBox2 loaded 1 chars with 0 blanks and 1 valid
5.4518 	DEBUG 	TextBox2 loaded 1 chars with 0 blanks and 1 valid
5.4523 	DEBUG 	TextBox2 loaded 1 chars with 0 blanks and 1 valid
5.4531 	DEBUG 	TextBox2 loaded 1 chars with 0 blanks and 1 valid
5.4538 	DEBUG 	TextBox2 loaded 1 chars with 0 blanks and 1 valid
5.4542 	DEBUG 	TextBox2 loaded 1 chars with 0 blanks and 1 valid
5.4546 	DEBUG 	TextBox2 loaded 1 chars with 0 blanks and 1 valid
5.4555 	DEBUG 	TextBox2 loaded 1 chars with 0 blanks and 1 valid
5.4561 	DEBUG 	TextBox2 loaded 1 chars with 0 blanks and 1 valid
5.4565 	DEBUG 	Uploading Texture Font fontname to graphics card
5.4940 	DEBUG 	Upload of Texture Font fontname complete
5.5000 	DEBUG 	TextBox2 loaded 1 chars with 0 blanks and 1 valid
5.5010 	DEBUG 	TextBox2 loaded 1 chars with 0 blanks and 1 valid
5.5019 	DEBUG 	TextBox2 loaded 1 chars with 0 blanks and 1 valid
5.5022 	DEBUG 	Uploading Texture Font fontname to graphics card
5.5449 	DEBUG 	Upload of Texture Font fontname complete
5.5469 	EXP 	window1: Attempting to measure frame rate of screen (0) ...
5.5469 	EXP 	window1: recordFrameIntervals = False
5.8154 	EXP 	window1: recordFrameIntervals = True
6.0985 	EXP 	Screen (0) actual frame rate measured at 59.80Hz
6.0986 	EXP 	window1: recordFrameIntervals = False
6.1087 	DEBUG 	TextBox2 loaded 1 chars with 0 blanks and 1 valid
6.1097 	DEBUG 	TextBox2 loaded 1 chars with 0 blanks and 1 valid
6.1112 	DEBUG 	TextBox2 loaded 1 chars with 0 blanks and 1 valid
6.1133 	DEBUG 	TextBox2 loaded 1 chars with 0 blanks and 1 valid
6.1151 	DEBUG 	TextBox2 loaded 1 chars with 0 blanks and 1 valid
6.1170 	DEBUG 	TextBox2 loaded 1 chars with 0 blanks and 1 valid
6.1179 	DEBUG 	TextBox2 loaded 1 chars with 0 blanks and 1 valid
6.1193 	DEBUG 	TextBox2 loaded 1 chars with 0 blanks and 1 valid
6.1207 	DEBUG 	TextBox2 loaded 1 chars with 0 blanks and 1 valid
6.1220 	DEBUG 	TextBox2 loaded 1 chars with 0 blanks and 1 valid
6.1223 	DEBUG 	Uploading Texture Font fontname to graphics card
6.1228 	DEBUG 	Upload of Texture Font fontname complete
6.1341 	WARNING 	launchHubServer: If using the iohub mouse or eyetracker devices, fullScr should be True.
8.6398 	INFO 	keyboard.Keyboard is using iohub backend.
8.6398 	EXP 	norming: status = STARTED
8.7095 	DEBUG 	Saving data for norming ExperimentHandler
8.7102 	INFO 	saved data to C:\Users\flani\Experiment\data/876627_norming_2025-03-12_11h24.39.011.psydat
8.7107 	INFO 	saved data to 'C:\\Users\\flani\\Experiment\\data/876627_norming_2025-03-12_11h24.39.011.csv'
