5.4078 	DEBUG 	Fullscreen settings ignored as running in pilot mode.
5.4084 	INFO 	Loaded monitor calibration from ['2025_01_27 21:32']
5.7036 	EXP 	Created window1 = Window(allowGUI=False, allowStencil=False, autoLog=True, backendConf=UNKNOWN, backgroundFit=<method-wrapper '__getattribute__' of attributeSetter object at 0x000001F2AF9986A0>, backgroundImage=<method-wrapper '__getattribute__' of attributeSetter object at 0x000001F2AF998700>, bitsMode=UNKNOWN, blendMode='avg', bpc=(8, 8, 8), color=array([0, 0, 0]), colorSpace='rgb', depthBits=8, fullscr=False, gamma=None, gammaErrorPolicy='raise', infoMsg=UNKNOWN, lms=UNKNOWN, monitor=<psychopy.monitors.calibTools.Monitor object at 0x000001F2AFA54310>, multiSample=False, name='window1', numSamples=2, pos=[560.0, 300.0], screen=0, size=array([800, 600]), stencilBits=0, stereo=False, title='PsychoPy', units='height', useFBO=True, useRetina=False, viewOri=0.0, viewPos=None, viewScale=None, waitBlanking=True, winType='pyglet')
5.7037 	EXP 	window1: backgroundImage = ''
5.7038 	EXP 	window1: backgroundFit = 'none'
5.7155 	DEBUG 	TextBox2 loaded 1 chars with 0 blanks and 1 valid
5.7162 	DEBUG 	TextBox2 loaded 1 chars with 0 blanks and 1 valid
5.7168 	DEBUG 	TextBox2 loaded 1 chars with 0 blanks and 1 valid
5.7177 	DEBUG 	TextBox2 loaded 1 chars with 0 blanks and 1 valid
5.7185 	DEBUG 	TextBox2 loaded 1 chars with 0 blanks and 1 valid
5.7189 	DEBUG 	TextBox2 loaded 1 chars with 0 blanks and 1 valid
5.7195 	DEBUG 	TextBox2 loaded 1 chars with 0 blanks and 1 valid
5.7203 	DEBUG 	TextBox2 loaded 1 chars with 0 blanks and 1 valid
5.7206 	DEBUG 	TextBox2 loaded 1 chars with 0 blanks and 1 valid
5.7208 	DEBUG 	TextBox2 loaded 1 chars with 0 blanks and 1 valid
5.7214 	DEBUG 	TextBox2 loaded 1 chars with 0 blanks and 1 valid
5.7220 	DEBUG 	TextBox2 loaded 1 chars with 0 blanks and 1 valid
5.7226 	DEBUG 	TextBox2 loaded 1 chars with 0 blanks and 1 valid
5.7232 	DEBUG 	TextBox2 loaded 1 chars with 0 blanks and 1 valid
5.7237 	DEBUG 	TextBox2 loaded 1 chars with 0 blanks and 1 valid
5.7243 	DEBUG 	TextBox2 loaded 1 chars with 0 blanks and 1 valid
5.7249 	DEBUG 	TextBox2 loaded 1 chars with 0 blanks and 1 valid
5.7252 	DEBUG 	TextBox2 loaded 1 chars with 0 blanks and 1 valid
5.7256 	DEBUG 	TextBox2 loaded 1 chars with 0 blanks and 1 valid
5.7264 	DEBUG 	TextBox2 loaded 1 chars with 0 blanks and 1 valid
5.7267 	DEBUG 	TextBox2 loaded 1 chars with 0 blanks and 1 valid
5.7270 	DEBUG 	Uploading Texture Font fontname to graphics card
5.7555 	DEBUG 	Upload of Texture Font fontname complete
5.7609 	DEBUG 	TextBox2 loaded 1 chars with 0 blanks and 1 valid
5.7617 	DEBUG 	TextBox2 loaded 1 chars with 0 blanks and 1 valid
5.7625 	DEBUG 	TextBox2 loaded 1 chars with 0 blanks and 1 valid
5.7627 	DEBUG 	Uploading Texture Font fontname to graphics card
5.7852 	DEBUG 	Upload of Texture Font fontname complete
5.7868 	EXP 	window1: Attempting to measure frame rate of screen (0) ...
5.7868 	EXP 	window1: recordFrameIntervals = False
5.9559 	EXP 	window1: recordFrameIntervals = True
6.1732 	EXP 	Screen (0) actual frame rate measured at 59.47Hz
6.1733 	EXP 	window1: recordFrameIntervals = False
6.1835 	DEBUG 	TextBox2 loaded 1 chars with 0 blanks and 1 valid
6.1844 	DEBUG 	TextBox2 loaded 1 chars with 0 blanks and 1 valid
6.1857 	DEBUG 	TextBox2 loaded 1 chars with 0 blanks and 1 valid
6.1872 	DEBUG 	TextBox2 loaded 1 chars with 0 blanks and 1 valid
6.1884 	DEBUG 	TextBox2 loaded 1 chars with 0 blanks and 1 valid
6.1895 	DEBUG 	TextBox2 loaded 1 chars with 0 blanks and 1 valid
6.1901 	DEBUG 	TextBox2 loaded 1 chars with 0 blanks and 1 valid
6.1910 	DEBUG 	TextBox2 loaded 1 chars with 0 blanks and 1 valid
6.1919 	DEBUG 	TextBox2 loaded 1 chars with 0 blanks and 1 valid
6.1928 	DEBUG 	TextBox2 loaded 1 chars with 0 blanks and 1 valid
6.1931 	DEBUG 	Uploading Texture Font fontname to graphics card
6.1935 	DEBUG 	Upload of Texture Font fontname complete
6.2047 	WARNING 	launchHubServer: If using the iohub mouse or eyetracker devices, fullScr should be True.
8.8975 	INFO 	keyboard.Keyboard is using iohub backend.
8.8976 	INFO 	keyboard.Keyboard is using iohub backend.
8.8976 	EXP 	experiment: status = STARTED
9.0243 	EXP 	Created learningInstructions = TextStim(__class__=<class 'psychopy.visual.text.TextStim'>, alignHoriz=method-wrapper(...), alignText='center', alignVert=method-wrapper(...), anchorHoriz='center', anchorVert='center', antialias=True, autoDraw=False, autoLog=True, bold=False, color=array([1., 1., 1.]), colorSpace='rgb', contrast=1.0, depth=0.0, draggable=False, flipHoriz=False, flipVert=False, font='Arial', fontFiles=[], height=0.05, italic=False, languageStyle='LTR', name='learningInstructions', opacity=1, ori=0.0, pos=array([0., 0.]), rgb=UNKNOWN, text=str(...), units='height', win=Window(...), wrapWidth=1)
0.0569 	DEBUG 	Saving data for experiment ExperimentHandler
0.0578 	INFO 	saved data to C:\Users\flani\Experiment\data/886558_experiment_2025-01-28_20h40.10.228.psydat
0.0584 	INFO 	saved data to 'C:\\Users\\flani\\Experiment\\data/886558_experiment_2025-01-28_20h40.10.228.csv'
