5.3580 	DEBUG 	Fullscreen settings ignored as running in pilot mode.
5.3631 	INFO 	Loaded monitor calibration from ['2025_01_27 21:32']
5.5888 	EXP 	Created window1 = Window(allowGUI=False, allowStencil=False, autoLog=True, backendConf=UNKNOWN, backgroundFit=<method-wrapper '__getattribute__' of attributeSetter object at 0x0000026DAED4E0E0>, backgroundImage=<method-wrapper '__getattribute__' of attributeSetter object at 0x0000026DAED4FCA0>, bitsMode=UNKNOWN, blendMode='avg', bpc=(8, 8, 8), color=array([0, 0, 0]), colorSpace='rgb', depthBits=8, fullscr=False, gamma=None, gammaErrorPolicy='raise', infoMsg=UNKNOWN, lms=UNKNOWN, monitor=<psychopy.monitors.calibTools.Monitor object at 0x0000026DAFD01BD0>, multiSample=False, name='window1', numSamples=2, pos=[560.0, 300.0], screen=0, size=array([800, 600]), stencilBits=0, stereo=False, title='PsychoPy', units='height', useFBO=True, useRetina=False, viewOri=0.0, viewPos=None, viewScale=None, waitBlanking=True, winType='pyglet')
5.5888 	EXP 	window1: backgroundImage = ''
5.5889 	EXP 	window1: backgroundFit = 'none'
5.5950 	DEBUG 	TextBox2 loaded 1 chars with 0 blanks and 1 valid
5.5956 	DEBUG 	TextBox2 loaded 1 chars with 0 blanks and 1 valid
5.5962 	DEBUG 	TextBox2 loaded 1 chars with 0 blanks and 1 valid
5.5969 	DEBUG 	TextBox2 loaded 1 chars with 0 blanks and 1 valid
5.5976 	DEBUG 	TextBox2 loaded 1 chars with 0 blanks and 1 valid
5.5980 	DEBUG 	TextBox2 loaded 1 chars with 0 blanks and 1 valid
5.5985 	DEBUG 	TextBox2 loaded 1 chars with 0 blanks and 1 valid
5.5993 	DEBUG 	TextBox2 loaded 1 chars with 0 blanks and 1 valid
5.5995 	DEBUG 	TextBox2 loaded 1 chars with 0 blanks and 1 valid
5.5998 	DEBUG 	TextBox2 loaded 1 chars with 0 blanks and 1 valid
5.6003 	DEBUG 	TextBox2 loaded 1 chars with 0 blanks and 1 valid
5.6009 	DEBUG 	TextBox2 loaded 1 chars with 0 blanks and 1 valid
5.6014 	DEBUG 	TextBox2 loaded 1 chars with 0 blanks and 1 valid
5.6020 	DEBUG 	TextBox2 loaded 1 chars with 0 blanks and 1 valid
5.6024 	DEBUG 	TextBox2 loaded 1 chars with 0 blanks and 1 valid
5.6030 	DEBUG 	TextBox2 loaded 1 chars with 0 blanks and 1 valid
5.6036 	DEBUG 	TextBox2 loaded 1 chars with 0 blanks and 1 valid
5.6039 	DEBUG 	TextBox2 loaded 1 chars with 0 blanks and 1 valid
5.6042 	DEBUG 	TextBox2 loaded 1 chars with 0 blanks and 1 valid
5.6049 	DEBUG 	TextBox2 loaded 1 chars with 0 blanks and 1 valid
5.6053 	DEBUG 	TextBox2 loaded 1 chars with 0 blanks and 1 valid
5.6055 	DEBUG 	Uploading Texture Font fontname to graphics card
5.6095 	DEBUG 	Upload of Texture Font fontname complete
5.6150 	DEBUG 	TextBox2 loaded 1 chars with 0 blanks and 1 valid
5.6159 	DEBUG 	TextBox2 loaded 1 chars with 0 blanks and 1 valid
5.6167 	DEBUG 	TextBox2 loaded 1 chars with 0 blanks and 1 valid
5.6169 	DEBUG 	Uploading Texture Font fontname to graphics card
5.6196 	DEBUG 	Upload of Texture Font fontname complete
5.6210 	EXP 	window1: Attempting to measure frame rate of screen (0) ...
5.6210 	EXP 	window1: recordFrameIntervals = False
5.7952 	EXP 	window1: recordFrameIntervals = True
5.9801 	EXP 	Screen (0) actual frame rate measured at 60.02Hz
5.9801 	EXP 	window1: recordFrameIntervals = False
5.9893 	DEBUG 	TextBox2 loaded 1 chars with 0 blanks and 1 valid
5.9901 	DEBUG 	TextBox2 loaded 1 chars with 0 blanks and 1 valid
5.9910 	DEBUG 	TextBox2 loaded 1 chars with 0 blanks and 1 valid
5.9919 	DEBUG 	TextBox2 loaded 1 chars with 0 blanks and 1 valid
5.9931 	DEBUG 	TextBox2 loaded 1 chars with 0 blanks and 1 valid
5.9940 	DEBUG 	TextBox2 loaded 1 chars with 0 blanks and 1 valid
5.9944 	DEBUG 	TextBox2 loaded 1 chars with 0 blanks and 1 valid
5.9952 	DEBUG 	TextBox2 loaded 1 chars with 0 blanks and 1 valid
5.9961 	DEBUG 	TextBox2 loaded 1 chars with 0 blanks and 1 valid
5.9971 	DEBUG 	TextBox2 loaded 1 chars with 0 blanks and 1 valid
5.9974 	DEBUG 	Uploading Texture Font fontname to graphics card
5.9980 	DEBUG 	Upload of Texture Font fontname complete
6.0116 	WARNING 	launchHubServer: If using the iohub mouse or eyetracker devices, fullScr should be True.
9.1084 	INFO 	keyboard.Keyboard is using iohub backend.
9.1086 	INFO 	keyboard.Keyboard is using iohub backend.
9.1087 	INFO 	keyboard.Keyboard is using iohub backend.
9.3247 	INFO 	keyboard.Keyboard is using iohub backend.
9.3247 	INFO 	keyboard.Keyboard is using iohub backend.
9.3247 	EXP 	experiment: status = STARTED
9.4178 	EXP 	Created learningInstructions = TextStim(__class__=<class 'psychopy.visual.text.TextStim'>, alignHoriz=method-wrapper(...), alignText='center', alignVert=method-wrapper(...), anchorHoriz='center', anchorVert='center', antialias=True, autoDraw=False, autoLog=True, bold=False, color=array([1., 1., 1.]), colorSpace='rgb', contrast=1.0, depth=0.0, draggable=False, flipHoriz=False, flipVert=False, font='Arial', fontFiles=[], height=0.05, italic=False, languageStyle='LTR', name='learningInstructions', opacity=1, ori=0.0, pos=array([0., 0.]), rgb=UNKNOWN, text=str(...), units='height', win=Window(...), wrapWidth=1)
9.5411 	EXP 	Created image = ImageStim(__class__=<class 'psychopy.visual.image.ImageStim'>, anchor=('center', 'center'), autoLog=True, color=array([1., 1., 1.]), colorSpace='rgb', contrast=1.0, depth=-1.0, draggable=False, flipHoriz=False, flipVert=False, image='test_stimuli/dog_img.jpg', interpolate=True, mask=None, maskParams=None, name='image', opacity=1, ori=0.0, pos=array([0.  , 0.25]), size=array([0.25, 0.25]), texRes=128.0, units='height', win=Window(...))
9.5433 	EXP 	Created text_left = TextStim(__class__=<class 'psychopy.visual.text.TextStim'>, alignHoriz=method-wrapper(...), alignText='center', alignVert=method-wrapper(...), anchorHoriz='center', anchorVert='center', antialias=True, autoDraw=False, autoLog=True, bold=False, color=array([1., 1., 1.]), colorSpace='rgb', contrast=1.0, depth=-2.0, draggable=False, flipHoriz=False, flipVert=False, font='Arial', fontFiles=[], height=0.05, italic=False, languageStyle='LTR', name='text_left', opacity=1, ori=0.0, pos=array([-0.25,  0.  ]), rgb=UNKNOWN, text="'dog'", units='height', win=Window(...), wrapWidth=1)
9.5483 	EXP 	Created text_right = TextStim(__class__=<class 'psychopy.visual.text.TextStim'>, alignHoriz=method-wrapper(...), alignText='center', alignVert=method-wrapper(...), anchorHoriz='center', anchorVert='center', antialias=True, autoDraw=False, autoLog=True, bold=False, color=array([1., 1., 1.]), colorSpace='rgb', contrast=1.0, depth=-3.0, draggable=False, flipHoriz=False, flipVert=False, font='Arial', fontFiles=[], height=0.05, italic=False, languageStyle='LTR', name='text_right', opacity=1, ori=0.0, pos=array([0.25, 0.  ]), rgb=UNKNOWN, text="'cat'", units='height', win=Window(...), wrapWidth=1)
9.7215 	EXP 	Sound correct set volume 1.000
9.7401 	EXP 	Created text = TextStim(__class__=<class 'psychopy.visual.text.TextStim'>, alignHoriz=method-wrapper(...), alignText='center', alignVert=method-wrapper(...), anchorHoriz='center', anchorVert='center', antialias=True, autoDraw=False, autoLog=True, bold=False, color=array([1., 1., 1.]), colorSpace='rgb', contrast=1.0, depth=0.0, draggable=False, flipHoriz=False, flipVert=False, font='Arial', fontFiles=[], height=0.05, italic=False, languageStyle='LTR', name='text', opacity=1, ori=0.0, pos=array([0., 0.]), rgb=UNKNOWN, text=str(...), units='height', win=Window(...), wrapWidth=1)
9.8897 	EXP 	Created test_image = ImageStim(__class__=<class 'psychopy.visual.image.ImageStim'>, anchor=('center', 'center'), autoLog=True, color=array([1., 1., 1.]), colorSpace='rgb', contrast=1.0, depth=-1.0, draggable=False, flipHoriz=False, flipVert=False, image='test_stimuli/cat_img.jpg', interpolate=True, mask=None, maskParams=None, name='test_image', opacity=1, ori=0.0, pos=array([0.  , 0.25]), size=array([0.25, 0.25]), texRes=128.0, units='height', win=Window(...))
9.8931 	EXP 	Created left_text = TextStim(__class__=<class 'psychopy.visual.text.TextStim'>, alignHoriz=method-wrapper(...), alignText='center', alignVert=method-wrapper(...), anchorHoriz='center', anchorVert='center', antialias=True, autoDraw=False, autoLog=True, bold=False, color=array([1., 1., 1.]), colorSpace='rgb', contrast=1.0, depth=-2.0, draggable=False, flipHoriz=False, flipVert=False, font='Arial', fontFiles=[], height=0.05, italic=False, languageStyle='LTR', name='left_text', opacity=1, ori=0.0, pos=array([-0.25,  0.  ]), rgb=UNKNOWN, text="'dog'", units='height', win=Window(...), wrapWidth=1)
9.8962 	EXP 	Created right_text = TextStim(__class__=<class 'psychopy.visual.text.TextStim'>, alignHoriz=method-wrapper(...), alignText='center', alignVert=method-wrapper(...), anchorHoriz='center', anchorVert='center', antialias=True, autoDraw=False, autoLog=True, bold=False, color=array([1., 1., 1.]), colorSpace='rgb', contrast=1.0, depth=-3.0, draggable=False, flipHoriz=False, flipVert=False, font='Arial', fontFiles=[], height=0.05, italic=False, languageStyle='LTR', name='right_text', opacity=1, ori=0.0, pos=array([0.25, 0.  ]), rgb=UNKNOWN, text="'cat'", units='height', win=Window(...), wrapWidth=1)
9.9025 	EXP 	Created thanks = TextStim(__class__=<class 'psychopy.visual.text.TextStim'>, alignHoriz=method-wrapper(...), alignText='center', alignVert=method-wrapper(...), anchorHoriz='center', anchorVert='center', antialias=True, autoDraw=False, autoLog=True, bold=False, color=array([1., 1., 1.]), colorSpace='rgb', contrast=1.0, depth=0.0, draggable=False, flipHoriz=False, flipVert=False, font='Arial', fontFiles=[], height=0.05, italic=False, languageStyle='LTR', name='thanks', opacity=1, ori=0.0, pos=array([0., 0.]), rgb=UNKNOWN, text='Thank you for participating!\n\nAdd Survey', units='height', win=Window(...), wrapWidth=1)
0.0086 	EXP 	movie: autoLog = True
0.0086 	EXP 	test_movie: autoLog = True
0.0269 	INFO 	Keyboard events cleared
0.0262 	EXP 	learningInstructions: autoDraw = True
0.8317 	DATA 	Keypress: s
0.8414 	EXP 	learningInstructions: autoDraw = False
0.8414 	EXP 	movie: autoDraw = True
0.8414 	EXP 	text_left: autoDraw = True
0.8414 	EXP 	text_right: autoDraw = True
5.9758 	INFO 	Keyboard events cleared
5.9751 	EXP 	movie: autoDraw = False
5.9751 	EXP 	image: autoDraw = True
6.6121 	DATA 	Keypress: z
6.6263 	INFO 	Keyboard events cleared
6.6253 	EXP 	movie: autoDraw = False
6.6253 	EXP 	image: autoDraw = False
6.6253 	EXP 	text_left: autoDraw = False
6.6253 	EXP 	text_right: autoDraw = False
6.6253 	EXP 	text: autoDraw = True
8.8355 	DATA 	Keypress: s
8.8417 	EXP 	text: autoDraw = False
8.8417 	EXP 	test_movie: autoDraw = True
8.8417 	EXP 	left_text: autoDraw = True
8.8417 	EXP 	right_text: autoDraw = True
14.0925 	INFO 	Keyboard events cleared
14.0917 	EXP 	test_movie: autoDraw = False
14.0917 	EXP 	test_image: autoDraw = True
14.0917 	EXP 	test_movie: autoDraw = False
14.0917 	EXP 	test_image: autoDraw = False
14.0917 	EXP 	left_text: autoDraw = False
14.0917 	EXP 	right_text: autoDraw = False
14.0917 	EXP 	thanks: autoDraw = True
15.0931 	EXP 	thanks: autoDraw = False
15.0931 	EXP 	thanks: autoDraw = False
15.0966 	EXP 	experiment: status = STOPPED
15.1277 	INFO 	saved data to 'C:\\Users\\flani\\Experiment\\data/917646_experiment_2025-01-29_03h41.54.308.csv'
15.1285 	INFO 	saved data to C:\Users\flani\Experiment\data/917646_experiment_2025-01-29_03h41.54.308.psydat
15.8687 	DEBUG 	Saving data for experiment ExperimentHandler
