6.8990 	INFO 	Loaded monitor calibration from ['2025_01_27 21:32']
6.9056 	WARNING 	User requested fullscreen with size [1024  768], but screen is actually [1920, 1200]. Using actual size
7.9283 	EXP 	Created window1 = Window(allowGUI=False, allowStencil=False, autoLog=True, backendConf=UNKNOWN, backgroundFit=<method-wrapper '__getattribute__' of attributeSetter object at 0x000002AC9029F160>, backgroundImage=<method-wrapper '__getattribute__' of attributeSetter object at 0x000002AC9029F100>, bitsMode=UNKNOWN, blendMode='avg', bpc=(8, 8, 8), color=array([0, 0, 0]), colorSpace='rgb', depthBits=8, fullscr=True, gamma=None, gammaErrorPolicy='raise', infoMsg=UNKNOWN, lms=UNKNOWN, monitor=<psychopy.monitors.calibTools.Monitor object at 0x000002AC90365DE0>, multiSample=False, name='window1', numSamples=2, pos=[0.0, 0.0], screen=0, size=array([1920, 1200]), stencilBits=0, stereo=False, title='PsychoPy', units='height', useFBO=True, useRetina=False, viewOri=0.0, viewPos=None, viewScale=None, waitBlanking=True, winType='pyglet')
7.9284 	EXP 	window1: backgroundImage = ''
7.9284 	EXP 	window1: backgroundFit = 'none'
8.0502 	EXP 	window1: Attempting to measure frame rate of screen (0) ...
8.0502 	EXP 	window1: recordFrameIntervals = False
8.1922 	EXP 	window1: recordFrameIntervals = True
8.3759 	EXP 	Screen (0) actual frame rate measured at 59.95Hz
8.3759 	EXP 	window1: recordFrameIntervals = False
11.9858 	INFO 	keyboard.Keyboard is using iohub backend.
11.9859 	INFO 	keyboard.Keyboard is using iohub backend.
11.9859 	INFO 	keyboard.Keyboard is using iohub backend.
12.1730 	INFO 	keyboard.Keyboard is using iohub backend.
12.1730 	INFO 	keyboard.Keyboard is using iohub backend.
12.1731 	INFO 	keyboard.Keyboard is using iohub backend.
12.1731 	INFO 	keyboard.Keyboard is using iohub backend.
12.1731 	EXP 	experiment: status = STARTED
12.5908 	EXP 	Created learningInstructions = TextStim(__class__=<class 'psychopy.visual.text.TextStim'>, alignHoriz=method-wrapper(...), alignText='center', alignVert=method-wrapper(...), anchorHoriz='center', anchorVert='center', antialias=True, autoDraw=False, autoLog=True, bold=False, color=array([1., 1., 1.]), colorSpace='rgb', contrast=1.0, depth=0.0, draggable=False, flipHoriz=False, flipVert=False, font='Arial', fontFiles=[], height=0.05, italic=False, languageStyle='LTR', name='learningInstructions', opacity=1, ori=0.0, pos=array([0., 0.]), rgb=UNKNOWN, text=str(...), units='height', win=Window(...), wrapWidth=1)
14.5020 	EXP 	Created text_left = TextStim(__class__=<class 'psychopy.visual.text.TextStim'>, alignHoriz=method-wrapper(...), alignText='center', alignVert=method-wrapper(...), anchorHoriz='center', anchorVert='center', antialias=True, autoDraw=False, autoLog=True, bold=False, color=array([1., 1., 1.]), colorSpace='rgb', contrast=1.0, depth=-1.0, draggable=False, flipHoriz=False, flipVert=False, font='Arial', fontFiles=[], height=0.05, italic=False, languageStyle='LTR', name='text_left', opacity=1, ori=0.0, pos=array([-0.25,  0.  ]), rgb=UNKNOWN, text="'joicate'", units='height', win=Window(...), wrapWidth=1)
14.5056 	EXP 	Created text_right = TextStim(__class__=<class 'psychopy.visual.text.TextStim'>, alignHoriz=method-wrapper(...), alignText='center', alignVert=method-wrapper(...), anchorHoriz='center', anchorVert='center', antialias=True, autoDraw=False, autoLog=True, bold=False, color=array([1., 1., 1.]), colorSpace='rgb', contrast=1.0, depth=-2.0, draggable=False, flipHoriz=False, flipVert=False, font='Arial', fontFiles=[], height=0.05, italic=False, languageStyle='LTR', name='text_right', opacity=1, ori=0.0, pos=array([0.25, 0.  ]), rgb=UNKNOWN, text="'pablize'", units='height', win=Window(...), wrapWidth=1)
14.7010 	EXP 	Sound correct set volume 1.000
14.7149 	EXP 	Created text = TextStim(__class__=<class 'psychopy.visual.text.TextStim'>, alignHoriz=method-wrapper(...), alignText='center', alignVert=method-wrapper(...), anchorHoriz='center', anchorVert='center', antialias=True, autoDraw=False, autoLog=True, bold=False, color=array([1., 1., 1.]), colorSpace='rgb', contrast=1.0, depth=0.0, draggable=False, flipHoriz=False, flipVert=False, font='Arial', fontFiles=[], height=0.05, italic=False, languageStyle='LTR', name='text', opacity=1, ori=0.0, pos=array([0., 0.]), rgb=UNKNOWN, text=str(...), units='height', win=Window(...), wrapWidth=1)
15.0084 	EXP 	Created left_text = TextStim(__class__=<class 'psychopy.visual.text.TextStim'>, alignHoriz=method-wrapper(...), alignText='center', alignVert=method-wrapper(...), anchorHoriz='center', anchorVert='center', antialias=True, autoDraw=False, autoLog=True, bold=False, color=array([1., 1., 1.]), colorSpace='rgb', contrast=1.0, depth=-1.0, draggable=False, flipHoriz=False, flipVert=False, font='Arial', fontFiles=[], height=0.05, italic=False, languageStyle='LTR', name='left_text', opacity=1, ori=0.0, pos=array([-0.25,  0.  ]), rgb=UNKNOWN, text="'barbul'", units='height', win=Window(...), wrapWidth=1)
15.0117 	EXP 	Created right_text = TextStim(__class__=<class 'psychopy.visual.text.TextStim'>, alignHoriz=method-wrapper(...), alignText='center', alignVert=method-wrapper(...), anchorHoriz='center', anchorVert='center', antialias=True, autoDraw=False, autoLog=True, bold=False, color=array([1., 1., 1.]), colorSpace='rgb', contrast=1.0, depth=-2.0, draggable=False, flipHoriz=False, flipVert=False, font='Arial', fontFiles=[], height=0.05, italic=False, languageStyle='LTR', name='right_text', opacity=1, ori=0.0, pos=array([0.25, 0.  ]), rgb=UNKNOWN, text="'joicate'", units='height', win=Window(...), wrapWidth=1)
15.3919 	EXP 	Created left_text_2 = TextStim(__class__=<class 'psychopy.visual.text.TextStim'>, alignHoriz=method-wrapper(...), alignText='center', alignVert=method-wrapper(...), anchorHoriz='center', anchorVert='center', antialias=True, autoDraw=False, autoLog=True, bold=False, color=array([1., 1., 1.]), colorSpace='rgb', contrast=1.0, depth=-1.0, draggable=False, flipHoriz=False, flipVert=False, font='Arial', fontFiles=[], height=0.05, italic=False, languageStyle='LTR', name='left_text_2', opacity=1, ori=0.0, pos=array([-0.25,  0.  ]), rgb=UNKNOWN, text="'joicate'", units='height', win=Window(...), wrapWidth=1)
15.3968 	EXP 	Created right_text_2 = TextStim(__class__=<class 'psychopy.visual.text.TextStim'>, alignHoriz=method-wrapper(...), alignText='center', alignVert=method-wrapper(...), anchorHoriz='center', anchorVert='center', antialias=True, autoDraw=False, autoLog=True, bold=False, color=array([1., 1., 1.]), colorSpace='rgb', contrast=1.0, depth=-2.0, draggable=False, flipHoriz=False, flipVert=False, font='Arial', fontFiles=[], height=0.05, italic=False, languageStyle='LTR', name='right_text_2', opacity=1, ori=0.0, pos=array([0.25, 0.  ]), rgb=UNKNOWN, text="'fremple'", units='height', win=Window(...), wrapWidth=1)
15.6299 	EXP 	Created left_text_3 = TextStim(__class__=<class 'psychopy.visual.text.TextStim'>, alignHoriz=method-wrapper(...), alignText='center', alignVert=method-wrapper(...), anchorHoriz='center', anchorVert='center', antialias=True, autoDraw=False, autoLog=True, bold=False, color=array([1., 1., 1.]), colorSpace='rgb', contrast=1.0, depth=-1.0, draggable=False, flipHoriz=False, flipVert=False, font='Arial', fontFiles=[], height=0.05, italic=False, languageStyle='LTR', name='left_text_3', opacity=1, ori=0.0, pos=array([-0.25,  0.  ]), rgb=UNKNOWN, text="'pablize'", units='height', win=Window(...), wrapWidth=1)
15.6333 	EXP 	Created right_text_3 = TextStim(__class__=<class 'psychopy.visual.text.TextStim'>, alignHoriz=method-wrapper(...), alignText='center', alignVert=method-wrapper(...), anchorHoriz='center', anchorVert='center', antialias=True, autoDraw=False, autoLog=True, bold=False, color=array([1., 1., 1.]), colorSpace='rgb', contrast=1.0, depth=-2.0, draggable=False, flipHoriz=False, flipVert=False, font='Arial', fontFiles=[], height=0.05, italic=False, languageStyle='LTR', name='right_text_3', opacity=1, ori=0.0, pos=array([0.25, 0.  ]), rgb=UNKNOWN, text="'joicate'", units='height', win=Window(...), wrapWidth=1)
15.6420 	EXP 	Created thanks = TextStim(__class__=<class 'psychopy.visual.text.TextStim'>, alignHoriz=method-wrapper(...), alignText='center', alignVert=method-wrapper(...), anchorHoriz='center', anchorVert='center', antialias=True, autoDraw=False, autoLog=True, bold=False, color=array([1., 1., 1.]), colorSpace='rgb', contrast=1.0, depth=0.0, draggable=False, flipHoriz=False, flipVert=False, font='Arial', fontFiles=[], height=0.05, italic=False, languageStyle='LTR', name='thanks', opacity=1, ori=0.0, pos=array([0., 0.]), rgb=UNKNOWN, text='Thank you for participating!\n\nAdd Survey', units='height', win=Window(...), wrapWidth=1)
0.0373 	EXP 	movie: autoLog = True
0.0373 	EXP 	test_movie: autoLog = True
0.0373 	EXP 	test_movie_2: autoLog = True
0.0373 	EXP 	test_movie_3: autoLog = True
0.0442 	INFO 	Keyboard events cleared
0.0428 	EXP 	learningInstructions: autoDraw = True
8.0968 	DATA 	Keypress: s
8.0984 	EXP 	learningInstructions: autoDraw = False
8.0984 	EXP 	movie: autoDraw = True
8.0984 	EXP 	text_left: autoDraw = True
8.0984 	EXP 	text_right: autoDraw = True
10.4356 	DATA 	Keypress: lwindows
10.4357 	DATA 	Keypress: lshift
10.5884 	DATA 	Keypress: s
13.0716 	INFO 	Keyboard events cleared
28.5573 	DATA 	Keypress: lwindows
28.5586 	DATA 	Keypress: lshift
28.6904 	DATA 	Keypress: s
36.4852 	DATA 	Keypress: lwindows
36.4853 	DATA 	Keypress: lshift
36.5782 	DATA 	Keypress: s
49.2081 	DATA 	Keypress: z
49.2099 	INFO 	Keyboard events cleared
49.2096 	EXP 	movie: autoDraw = False
49.2096 	EXP 	text_left: autoDraw = False
49.2096 	EXP 	text_right: autoDraw = False
49.2096 	EXP 	text: autoDraw = True
52.6390 	DATA 	Keypress: s
52.6412 	EXP 	text: autoDraw = False
52.6412 	EXP 	test_movie: autoDraw = True
52.6412 	EXP 	left_text: autoDraw = True
52.6412 	EXP 	right_text: autoDraw = True
57.5992 	INFO 	Keyboard events cleared
58.9366 	DATA 	Keypress: lwindows
58.9371 	DATA 	Keypress: lshift
59.0362 	DATA 	Keypress: s
68.6712 	DATA 	Keypress: lwindows
68.6712 	DATA 	Keypress: lshift
68.7696 	DATA 	Keypress: s
75.2178 	DATA 	Keypress: lwindows
75.2179 	DATA 	Keypress: lshift
75.3377 	DATA 	Keypress: s
79.5185 	DATA 	Keypress: lwindows
79.5193 	DATA 	Keypress: lshift
79.6131 	DATA 	Keypress: s
83.0359 	DATA 	Keypress: lwindows
83.0362 	DATA 	Keypress: lshift
83.1209 	DATA 	Keypress: s
85.9859 	DATA 	Keypress: lwindows
85.9860 	DATA 	Keypress: lshift
86.0603 	DATA 	Keypress: s
92.4046 	DATA 	Keypress: lwindows
92.4048 	DATA 	Keypress: lshift
92.4735 	DATA 	Keypress: s
95.6837 	DATA 	Keypress: lwindows
95.6844 	DATA 	Keypress: lshift
95.7504 	DATA 	Keypress: s
106.5439 	DATA 	Keypress: s
108.1966 	DATA 	Keypress: z
108.1994 	EXP 	test_movie: autoDraw = False
108.1994 	EXP 	left_text: autoDraw = False
108.1994 	EXP 	right_text: autoDraw = False
108.1994 	EXP 	test_movie_2: autoDraw = True
108.1994 	EXP 	left_text_2: autoDraw = True
108.1994 	EXP 	right_text_2: autoDraw = True
109.8851 	DATA 	Keypress: z
111.2360 	DATA 	Keypress: slash
113.1652 	INFO 	Keyboard events cleared
113.9604 	DATA 	Keypress: slash
113.9630 	EXP 	test_movie_2: autoDraw = False
113.9630 	EXP 	left_text_2: autoDraw = False
113.9630 	EXP 	right_text_2: autoDraw = False
113.9630 	EXP 	test_movie_3: autoDraw = True
113.9630 	EXP 	left_text_3: autoDraw = True
113.9630 	EXP 	right_text_3: autoDraw = True
118.9319 	INFO 	Keyboard events cleared
121.4504 	DATA 	Keypress: slash
121.4518 	EXP 	test_movie_3: autoDraw = False
121.4518 	EXP 	left_text_3: autoDraw = False
121.4518 	EXP 	right_text_3: autoDraw = False
121.4518 	EXP 	thanks: autoDraw = True
122.4647 	EXP 	thanks: autoDraw = False
122.4647 	EXP 	thanks: autoDraw = False
122.4648 	EXP 	experiment: status = STOPPED
122.4711 	INFO 	saved data to 'C:\\Users\\flani\\Experiment\\data/921412_experiment_2025-02-10_20h53.00.526.csv'
122.4717 	INFO 	saved data to C:\Users\flani\Experiment\data/921412_experiment_2025-02-10_20h53.00.526.psydat
