9.4267 	INFO 	Loaded monitor calibration from ['2025_01_27 21:32']
9.4359 	WARNING 	User requested fullscreen with size [1024  768], but screen is actually [1920, 1200]. Using actual size
11.1196 	EXP 	Created window1 = Window(allowGUI=False, allowStencil=False, autoLog=True, backendConf=UNKNOWN, backgroundFit=<method-wrapper '__getattribute__' of attributeSetter object at 0x00000211F6C7B160>, backgroundImage=<method-wrapper '__getattribute__' of attributeSetter object at 0x00000211F6C7B100>, bitsMode=UNKNOWN, blendMode='avg', bpc=(8, 8, 8), color=array([0, 0, 0]), colorSpace='rgb', depthBits=8, fullscr=True, gamma=None, gammaErrorPolicy='raise', infoMsg=UNKNOWN, lms=UNKNOWN, monitor=<psychopy.monitors.calibTools.Monitor object at 0x00000211F6D45D80>, multiSample=False, name='window1', numSamples=2, pos=[0.0, 0.0], screen=0, size=array([1920, 1200]), stencilBits=0, stereo=False, title='PsychoPy', units='height', useFBO=True, useRetina=False, viewOri=0.0, viewPos=None, viewScale=None, waitBlanking=True, winType='pyglet')
11.1197 	EXP 	window1: backgroundImage = ''
11.1197 	EXP 	window1: backgroundFit = 'none'
11.3527 	EXP 	window1: Attempting to measure frame rate of screen (0) ...
11.3527 	EXP 	window1: recordFrameIntervals = False
11.5227 	EXP 	window1: recordFrameIntervals = True
11.6222 	WARNING 	t of last frame was 32.85ms (=1/30)
11.8063 	EXP 	Screen (0) actual frame rate measured at 60.00Hz
11.8064 	EXP 	window1: recordFrameIntervals = False
16.1192 	INFO 	keyboard.Keyboard is using iohub backend.
16.1193 	INFO 	keyboard.Keyboard is using iohub backend.
16.1194 	INFO 	keyboard.Keyboard is using iohub backend.
16.3778 	INFO 	keyboard.Keyboard is using iohub backend.
16.3778 	INFO 	keyboard.Keyboard is using iohub backend.
16.3779 	INFO 	keyboard.Keyboard is using iohub backend.
16.3779 	INFO 	keyboard.Keyboard is using iohub backend.
16.3779 	EXP 	experiment: status = STARTED
16.7955 	EXP 	Created learningInstructions = TextStim(__class__=<class 'psychopy.visual.text.TextStim'>, alignHoriz=method-wrapper(...), alignText='center', alignVert=method-wrapper(...), anchorHoriz='center', anchorVert='center', antialias=True, autoDraw=False, autoLog=True, bold=False, color=array([1., 1., 1.]), colorSpace='rgb', contrast=1.0, depth=0.0, draggable=False, flipHoriz=False, flipVert=False, font='Arial', fontFiles=[], height=0.05, italic=False, languageStyle='LTR', name='learningInstructions', opacity=1, ori=0.0, pos=array([0., 0.]), rgb=UNKNOWN, text=str(...), units='height', win=Window(...), wrapWidth=1)
18.0953 	EXP 	Created text_left = TextStim(__class__=<class 'psychopy.visual.text.TextStim'>, alignHoriz=method-wrapper(...), alignText='center', alignVert=method-wrapper(...), anchorHoriz='center', anchorVert='center', antialias=True, autoDraw=False, autoLog=True, bold=False, color=array([1., 1., 1.]), colorSpace='rgb', contrast=1.0, depth=-1.0, draggable=False, flipHoriz=False, flipVert=False, font='Arial', fontFiles=[], height=0.05, italic=False, languageStyle='LTR', name='text_left', opacity=1, ori=0.0, pos=array([-0.25,  0.  ]), rgb=UNKNOWN, text="'traimin'", units='height', win=Window(...), wrapWidth=1)
18.0976 	EXP 	Created text_right = TextStim(__class__=<class 'psychopy.visual.text.TextStim'>, alignHoriz=method-wrapper(...), alignText='center', alignVert=method-wrapper(...), anchorHoriz='center', anchorVert='center', antialias=True, autoDraw=False, autoLog=True, bold=False, color=array([1., 1., 1.]), colorSpace='rgb', contrast=1.0, depth=-2.0, draggable=False, flipHoriz=False, flipVert=False, font='Arial', fontFiles=[], height=0.05, italic=False, languageStyle='LTR', name='text_right', opacity=1, ori=0.0, pos=array([0.25, 0.  ]), rgb=UNKNOWN, text="'pablize'", units='height', win=Window(...), wrapWidth=1)
18.3347 	EXP 	Sound correct set volume 1.000
18.3533 	EXP 	Created text = TextStim(__class__=<class 'psychopy.visual.text.TextStim'>, alignHoriz=method-wrapper(...), alignText='center', alignVert=method-wrapper(...), anchorHoriz='center', anchorVert='center', antialias=True, autoDraw=False, autoLog=True, bold=False, color=array([1., 1., 1.]), colorSpace='rgb', contrast=1.0, depth=0.0, draggable=False, flipHoriz=False, flipVert=False, font='Arial', fontFiles=[], height=0.05, italic=False, languageStyle='LTR', name='text', opacity=1, ori=0.0, pos=array([0., 0.]), rgb=UNKNOWN, text=str(...), units='height', win=Window(...), wrapWidth=1)
18.4775 	EXP 	Created left_text = TextStim(__class__=<class 'psychopy.visual.text.TextStim'>, alignHoriz=method-wrapper(...), alignText='center', alignVert=method-wrapper(...), anchorHoriz='center', anchorVert='center', antialias=True, autoDraw=False, autoLog=True, bold=False, color=array([1., 1., 1.]), colorSpace='rgb', contrast=1.0, depth=-1.0, draggable=False, flipHoriz=False, flipVert=False, font='Arial', fontFiles=[], height=0.05, italic=False, languageStyle='LTR', name='left_text', opacity=1, ori=0.0, pos=array([-0.25,  0.  ]), rgb=UNKNOWN, text="'barbul'", units='height', win=Window(...), wrapWidth=1)
18.4796 	EXP 	Created right_text = TextStim(__class__=<class 'psychopy.visual.text.TextStim'>, alignHoriz=method-wrapper(...), alignText='center', alignVert=method-wrapper(...), anchorHoriz='center', anchorVert='center', antialias=True, autoDraw=False, autoLog=True, bold=False, color=array([1., 1., 1.]), colorSpace='rgb', contrast=1.0, depth=-2.0, draggable=False, flipHoriz=False, flipVert=False, font='Arial', fontFiles=[], height=0.05, italic=False, languageStyle='LTR', name='right_text', opacity=1, ori=0.0, pos=array([0.25, 0.  ]), rgb=UNKNOWN, text="'traimin'", units='height', win=Window(...), wrapWidth=1)
18.6409 	EXP 	Created left_text_2 = TextStim(__class__=<class 'psychopy.visual.text.TextStim'>, alignHoriz=method-wrapper(...), alignText='center', alignVert=method-wrapper(...), anchorHoriz='center', anchorVert='center', antialias=True, autoDraw=False, autoLog=True, bold=False, color=array([1., 1., 1.]), colorSpace='rgb', contrast=1.0, depth=-1.0, draggable=False, flipHoriz=False, flipVert=False, font='Arial', fontFiles=[], height=0.05, italic=False, languageStyle='LTR', name='left_text_2', opacity=1, ori=0.0, pos=array([-0.25,  0.  ]), rgb=UNKNOWN, text="'joicate'", units='height', win=Window(...), wrapWidth=1)
18.6434 	EXP 	Created right_text_2 = TextStim(__class__=<class 'psychopy.visual.text.TextStim'>, alignHoriz=method-wrapper(...), alignText='center', alignVert=method-wrapper(...), anchorHoriz='center', anchorVert='center', antialias=True, autoDraw=False, autoLog=True, bold=False, color=array([1., 1., 1.]), colorSpace='rgb', contrast=1.0, depth=-2.0, draggable=False, flipHoriz=False, flipVert=False, font='Arial', fontFiles=[], height=0.05, italic=False, languageStyle='LTR', name='right_text_2', opacity=1, ori=0.0, pos=array([0.25, 0.  ]), rgb=UNKNOWN, text="'fremple'", units='height', win=Window(...), wrapWidth=1)
18.7907 	EXP 	Created left_text_3 = TextStim(__class__=<class 'psychopy.visual.text.TextStim'>, alignHoriz=method-wrapper(...), alignText='center', alignVert=method-wrapper(...), anchorHoriz='center', anchorVert='center', antialias=True, autoDraw=False, autoLog=True, bold=False, color=array([1., 1., 1.]), colorSpace='rgb', contrast=1.0, depth=-1.0, draggable=False, flipHoriz=False, flipVert=False, font='Arial', fontFiles=[], height=0.05, italic=False, languageStyle='LTR', name='left_text_3', opacity=1, ori=0.0, pos=array([-0.25,  0.  ]), rgb=UNKNOWN, text="'pablize'", units='height', win=Window(...), wrapWidth=1)
18.7942 	EXP 	Created right_text_3 = TextStim(__class__=<class 'psychopy.visual.text.TextStim'>, alignHoriz=method-wrapper(...), alignText='center', alignVert=method-wrapper(...), anchorHoriz='center', anchorVert='center', antialias=True, autoDraw=False, autoLog=True, bold=False, color=array([1., 1., 1.]), colorSpace='rgb', contrast=1.0, depth=-2.0, draggable=False, flipHoriz=False, flipVert=False, font='Arial', fontFiles=[], height=0.05, italic=False, languageStyle='LTR', name='right_text_3', opacity=1, ori=0.0, pos=array([0.25, 0.  ]), rgb=UNKNOWN, text="'joicate'", units='height', win=Window(...), wrapWidth=1)
18.8021 	EXP 	Created thanks = TextStim(__class__=<class 'psychopy.visual.text.TextStim'>, alignHoriz=method-wrapper(...), alignText='center', alignVert=method-wrapper(...), anchorHoriz='center', anchorVert='center', antialias=True, autoDraw=False, autoLog=True, bold=False, color=array([1., 1., 1.]), colorSpace='rgb', contrast=1.0, depth=0.0, draggable=False, flipHoriz=False, flipVert=False, font='Arial', fontFiles=[], height=0.05, italic=False, languageStyle='LTR', name='thanks', opacity=1, ori=0.0, pos=array([0., 0.]), rgb=UNKNOWN, text='Thank you for participating!\n\nAdd Survey', units='height', win=Window(...), wrapWidth=1)
0.0017 	EXP 	movie: autoLog = True
0.0017 	EXP 	test_movie: autoLog = True
0.0017 	EXP 	test_movie_2: autoLog = True
0.0017 	EXP 	test_movie_3: autoLog = True
0.0110 	INFO 	Keyboard events cleared
0.0105 	EXP 	learningInstructions: autoDraw = True
2.0337 	DATA 	Keypress: s
2.0350 	EXP 	learningInstructions: autoDraw = False
2.0350 	EXP 	movie: autoDraw = True
2.0350 	EXP 	text_left: autoDraw = True
2.0350 	EXP 	text_right: autoDraw = True
5.7602 	DATA 	Keypress: lwindows
5.7604 	DATA 	Keypress: lshift
5.9069 	DATA 	Keypress: s
7.0241 	INFO 	Keyboard events cleared
15.3729 	DATA 	Keypress: lwindows
15.3730 	DATA 	Keypress: lshift
15.4814 	DATA 	Keypress: s
24.3411 	DATA 	Keypress: lwindows
24.3413 	DATA 	Keypress: lshift
24.4423 	DATA 	Keypress: s
29.6780 	DATA 	Keypress: lwindows
29.6783 	DATA 	Keypress: lshift
29.7612 	DATA 	Keypress: s
36.5318 	DATA 	Keypress: slash
36.5354 	INFO 	Keyboard events cleared
36.5350 	EXP 	movie: autoDraw = False
36.5350 	EXP 	text_left: autoDraw = False
36.5350 	EXP 	text_right: autoDraw = False
36.5350 	EXP 	text: autoDraw = True
37.8396 	DATA 	Keypress: slash
39.3844 	DATA 	Keypress: s
39.3862 	EXP 	text: autoDraw = False
39.3862 	EXP 	test_movie: autoDraw = True
39.3862 	EXP 	left_text: autoDraw = True
39.3862 	EXP 	right_text: autoDraw = True
41.0252 	DATA 	Keypress: lwindows
41.0255 	DATA 	Keypress: lshift
41.1392 	DATA 	Keypress: s
44.3532 	INFO 	Keyboard events cleared
51.2916 	DATA 	Keypress: lwindows
51.2917 	DATA 	Keypress: lshift
51.3782 	DATA 	Keypress: s
64.5731 	DATA 	Keypress: s
65.1094 	DATA 	Keypress: z
65.1150 	EXP 	test_movie: autoDraw = False
65.1150 	EXP 	left_text: autoDraw = False
65.1150 	EXP 	right_text: autoDraw = False
65.1150 	EXP 	test_movie_2: autoDraw = True
65.1150 	EXP 	left_text_2: autoDraw = True
65.1150 	EXP 	right_text_2: autoDraw = True
67.2553 	DATA 	Keypress: slash
67.7090 	DATA 	Keypress: slash
70.0860 	INFO 	Keyboard events cleared
71.0982 	DATA 	Keypress: slash
71.0995 	EXP 	test_movie_2: autoDraw = False
71.0995 	EXP 	left_text_2: autoDraw = False
71.0995 	EXP 	right_text_2: autoDraw = False
71.0995 	EXP 	test_movie_3: autoDraw = True
71.0995 	EXP 	left_text_3: autoDraw = True
71.0995 	EXP 	right_text_3: autoDraw = True
72.4058 	DATA 	Keypress: slash
75.9078 	DATA 	Keypress: slash
76.0863 	INFO 	Keyboard events cleared
76.6066 	DATA 	Keypress: slash
76.6078 	EXP 	test_movie_3: autoDraw = False
76.6078 	EXP 	left_text_3: autoDraw = False
76.6078 	EXP 	right_text_3: autoDraw = False
76.6078 	EXP 	thanks: autoDraw = True
77.4584 	DATA 	Keypress: slash
77.6190 	EXP 	thanks: autoDraw = False
77.6190 	EXP 	thanks: autoDraw = False
77.6192 	EXP 	experiment: status = STOPPED
77.6512 	INFO 	saved data to 'C:\\Users\\flani\\Experiment\\data/959642_experiment_2025-02-12_20h23.08.041.csv'
77.6521 	INFO 	saved data to C:\Users\flani\Experiment\data/959642_experiment_2025-02-12_20h23.08.041.psydat
