5.0510 	DEBUG 	Fullscreen settings ignored as running in pilot mode.
5.0522 	INFO 	Loaded monitor calibration from ['2025_01_27 21:32']
5.4120 	EXP 	Created window1 = Window(allowGUI=False, allowStencil=True, autoLog=True, backendConf=UNKNOWN, backgroundFit=<method-wrapper '__getattribute__' of attributeSetter object at 0x000002C38AF6B700>, backgroundImage=<method-wrapper '__getattribute__' of attributeSetter object at 0x000002C38AF6B760>, bitsMode=UNKNOWN, blendMode='avg', bpc=(8, 8, 8), color=array([0, 0, 0]), colorSpace='rgb', depthBits=8, fullscr=False, gamma=None, gammaErrorPolicy='raise', infoMsg=UNKNOWN, lms=UNKNOWN, monitor=<psychopy.monitors.calibTools.Monitor object at 0x000002C38AFFCCD0>, multiSample=False, name='window1', numSamples=2, pos=[560.0, 300.0], screen=0, size=array([800, 600]), stencilBits=8, stereo=False, title='PsychoPy', units='height', useFBO=True, useRetina=False, viewOri=0.0, viewPos=None, viewScale=None, waitBlanking=True, winType='pyglet')
5.4120 	EXP 	window1: backgroundImage = ''
5.4120 	EXP 	window1: backgroundFit = 'none'
5.4198 	DEBUG 	TextBox2 loaded 1 chars with 0 blanks and 1 valid
5.4205 	DEBUG 	TextBox2 loaded 1 chars with 0 blanks and 1 valid
5.4211 	DEBUG 	TextBox2 loaded 1 chars with 0 blanks and 1 valid
5.4218 	DEBUG 	TextBox2 loaded 1 chars with 0 blanks and 1 valid
5.4226 	DEBUG 	TextBox2 loaded 1 chars with 0 blanks and 1 valid
5.4230 	DEBUG 	TextBox2 loaded 1 chars with 0 blanks and 1 valid
5.4236 	DEBUG 	TextBox2 loaded 1 chars with 0 blanks and 1 valid
5.4244 	DEBUG 	TextBox2 loaded 1 chars with 0 blanks and 1 valid
5.4247 	DEBUG 	TextBox2 loaded 1 chars with 0 blanks and 1 valid
5.4250 	DEBUG 	TextBox2 loaded 1 chars with 0 blanks and 1 valid
5.4256 	DEBUG 	TextBox2 loaded 1 chars with 0 blanks and 1 valid
5.4261 	DEBUG 	TextBox2 loaded 1 chars with 0 blanks and 1 valid
5.4267 	DEBUG 	TextBox2 loaded 1 chars with 0 blanks and 1 valid
5.4273 	DEBUG 	TextBox2 loaded 1 chars with 0 blanks and 1 valid
5.4278 	DEBUG 	TextBox2 loaded 1 chars with 0 blanks and 1 valid
5.4284 	DEBUG 	TextBox2 loaded 1 chars with 0 blanks and 1 valid
5.4290 	DEBUG 	TextBox2 loaded 1 chars with 0 blanks and 1 valid
5.4294 	DEBUG 	TextBox2 loaded 1 chars with 0 blanks and 1 valid
5.4298 	DEBUG 	TextBox2 loaded 1 chars with 0 blanks and 1 valid
5.4305 	DEBUG 	TextBox2 loaded 1 chars with 0 blanks and 1 valid
5.4309 	DEBUG 	TextBox2 loaded 1 chars with 0 blanks and 1 valid
5.4312 	DEBUG 	Uploading Texture Font fontname to graphics card
5.4452 	DEBUG 	Upload of Texture Font fontname complete
5.4509 	DEBUG 	TextBox2 loaded 1 chars with 0 blanks and 1 valid
5.4518 	DEBUG 	TextBox2 loaded 1 chars with 0 blanks and 1 valid
5.4525 	DEBUG 	TextBox2 loaded 1 chars with 0 blanks and 1 valid
5.4527 	DEBUG 	Uploading Texture Font fontname to graphics card
5.4743 	DEBUG 	Upload of Texture Font fontname complete
5.4761 	EXP 	window1: Attempting to measure frame rate of screen (0) ...
5.4761 	EXP 	window1: recordFrameIntervals = False
5.6599 	EXP 	window1: recordFrameIntervals = True
5.7794 	WARNING 	t of last frame was 20.41ms (=1/48)
5.9927 	EXP 	Screen (0) actual frame rate measured at 60.80Hz
5.9928 	EXP 	window1: recordFrameIntervals = False
6.0025 	DEBUG 	TextBox2 loaded 1 chars with 0 blanks and 1 valid
6.0034 	DEBUG 	TextBox2 loaded 1 chars with 0 blanks and 1 valid
6.0046 	DEBUG 	TextBox2 loaded 1 chars with 0 blanks and 1 valid
6.0067 	DEBUG 	TextBox2 loaded 1 chars with 0 blanks and 1 valid
6.0081 	DEBUG 	TextBox2 loaded 1 chars with 0 blanks and 1 valid
6.0092 	DEBUG 	TextBox2 loaded 1 chars with 0 blanks and 1 valid
6.0098 	DEBUG 	TextBox2 loaded 1 chars with 0 blanks and 1 valid
6.0107 	DEBUG 	TextBox2 loaded 1 chars with 0 blanks and 1 valid
6.0116 	DEBUG 	TextBox2 loaded 1 chars with 0 blanks and 1 valid
6.0125 	DEBUG 	TextBox2 loaded 1 chars with 0 blanks and 1 valid
6.0136 	DEBUG 	Uploading Texture Font fontname to graphics card
6.0141 	DEBUG 	Upload of Texture Font fontname complete
6.0282 	WARNING 	launchHubServer: If using the iohub mouse or eyetracker devices, fullScr should be True.
8.5302 	INFO 	keyboard.Keyboard is using iohub backend.
8.5303 	INFO 	keyboard.Keyboard is using iohub backend.
8.5303 	EXP 	norming: status = STARTED
8.5915 	DEBUG 	Saving data for norming ExperimentHandler
8.5923 	INFO 	saved data to C:\Users\flani\Experiment\data/970248_norming_2025-03-12_12h09.57.568.psydat
8.5929 	INFO 	saved data to 'C:\\Users\\flani\\Experiment\\data/970248_norming_2025-03-12_12h09.57.568.csv'
